
==================================================
📊 简化消融实验结果汇总
==================================================
 Fold  Gene_C_Index  Fusion_C_Index
    0      0.392857        0.714286
    1      0.960000        1.000000
    2      1.000000        0.918367
    3      0.870968        0.967742
    4      0.666667        0.925926
==================================================

🎯 平均 C-Index:
   Gene Only: 0.7781
   Fusion:     0.9053

📈 Fusion 相对于 Gene Only: +16.34%

📁 结果: results/ablation/coadread/final_comparison.csv
==================================================

==================================================
📊 简化消融实验结果汇总
==================================================
 Fold  Gene_C_Index  Fusion_C_Index
    0      0.392857        0.714286
    1      0.960000        1.000000
    2      1.000000        0.918367
    3      0.870968        0.967742
    4      0.666667        0.925926
==================================================

🎯 平均 C-Index:
   Gene Only: 0.7781
   Fusion:     0.9053

📈 Fusion 相对于 Gene Only: +16.34%

📁 结果: results/ablation/coadread/final_comparison.csv
==================================================

==================================================
📊 简化消融实验结果汇总
==================================================
 Fold  Gene_C_Index  Fusion_C_Index
    0      0.785714        0.857143
    1      0.960000        1.000000
    2      0.693878        1.000000
    3      0.935484        0.935484
    4      0.962963        0.888889
==================================================

🎯 平均 C-Index:
   Gene Only: 0.8676
   Fusion:     0.9363

📈 Fusion 相对于 Gene Only: +7.92%

📁 结果: results/ablation/coadread/final_comparison.csv
==================================================
