
==================================================
📊 简化消融实验结果汇总
==================================================
 Fold  Gene_C_Index  Fusion_C_Index
    0      0.671988        0.722787
    1      0.562691        0.602446
    2      0.625190        0.610015
    3      0.646628        0.718475
    4      0.716981        0.735849
==================================================

🎯 平均 C-Index:
   Gene Only: 0.6447
   Fusion:     0.6779

📈 Fusion 相对于 Gene Only: +5.15%

📁 结果: results/ablation/blca/final_comparison.csv
==================================================

==================================================
📊 简化消融实验结果汇总
==================================================
 Fold  Gene_C_Index  Fusion_C_Index
    0      0.671988        0.722787
    1      0.562691        0.602446
    2      0.625190        0.610015
    3      0.646628        0.718475
    4      0.716981        0.735849
==================================================

🎯 平均 C-Index:
   Gene Only: 0.6447
   Fusion:     0.6779

📈 Fusion 相对于 Gene Only: +5.15%

📁 结果: results/ablation/blca/final_comparison.csv
==================================================

==================================================
📊 简化消融实验结果汇总
==================================================
 Fold  Gene_C_Index  Fusion_C_Index
    0      0.671988        0.722787
    1      0.562691        0.602446
    2      0.625190        0.610015
    3      0.646628        0.718475
    4      0.716981        0.735849
==================================================

🎯 平均 C-Index:
   Gene Only: 0.6447
   Fusion:     0.6779

📈 Fusion 相对于 Gene Only: +5.15%

📁 结果: results/ablation/blca/final_comparison.csv
==================================================

==================================================
📊 简化消融实验结果汇总
==================================================
 Fold  Gene_C_Index  Fusion_C_Index
    0      0.671988        0.722787
    1      0.562691        0.602446
    2      0.625190        0.610015
    3      0.646628        0.718475
    4      0.716981        0.735849
==================================================

🎯 平均 C-Index:
   Gene Only: 0.6447
   Fusion:     0.6779

📈 Fusion 相对于 Gene Only: +5.15%

📁 结果: results/ablation/blca/final_comparison.csv
==================================================

==================================================
📊 简化消融实验结果汇总
==================================================
 Fold  Gene_C_Index  Fusion_C_Index
    0           NaN             NaN
    1           NaN             NaN
    2           NaN             NaN
    3           NaN             NaN
    4           NaN             NaN
==================================================

🎯 平均 C-Index:
   Gene Only: nan
   Fusion:     nan

📁 结果: results/ablation/blca/final_comparison.csv
==================================================

==================================================
📊 简化消融实验结果汇总
==================================================
 Fold  Gene_C_Index  Fusion_C_Index
    0           NaN             NaN
    1           NaN             NaN
    2           NaN             NaN
    3           NaN             NaN
    4           NaN             NaN
==================================================

🎯 平均 C-Index:
   Gene Only: nan
   Fusion:     nan

📁 结果: results/ablation/blca/final_comparison.csv
==================================================

==================================================
📊 简化消融实验结果汇总
==================================================
 Fold  Gene_C_Index  Fusion_C_Index
    0      0.660494        0.574074
    1           NaN             NaN
    2      0.735294        0.529412
    3      0.517647        0.470588
    4      0.473282        0.854962
==================================================

🎯 平均 C-Index:
   Gene Only: 0.5967
   Fusion:     0.6073

📈 Fusion 相对于 Gene Only: +1.77%

📁 结果: results/ablation/blca/final_comparison.csv
==================================================
