nohup: ignoring input
========================================================
🚀 [Start] Tue 27 Jan 2026 10:53:55 PM CST 正在启动: blca (Gene vs Text vs Fusion)
========================================================
🚀 开始多模态消融实验: blca
==============================================
==============================================
🧬 Gene Only (仅基因)
==============================================
  └─ 启动 Fold 0... (日志: results/ablation/blca/gene/fold_0/training.log)
  └─ 启动 Fold 1... (日志: results/ablation/blca/gene/fold_1/training.log)
  └─ 启动 Fold 2... (日志: results/ablation/blca/gene/fold_2/training.log)
  └─ 启动 Fold 3... (日志: results/ablation/blca/gene/fold_3/training.log)
  └─ 达到最大并发数 4，等待任务完成...
  └─ 任务完成，继续启动下一批
  └─ 启动 Fold 4... (日志: results/ablation/blca/gene/fold_4/training.log)
  └─ 等待剩余 1 个任务完成...
  └─ Gene Only (仅基因) 所有 Fold 完成

📊 汇总 Gene Only 结果...
📁 搜索结果目录: ${ABLRESULTS_DIR}/gene
❌ 错误: 没有任何折的结果文件可用
  └─ 汇总完成: results/ablation/blca/gene/summary.csv
==============================================
🧬 Text Only (仅文本)
==============================================
  └─ 启动 Fold 0... (日志: results/ablation/blca/text/fold_0/training.log)
  └─ 启动 Fold 1... (日志: results/ablation/blca/text/fold_1/training.log)
  └─ 启动 Fold 2... (日志: results/ablation/blca/text/fold_2/training.log)
  └─ 启动 Fold 3... (日志: results/ablation/blca/text/fold_3/training.log)
  └─ 达到最大并发数 4，等待任务完成...
  └─ 任务完成，继续启动下一批
  └─ 启动 Fold 4... (日志: results/ablation/blca/text/fold_4/training.log)
  └─ 等待剩余 1 个任务完成...
  └─ Text Only (仅文本) 所有 Fold 完成

📊 汇总 Text Only 结果...
📁 搜索结果目录: ${ABLRESULTS_DIR}/text
❌ 错误: 没有任何折的结果文件可用
  └─ 汇总完成: results/ablation/blca/text/summary.csv
==============================================
🧬 Fusion (多模态融合)
==============================================
  └─ 启动 Fold 0... (日志: results/ablation/blca/fusion/fold_0/training.log)
  └─ 启动 Fold 1... (日志: results/ablation/blca/fusion/fold_1/training.log)
  └─ 启动 Fold 2... (日志: results/ablation/blca/fusion/fold_2/training.log)
  └─ 启动 Fold 3... (日志: results/ablation/blca/fusion/fold_3/training.log)
  └─ 达到最大并发数 4，等待任务完成...
  └─ 任务完成，继续启动下一批
  └─ 启动 Fold 4... (日志: results/ablation/blca/fusion/fold_4/training.log)
  └─ 等待剩余 1 个任务完成...
  └─ Fusion (多模态融合) 所有 Fold 完成

📊 汇总 Fusion 结果...
📁 搜索结果目录: ${ABLRESULTS_DIR}/fusion
❌ 错误: 没有任何折的结果文件可用
  └─ 汇总完成: results/ablation/blca/fusion/summary.csv

==============================================
📈 生成最终对比表格
==============================================
📊 读取各模式汇总结果...
  ⚠️  Gene Only: results/ablation/${STUDY}/gene/summary.csv 不存在
  ⚠️  Text Only: results/ablation/${STUDY}/text/summary.csv 不存在
  ⚠️  Fusion: results/ablation/${STUDY}/fusion/summary.csv 不存在

📊 构建对比表格 (共 0 折)...
Traceback (most recent call last):
  File "<stdin>", line 88, in <module>
  File "/root/miniconda3/envs/causal/lib/python3.8/site-packages/pandas/core/frame.py", line 3761, in __getitem__
    indexer = self.columns.get_loc(key)
  File "/root/miniconda3/envs/causal/lib/python3.8/site-packages/pandas/core/indexes/range.py", line 349, in get_loc
    raise KeyError(key)
KeyError: 'Gene_C_Index'

✅ 消融实验完成！
==============================================
📁 结果目录: results/ablation/blca
📊 对比表格: results/ablation/blca/final_comparison.csv
⚡ 并行任务数: 4
==============================================
✅ [End] Wed 28 Jan 2026 01:54:44 AM CST blca 完成！
--------------------------------------------------------

========================================================
🚀 [Start] Wed 28 Jan 2026 01:54:44 AM CST 正在启动: brca (Gene vs Text vs Fusion)
========================================================
🚀 开始多模态消融实验: brca
==============================================
==============================================
🧬 Gene Only (仅基因)
==============================================
  └─ 启动 Fold 0... (日志: results/ablation/brca/gene/fold_0/training.log)
  └─ 启动 Fold 1... (日志: results/ablation/brca/gene/fold_1/training.log)
  └─ 启动 Fold 2... (日志: results/ablation/brca/gene/fold_2/training.log)
  └─ 启动 Fold 3... (日志: results/ablation/brca/gene/fold_3/training.log)
  └─ 达到最大并发数 4，等待任务完成...
  └─ 任务完成，继续启动下一批
  └─ 启动 Fold 4... (日志: results/ablation/brca/gene/fold_4/training.log)
  └─ 等待剩余 1 个任务完成...
  └─ Gene Only (仅基因) 所有 Fold 完成

📊 汇总 Gene Only 结果...
📁 搜索结果目录: ${ABLRESULTS_DIR}/gene
❌ 错误: 没有任何折的结果文件可用
  └─ 汇总完成: results/ablation/brca/gene/summary.csv
==============================================
🧬 Text Only (仅文本)
==============================================
  └─ 启动 Fold 0... (日志: results/ablation/brca/text/fold_0/training.log)
  └─ 启动 Fold 1... (日志: results/ablation/brca/text/fold_1/training.log)
  └─ 启动 Fold 2... (日志: results/ablation/brca/text/fold_2/training.log)
  └─ 启动 Fold 3... (日志: results/ablation/brca/text/fold_3/training.log)
  └─ 达到最大并发数 4，等待任务完成...
  └─ 任务完成，继续启动下一批
  └─ 启动 Fold 4... (日志: results/ablation/brca/text/fold_4/training.log)
  └─ 等待剩余 1 个任务完成...
  └─ Text Only (仅文本) 所有 Fold 完成

📊 汇总 Text Only 结果...
📁 搜索结果目录: ${ABLRESULTS_DIR}/text
❌ 错误: 没有任何折的结果文件可用
  └─ 汇总完成: results/ablation/brca/text/summary.csv
==============================================
🧬 Fusion (多模态融合)
==============================================
  └─ 启动 Fold 0... (日志: results/ablation/brca/fusion/fold_0/training.log)
  └─ 启动 Fold 1... (日志: results/ablation/brca/fusion/fold_1/training.log)
  └─ 启动 Fold 2... (日志: results/ablation/brca/fusion/fold_2/training.log)
  └─ 启动 Fold 3... (日志: results/ablation/brca/fusion/fold_3/training.log)
  └─ 达到最大并发数 4，等待任务完成...
  └─ 任务完成，继续启动下一批
  └─ 启动 Fold 4... (日志: results/ablation/brca/fusion/fold_4/training.log)
  └─ 等待剩余 1 个任务完成...
  └─ Fusion (多模态融合) 所有 Fold 完成

📊 汇总 Fusion 结果...
📁 搜索结果目录: ${ABLRESULTS_DIR}/fusion
❌ 错误: 没有任何折的结果文件可用
  └─ 汇总完成: results/ablation/brca/fusion/summary.csv

==============================================
📈 生成最终对比表格
==============================================
📊 读取各模式汇总结果...
  ⚠️  Gene Only: results/ablation/${STUDY}/gene/summary.csv 不存在
  ⚠️  Text Only: results/ablation/${STUDY}/text/summary.csv 不存在
  ⚠️  Fusion: results/ablation/${STUDY}/fusion/summary.csv 不存在

📊 构建对比表格 (共 0 折)...
Traceback (most recent call last):
  File "<stdin>", line 88, in <module>
  File "/root/miniconda3/envs/causal/lib/python3.8/site-packages/pandas/core/frame.py", line 3761, in __getitem__
    indexer = self.columns.get_loc(key)
  File "/root/miniconda3/envs/causal/lib/python3.8/site-packages/pandas/core/indexes/range.py", line 349, in get_loc
    raise KeyError(key)
KeyError: 'Gene_C_Index'

✅ 消融实验完成！
==============================================
📁 结果目录: results/ablation/brca
📊 对比表格: results/ablation/brca/final_comparison.csv
⚡ 并行任务数: 4
==============================================
✅ [End] Wed 28 Jan 2026 07:29:24 AM CST brca 完成！
--------------------------------------------------------

========================================================
🚀 [Start] Wed 28 Jan 2026 07:29:24 AM CST 正在启动: coadread (Gene vs Text vs Fusion)
========================================================
🚀 开始多模态消融实验: coadread
==============================================
==============================================
🧬 Gene Only (仅基因)
==============================================
  └─ 启动 Fold 0... (日志: results/ablation/coadread/gene/fold_0/training.log)
  └─ 启动 Fold 1... (日志: results/ablation/coadread/gene/fold_1/training.log)
  └─ 启动 Fold 2... (日志: results/ablation/coadread/gene/fold_2/training.log)
  └─ 启动 Fold 3... (日志: results/ablation/coadread/gene/fold_3/training.log)
  └─ 达到最大并发数 4，等待任务完成...
  └─ 任务完成，继续启动下一批
  └─ 启动 Fold 4... (日志: results/ablation/coadread/gene/fold_4/training.log)
  └─ 等待剩余 1 个任务完成...
  └─ Gene Only (仅基因) 所有 Fold 完成

📊 汇总 Gene Only 结果...
📁 搜索结果目录: ${ABLRESULTS_DIR}/gene
❌ 错误: 没有任何折的结果文件可用
  └─ 汇总完成: results/ablation/coadread/gene/summary.csv
==============================================
🧬 Text Only (仅文本)
==============================================
  └─ 启动 Fold 0... (日志: results/ablation/coadread/text/fold_0/training.log)
  └─ 启动 Fold 1... (日志: results/ablation/coadread/text/fold_1/training.log)
  └─ 启动 Fold 2... (日志: results/ablation/coadread/text/fold_2/training.log)
  └─ 启动 Fold 3... (日志: results/ablation/coadread/text/fold_3/training.log)
  └─ 达到最大并发数 4，等待任务完成...
  └─ 任务完成，继续启动下一批
  └─ 启动 Fold 4... (日志: results/ablation/coadread/text/fold_4/training.log)
  └─ 等待剩余 1 个任务完成...
  └─ Text Only (仅文本) 所有 Fold 完成

📊 汇总 Text Only 结果...
📁 搜索结果目录: ${ABLRESULTS_DIR}/text
❌ 错误: 没有任何折的结果文件可用
  └─ 汇总完成: results/ablation/coadread/text/summary.csv
==============================================
🧬 Fusion (多模态融合)
==============================================
  └─ 启动 Fold 0... (日志: results/ablation/coadread/fusion/fold_0/training.log)
  └─ 启动 Fold 1... (日志: results/ablation/coadread/fusion/fold_1/training.log)
  └─ 启动 Fold 2... (日志: results/ablation/coadread/fusion/fold_2/training.log)
  └─ 启动 Fold 3... (日志: results/ablation/coadread/fusion/fold_3/training.log)
  └─ 达到最大并发数 4，等待任务完成...
  └─ 任务完成，继续启动下一批
  └─ 启动 Fold 4... (日志: results/ablation/coadread/fusion/fold_4/training.log)
  └─ 等待剩余 1 个任务完成...
  └─ Fusion (多模态融合) 所有 Fold 完成

📊 汇总 Fusion 结果...
📁 搜索结果目录: ${ABLRESULTS_DIR}/fusion
❌ 错误: 没有任何折的结果文件可用
  └─ 汇总完成: results/ablation/coadread/fusion/summary.csv

==============================================
📈 生成最终对比表格
==============================================
📊 读取各模式汇总结果...
  ⚠️  Gene Only: results/ablation/${STUDY}/gene/summary.csv 不存在
  ⚠️  Text Only: results/ablation/${STUDY}/text/summary.csv 不存在
  ⚠️  Fusion: results/ablation/${STUDY}/fusion/summary.csv 不存在

📊 构建对比表格 (共 0 折)...
Traceback (most recent call last):
  File "<stdin>", line 88, in <module>
  File "/root/miniconda3/envs/causal/lib/python3.8/site-packages/pandas/core/frame.py", line 3761, in __getitem__
    indexer = self.columns.get_loc(key)
  File "/root/miniconda3/envs/causal/lib/python3.8/site-packages/pandas/core/indexes/range.py", line 349, in get_loc
    raise KeyError(key)
KeyError: 'Gene_C_Index'

✅ 消融实验完成！
==============================================
📁 结果目录: results/ablation/coadread
📊 对比表格: results/ablation/coadread/final_comparison.csv
⚡ 并行任务数: 4
==============================================
✅ [End] Wed 28 Jan 2026 07:29:54 AM CST coadread 完成！
--------------------------------------------------------

========================================================
🚀 [Start] Wed 28 Jan 2026 07:29:54 AM CST 正在启动: hnsc (Gene vs Text vs Fusion)
========================================================
🚀 开始多模态消融实验: hnsc
==============================================
==============================================
🧬 Gene Only (仅基因)
==============================================
  └─ 启动 Fold 0... (日志: results/ablation/hnsc/gene/fold_0/training.log)
  └─ 启动 Fold 1... (日志: results/ablation/hnsc/gene/fold_1/training.log)
  └─ 启动 Fold 2... (日志: results/ablation/hnsc/gene/fold_2/training.log)
  └─ 启动 Fold 3... (日志: results/ablation/hnsc/gene/fold_3/training.log)
  └─ 达到最大并发数 4，等待任务完成...
  └─ 任务完成，继续启动下一批
  └─ 启动 Fold 4... (日志: results/ablation/hnsc/gene/fold_4/training.log)
  └─ 等待剩余 1 个任务完成...
  └─ Gene Only (仅基因) 所有 Fold 完成

📊 汇总 Gene Only 结果...
📁 搜索结果目录: ${ABLRESULTS_DIR}/gene
❌ 错误: 没有任何折的结果文件可用
  └─ 汇总完成: results/ablation/hnsc/gene/summary.csv
==============================================
🧬 Text Only (仅文本)
==============================================
  └─ 启动 Fold 0... (日志: results/ablation/hnsc/text/fold_0/training.log)
  └─ 启动 Fold 1... (日志: results/ablation/hnsc/text/fold_1/training.log)
  └─ 启动 Fold 2... (日志: results/ablation/hnsc/text/fold_2/training.log)
  └─ 启动 Fold 3... (日志: results/ablation/hnsc/text/fold_3/training.log)
  └─ 达到最大并发数 4，等待任务完成...
  └─ 任务完成，继续启动下一批
  └─ 启动 Fold 4... (日志: results/ablation/hnsc/text/fold_4/training.log)
  └─ 等待剩余 1 个任务完成...
  └─ Text Only (仅文本) 所有 Fold 完成

📊 汇总 Text Only 结果...
📁 搜索结果目录: ${ABLRESULTS_DIR}/text
❌ 错误: 没有任何折的结果文件可用
  └─ 汇总完成: results/ablation/hnsc/text/summary.csv
==============================================
🧬 Fusion (多模态融合)
==============================================
  └─ 启动 Fold 0... (日志: results/ablation/hnsc/fusion/fold_0/training.log)
  └─ 启动 Fold 1... (日志: results/ablation/hnsc/fusion/fold_1/training.log)
  └─ 启动 Fold 2... (日志: results/ablation/hnsc/fusion/fold_2/training.log)
  └─ 启动 Fold 3... (日志: results/ablation/hnsc/fusion/fold_3/training.log)
  └─ 达到最大并发数 4，等待任务完成...
  └─ 任务完成，继续启动下一批
  └─ 启动 Fold 4... (日志: results/ablation/hnsc/fusion/fold_4/training.log)
  └─ 等待剩余 1 个任务完成...
  └─ Fusion (多模态融合) 所有 Fold 完成

📊 汇总 Fusion 结果...
📁 搜索结果目录: ${ABLRESULTS_DIR}/fusion
❌ 错误: 没有任何折的结果文件可用
  └─ 汇总完成: results/ablation/hnsc/fusion/summary.csv

==============================================
📈 生成最终对比表格
==============================================
📊 读取各模式汇总结果...
  ⚠️  Gene Only: results/ablation/${STUDY}/gene/summary.csv 不存在
  ⚠️  Text Only: results/ablation/${STUDY}/text/summary.csv 不存在
  ⚠️  Fusion: results/ablation/${STUDY}/fusion/summary.csv 不存在

📊 构建对比表格 (共 0 折)...
Traceback (most recent call last):
  File "<stdin>", line 88, in <module>
  File "/root/miniconda3/envs/causal/lib/python3.8/site-packages/pandas/core/frame.py", line 3761, in __getitem__
    indexer = self.columns.get_loc(key)
  File "/root/miniconda3/envs/causal/lib/python3.8/site-packages/pandas/core/indexes/range.py", line 349, in get_loc
    raise KeyError(key)
KeyError: 'Gene_C_Index'

✅ 消融实验完成！
==============================================
📁 结果目录: results/ablation/hnsc
📊 对比表格: results/ablation/hnsc/final_comparison.csv
⚡ 并行任务数: 4
==============================================
✅ [End] Wed 28 Jan 2026 07:30:22 AM CST hnsc 完成！
--------------------------------------------------------

========================================================
🚀 [Start] Wed 28 Jan 2026 07:30:22 AM CST 正在启动: stad (Gene vs Text vs Fusion)
========================================================
🚀 开始多模态消融实验: stad
==============================================
==============================================
🧬 Gene Only (仅基因)
==============================================
  └─ 启动 Fold 0... (日志: results/ablation/stad/gene/fold_0/training.log)
  └─ 启动 Fold 1... (日志: results/ablation/stad/gene/fold_1/training.log)
  └─ 启动 Fold 2... (日志: results/ablation/stad/gene/fold_2/training.log)
  └─ 启动 Fold 3... (日志: results/ablation/stad/gene/fold_3/training.log)
  └─ 达到最大并发数 4，等待任务完成...
  └─ 任务完成，继续启动下一批
  └─ 启动 Fold 4... (日志: results/ablation/stad/gene/fold_4/training.log)
  └─ 等待剩余 1 个任务完成...
  └─ Gene Only (仅基因) 所有 Fold 完成

📊 汇总 Gene Only 结果...
📁 搜索结果目录: ${ABLRESULTS_DIR}/gene
❌ 错误: 没有任何折的结果文件可用
  └─ 汇总完成: results/ablation/stad/gene/summary.csv
==============================================
🧬 Text Only (仅文本)
==============================================
  └─ 启动 Fold 0... (日志: results/ablation/stad/text/fold_0/training.log)
  └─ 启动 Fold 1... (日志: results/ablation/stad/text/fold_1/training.log)
  └─ 启动 Fold 2... (日志: results/ablation/stad/text/fold_2/training.log)
  └─ 启动 Fold 3... (日志: results/ablation/stad/text/fold_3/training.log)
  └─ 达到最大并发数 4，等待任务完成...
  └─ 任务完成，继续启动下一批
  └─ 启动 Fold 4... (日志: results/ablation/stad/text/fold_4/training.log)
  └─ 等待剩余 1 个任务完成...
  └─ Text Only (仅文本) 所有 Fold 完成

📊 汇总 Text Only 结果...
📁 搜索结果目录: ${ABLRESULTS_DIR}/text
❌ 错误: 没有任何折的结果文件可用
  └─ 汇总完成: results/ablation/stad/text/summary.csv
==============================================
🧬 Fusion (多模态融合)
==============================================
  └─ 启动 Fold 0... (日志: results/ablation/stad/fusion/fold_0/training.log)
  └─ 启动 Fold 1... (日志: results/ablation/stad/fusion/fold_1/training.log)
  └─ 启动 Fold 2... (日志: results/ablation/stad/fusion/fold_2/training.log)
  └─ 启动 Fold 3... (日志: results/ablation/stad/fusion/fold_3/training.log)
  └─ 达到最大并发数 4，等待任务完成...
  └─ 任务完成，继续启动下一批
  └─ 启动 Fold 4... (日志: results/ablation/stad/fusion/fold_4/training.log)
  └─ 等待剩余 1 个任务完成...
  └─ Fusion (多模态融合) 所有 Fold 完成

📊 汇总 Fusion 结果...
📁 搜索结果目录: ${ABLRESULTS_DIR}/fusion
❌ 错误: 没有任何折的结果文件可用
  └─ 汇总完成: results/ablation/stad/fusion/summary.csv

==============================================
📈 生成最终对比表格
==============================================
📊 读取各模式汇总结果...
  ⚠️  Gene Only: results/ablation/${STUDY}/gene/summary.csv 不存在
  ⚠️  Text Only: results/ablation/${STUDY}/text/summary.csv 不存在
  ⚠️  Fusion: results/ablation/${STUDY}/fusion/summary.csv 不存在

📊 构建对比表格 (共 0 折)...
Traceback (most recent call last):
  File "<stdin>", line 88, in <module>
  File "/root/miniconda3/envs/causal/lib/python3.8/site-packages/pandas/core/frame.py", line 3761, in __getitem__
    indexer = self.columns.get_loc(key)
  File "/root/miniconda3/envs/causal/lib/python3.8/site-packages/pandas/core/indexes/range.py", line 349, in get_loc
    raise KeyError(key)
KeyError: 'Gene_C_Index'

✅ 消融实验完成！
==============================================
📁 结果目录: results/ablation/stad
📊 对比表格: results/ablation/stad/final_comparison.csv
⚡ 并行任务数: 4
==============================================
✅ [End] Wed 28 Jan 2026 07:30:54 AM CST stad 完成！
--------------------------------------------------------

