==========================================
Stage 2 特征精炼 (PC算法)
==========================================
   癌种: blca
==========================================
\n🔍 检查必要文件...
✅ mRMR 输入目录: features/mrmr_blca
  ✓ Fold 0: features/mrmr_blca/fold_0_genes.csv
  ✓ Fold 1: features/mrmr_blca/fold_1_genes.csv
  ✓ Fold 2: features/mrmr_blca/fold_2_genes.csv
  ✓ Fold 3: features/mrmr_blca/fold_3_genes.csv
  ✓ Fold 4: features/mrmr_blca/fold_4_genes.csv
✅ 临床数据: datasets_csv/clinical_data/tcga_blca_clinical.csv
\n✅ 所有必要文件检查通过
\n🧬 开始 Stage 2 特征精炼（PC算法）...
==========================================
[Info] 发现 5 个 folds: [0, 1, 2, 3, 4]

============================================================
[Fold 0] 处理中...
============================================================

[blca] Fold 0: 开始 Stage 2 特征精炼...
  [数据] mRMR 基因文件: 200 基因 x 382 样本
  [数据] 临床数据: 423 样本, OS列: survival_months
         有效 OS 值: 423 / 423
  [合并] 基因数据 382 样本 + 临床数据 423 样本
         -> 合并后 512 样本 (OS + 200 基因)
    [Depth 0] 向量化计算皮尔逊相关性矩阵...
    [Depth 0] 向量化计算完成，处理 20100 对变量
    [Depth 0] 正在处理 13400 条边...
    [Depth 1] 正在处理 13400 条边...
[Parallel(n_jobs=-1)]: Using backend LokyBackend with 16 concurrent workers.
[Parallel(n_jobs=-1)]: Done  40 tasks      | elapsed:    1.7s
[Parallel(n_jobs=-1)]: Done 216 tasks      | elapsed:    2.1s
[Parallel(n_jobs=-1)]: Done 3088 tasks      | elapsed:    2.9s
[Parallel(n_jobs=-1)]: Done 13456 tasks      | elapsed:    5.2s
[Parallel(n_jobs=-1)]: Done 26128 tasks      | elapsed:    7.8s
[Parallel(n_jobs=-1)]: Done 41104 tasks      | elapsed:   10.9s
[Parallel(n_jobs=-1)]: Done 58384 tasks      | elapsed:   14.0s
[Parallel(n_jobs=-1)]: Done 77968 tasks      | elapsed:   17.3s
[Parallel(n_jobs=-1)]: Done 99856 tasks      | elapsed:   21.3s
[Parallel(n_jobs=-1)]: Done 124048 tasks      | elapsed:   25.7s
[Parallel(n_jobs=-1)]: Done 150544 tasks      | elapsed:   30.3s
[Parallel(n_jobs=-1)]: Done 179344 tasks      | elapsed:   35.6s
[Parallel(n_jobs=-1)]: Done 210448 tasks      | elapsed:   41.0s
[Parallel(n_jobs=-1)]: Done 243856 tasks      | elapsed:   47.2s
[Parallel(n_jobs=-1)]: Done 279568 tasks      | elapsed:   53.5s
[Parallel(n_jobs=-1)]: Done 317584 tasks      | elapsed:  1.0min
[Parallel(n_jobs=-1)]: Done 357904 tasks      | elapsed:  1.1min
[Parallel(n_jobs=-1)]: Done 400528 tasks      | elapsed:  1.2min
[Parallel(n_jobs=-1)]: Done 445456 tasks      | elapsed:  1.4min
[Parallel(n_jobs=-1)]: Done 492688 tasks      | elapsed:  1.5min
[Parallel(n_jobs=-1)]: Done 542224 tasks      | elapsed:  1.6min
[Parallel(n_jobs=-1)]: Done 594064 tasks      | elapsed:  1.8min
[Parallel(n_jobs=-1)]: Done 648208 tasks      | elapsed:  1.9min
[Parallel(n_jobs=-1)]: Done 704656 tasks      | elapsed:  2.1min
[Parallel(n_jobs=-1)]: Done 763408 tasks      | elapsed:  2.3min
[Parallel(n_jobs=-1)]: Done 824464 tasks      | elapsed:  2.5min
[Parallel(n_jobs=-1)]: Done 887824 tasks      | elapsed:  2.6min
[Parallel(n_jobs=-1)]: Done 953488 tasks      | elapsed:  2.8min
[Parallel(n_jobs=-1)]: Done 1021456 tasks      | elapsed:  3.0min
[Parallel(n_jobs=-1)]: Done 1091728 tasks      | elapsed:  3.2min
[Parallel(n_jobs=-1)]: Done 1164304 tasks      | elapsed:  3.4min
[Parallel(n_jobs=-1)]: Done 1239184 tasks      | elapsed:  3.6min
[Parallel(n_jobs=-1)]: Done 1316368 tasks      | elapsed:  3.9min
[Parallel(n_jobs=-1)]: Done 1395856 tasks      | elapsed:  4.1min
[Parallel(n_jobs=-1)]: Done 1477648 tasks      | elapsed:  4.3min
[Parallel(n_jobs=-1)]: Done 1561744 tasks      | elapsed:  4.6min
[Parallel(n_jobs=-1)]: Done 1648144 tasks      | elapsed:  4.8min
[Parallel(n_jobs=-1)]: Done 1736848 tasks      | elapsed:  5.1min
[Parallel(n_jobs=-1)]: Done 1827856 tasks      | elapsed:  5.3min
[Parallel(n_jobs=-1)]: Done 1845922 out of 1845922 | elapsed:  5.4min finished
[Parallel(n_jobs=-1)]: Using backend LokyBackend with 16 concurrent workers.
[Parallel(n_jobs=-1)]: Done  48 tasks      | elapsed:    0.2s
[Parallel(n_jobs=-1)]: Done 512 tasks      | elapsed:    0.6s
[Parallel(n_jobs=-1)]: Done 6112 tasks      | elapsed:    1.9s
[Parallel(n_jobs=-1)]: Done 16480 tasks      | elapsed:    4.1s
[Parallel(n_jobs=-1)]: Done 29152 tasks      | elapsed:    6.5s
[Parallel(n_jobs=-1)]: Done 44128 tasks      | elapsed:    9.4s
[Parallel(n_jobs=-1)]: Done 61408 tasks      | elapsed:   12.5s
[Parallel(n_jobs=-1)]: Done 80992 tasks      | elapsed:   15.8s
[Parallel(n_jobs=-1)]: Done 102880 tasks      | elapsed:   19.4s
[Parallel(n_jobs=-1)]: Done 127072 tasks      | elapsed:   23.3s
[Parallel(n_jobs=-1)]: Done 153568 tasks      | elapsed:   27.6s
[Parallel(n_jobs=-1)]: Done 182368 tasks      | elapsed:   32.4s
[Parallel(n_jobs=-1)]: Done 213472 tasks      | elapsed:   38.1s
[Parallel(n_jobs=-1)]: Done 246880 tasks      | elapsed:   43.7s
[Parallel(n_jobs=-1)]: Done 282592 tasks      | elapsed:   49.6s
[Parallel(n_jobs=-1)]: Done 320608 tasks      | elapsed:   56.1s
[Parallel(n_jobs=-1)]: Done 360928 tasks      | elapsed:  1.1min
[Parallel(n_jobs=-1)]: Done 403552 tasks      | elapsed:  1.2min
[Parallel(n_jobs=-1)]: Done 448480 tasks      | elapsed:  1.3min
[Parallel(n_jobs=-1)]: Done 495712 tasks      | elapsed:  1.4min
[Parallel(n_jobs=-1)]: Done 545248 tasks      | elapsed:  1.6min
[Parallel(n_jobs=-1)]: Done 597088 tasks      | elapsed:  1.7min
[Parallel(n_jobs=-1)]: Done 651232 tasks      | elapsed:  1.9min
[Parallel(n_jobs=-1)]: Done 707680 tasks      | elapsed:  2.0min
[Parallel(n_jobs=-1)]: Done 766432 tasks      | elapsed:  2.2min
[Parallel(n_jobs=-1)]: Done 827488 tasks      | elapsed:  2.4min
[Parallel(n_jobs=-1)]: Done 890848 tasks      | elapsed:  2.6min
[Parallel(n_jobs=-1)]: Done 956512 tasks      | elapsed:  2.8min
[Parallel(n_jobs=-1)]: Done 1024480 tasks      | elapsed:  3.0min
[Parallel(n_jobs=-1)]: Done 1094752 tasks      | elapsed:  3.2min
[Parallel(n_jobs=-1)]: Done 1167328 tasks      | elapsed:  3.4min
[Parallel(n_jobs=-1)]: Done 1242208 tasks      | elapsed:  3.6min
[Parallel(n_jobs=-1)]: Done 1319392 tasks      | elapsed:  3.8min
[Parallel(n_jobs=-1)]: Done 1398880 tasks      | elapsed:  4.1min
[Parallel(n_jobs=-1)]: Done 1480672 tasks      | elapsed:  4.3min
[Parallel(n_jobs=-1)]: Done 1564768 tasks      | elapsed:  4.6min
[Parallel(n_jobs=-1)]: Done 1651168 tasks      | elapsed:  4.8min
[Parallel(n_jobs=-1)]: Done 1739872 tasks      | elapsed:  5.1min
[Parallel(n_jobs=-1)]: Done 1830880 tasks      | elapsed:  5.3min
[Parallel(n_jobs=-1)]: Done 1924192 tasks      | elapsed:  5.6min
[Parallel(n_jobs=-1)]: Done 1962171 out of 1962171 | elapsed:  5.7min finished
[Parallel(n_jobs=-1)]: Using backend LokyBackend with 16 concurrent workers.
[Parallel(n_jobs=-1)]: Done  48 tasks      | elapsed:    0.2s
[Parallel(n_jobs=-1)]: Done 512 tasks      | elapsed:    0.6s
[Parallel(n_jobs=-1)]: Done 6112 tasks      | elapsed:    1.8s
[Parallel(n_jobs=-1)]: Done 16480 tasks      | elapsed:    3.9s
[Parallel(n_jobs=-1)]: Done 29152 tasks      | elapsed:    6.8s
[Parallel(n_jobs=-1)]: Done 44128 tasks      | elapsed:    9.8s
[Parallel(n_jobs=-1)]: Done 61408 tasks      | elapsed:   13.1s
[Parallel(n_jobs=-1)]: Done 80992 tasks      | elapsed:   16.8s
[Parallel(n_jobs=-1)]: Done 102880 tasks      | elapsed:   20.8s
[Parallel(n_jobs=-1)]: Done 127072 tasks      | elapsed:   25.6s
[Parallel(n_jobs=-1)]: Done 153568 tasks      | elapsed:   30.5s
[Parallel(n_jobs=-1)]: Done 182368 tasks      | elapsed:   35.5s
[Parallel(n_jobs=-1)]: Done 213472 tasks      | elapsed:   41.1s
[Parallel(n_jobs=-1)]: Done 246880 tasks      | elapsed:   46.9s
[Parallel(n_jobs=-1)]: Done 282592 tasks      | elapsed:   52.8s
[Parallel(n_jobs=-1)]: Done 320608 tasks      | elapsed:   59.0s
[Parallel(n_jobs=-1)]: Done 360928 tasks      | elapsed:  1.1min
[Parallel(n_jobs=-1)]: Done 403552 tasks      | elapsed:  1.2min
[Parallel(n_jobs=-1)]: Done 448480 tasks      | elapsed:  1.4min
[Parallel(n_jobs=-1)]: Done 495712 tasks      | elapsed:  1.5min
[Parallel(n_jobs=-1)]: Done 545248 tasks      | elapsed:  1.6min
[Parallel(n_jobs=-1)]: Done 597088 tasks      | elapsed:  1.8min
[Parallel(n_jobs=-1)]: Done 651232 tasks      | elapsed:  1.9min
[Parallel(n_jobs=-1)]: Done 707680 tasks      | elapsed:  2.1min
[Parallel(n_jobs=-1)]: Done 766432 tasks      | elapsed:  2.3min
[Parallel(n_jobs=-1)]: Done 827488 tasks      | elapsed:  2.4min
[Parallel(n_jobs=-1)]: Done 890848 tasks      | elapsed:  2.6min
[Parallel(n_jobs=-1)]: Done 956512 tasks      | elapsed:  2.8min
[Parallel(n_jobs=-1)]: Done 1024480 tasks      | elapsed:  3.0min
[Parallel(n_jobs=-1)]: Done 1094752 tasks      | elapsed:  3.2min
[Parallel(n_jobs=-1)]: Done 1167328 tasks      | elapsed:  3.4min
[Parallel(n_jobs=-1)]: Done 1242208 tasks      | elapsed:  3.7min
[Parallel(n_jobs=-1)]: Done 1319392 tasks      | elapsed:  3.9min
[Parallel(n_jobs=-1)]: Done 1398880 tasks      | elapsed:  4.1min
[Parallel(n_jobs=-1)]: Done 1480672 tasks      | elapsed:  4.4min
[Parallel(n_jobs=-1)]: Done 1564768 tasks      | elapsed:  4.6min
[Parallel(n_jobs=-1)]: Done 1651168 tasks      | elapsed:  4.9min
[Parallel(n_jobs=-1)]: Done 1739872 tasks      | elapsed:  5.1min
[Parallel(n_jobs=-1)]: Done 1830880 tasks      | elapsed:  5.4min
[Parallel(n_jobs=-1)]: Done 1924192 tasks      | elapsed:  5.6min
[Parallel(n_jobs=-1)]: Done 1931811 out of 1931842 | elapsed:  5.7min remaining:    0.0s
[Parallel(n_jobs=-1)]: Done 1931842 out of 1931842 | elapsed:  5.7min finished
[Parallel(n_jobs=-1)]: Using backend LokyBackend with 16 concurrent workers.
[Parallel(n_jobs=-1)]: Done  48 tasks      | elapsed:    0.2s
[Parallel(n_jobs=-1)]: Done 512 tasks      | elapsed:    0.6s
[Parallel(n_jobs=-1)]: Done 6112 tasks      | elapsed:    1.8s
[Parallel(n_jobs=-1)]: Done 16480 tasks      | elapsed:    4.0s
[Parallel(n_jobs=-1)]: Done 29152 tasks      | elapsed:    6.5s
[Parallel(n_jobs=-1)]: Done 44128 tasks      | elapsed:    9.3s
[Parallel(n_jobs=-1)]: Done 61408 tasks      | elapsed:   12.5s
[Parallel(n_jobs=-1)]: Done 80992 tasks      | elapsed:   16.1s
[Parallel(n_jobs=-1)]: Done 102880 tasks      | elapsed:   19.9s
[Parallel(n_jobs=-1)]: Done 127072 tasks      | elapsed:   24.2s
[Parallel(n_jobs=-1)]: Done 153568 tasks      | elapsed:   29.2s
[Parallel(n_jobs=-1)]: Done 182368 tasks      | elapsed:   34.6s
[Parallel(n_jobs=-1)]: Done 213472 tasks      | elapsed:   40.1s
[Parallel(n_jobs=-1)]: Done 246880 tasks      | elapsed:   46.0s
[Parallel(n_jobs=-1)]: Done 282592 tasks      | elapsed:   52.4s
[Parallel(n_jobs=-1)]: Done 320608 tasks      | elapsed:   59.0s
[Parallel(n_jobs=-1)]: Done 360928 tasks      | elapsed:  1.1min
[Parallel(n_jobs=-1)]: Done 403552 tasks      | elapsed:  1.2min
[Parallel(n_jobs=-1)]: Done 448480 tasks      | elapsed:  1.3min
[Parallel(n_jobs=-1)]: Done 495712 tasks      | elapsed:  1.5min
[Parallel(n_jobs=-1)]: Done 545248 tasks      | elapsed:  1.6min
[Parallel(n_jobs=-1)]: Done 597088 tasks      | elapsed:  1.8min
[Parallel(n_jobs=-1)]: Done 651232 tasks      | elapsed:  1.9min
[Parallel(n_jobs=-1)]: Done 707680 tasks      | elapsed:  2.1min
[Parallel(n_jobs=-1)]: Done 766432 tasks      | elapsed:  2.2min
[Parallel(n_jobs=-1)]: Done 827488 tasks      | elapsed:  2.4min
[Parallel(n_jobs=-1)]: Done 890848 tasks      | elapsed:  2.6min
[Parallel(n_jobs=-1)]: Done 956512 tasks      | elapsed:  2.8min
[Parallel(n_jobs=-1)]: Done 1024480 tasks      | elapsed:  3.0min
[Parallel(n_jobs=-1)]: Done 1094752 tasks      | elapsed:  3.2min
[Parallel(n_jobs=-1)]: Done 1167328 tasks      | elapsed:  3.4min
[Parallel(n_jobs=-1)]: Done 1242208 tasks      | elapsed:  3.6min
[Parallel(n_jobs=-1)]: Done 1319392 tasks      | elapsed:  3.8min
[Parallel(n_jobs=-1)]: Done 1398880 tasks      | elapsed:  4.1min
[Parallel(n_jobs=-1)]: Done 1480672 tasks      | elapsed:  4.3min
[Parallel(n_jobs=-1)]: Done 1564768 tasks      | elapsed:  4.6min
[Parallel(n_jobs=-1)]: Done 1651168 tasks      | elapsed:  4.8min
[Parallel(n_jobs=-1)]: Done 1739872 tasks      | elapsed:  5.1min
[Parallel(n_jobs=-1)]: Done 1830880 tasks      | elapsed:  5.3min
[Parallel(n_jobs=-1)]: Done 1924192 tasks      | elapsed:  5.6min
[Parallel(n_jobs=-1)]: Done 2019808 tasks      | elapsed:  5.9min
[Parallel(n_jobs=-1)]: Done 2034946 out of 2034977 | elapsed:  5.9min remaining:    0.0s
[Parallel(n_jobs=-1)]: Done 2034977 out of 2034977 | elapsed:  5.9min finished
[Parallel(n_jobs=-1)]: Using backend LokyBackend with 16 concurrent workers.
[Parallel(n_jobs=-1)]: Done  48 tasks      | elapsed:    0.2s
[Parallel(n_jobs=-1)]: Done 512 tasks      | elapsed:    0.6s
[Parallel(n_jobs=-1)]: Done 6112 tasks      | elapsed:    1.8s
[Parallel(n_jobs=-1)]: Done 16480 tasks      | elapsed:    4.0s
[Parallel(n_jobs=-1)]: Done 29152 tasks      | elapsed:    6.6s
[Parallel(n_jobs=-1)]: Done 44128 tasks      | elapsed:    9.4s
[Parallel(n_jobs=-1)]: Done 61408 tasks      | elapsed:   12.6s
[Parallel(n_jobs=-1)]: Done 80992 tasks      | elapsed:   16.0s
[Parallel(n_jobs=-1)]: Done 102880 tasks      | elapsed:   19.9s
[Parallel(n_jobs=-1)]: Done 127072 tasks      | elapsed:   24.2s
[Parallel(n_jobs=-1)]: Done 153568 tasks      | elapsed:   28.6s
[Parallel(n_jobs=-1)]: Done 182368 tasks      | elapsed:   33.7s
[Parallel(n_jobs=-1)]: Done 213472 tasks      | elapsed:   38.9s
[Parallel(n_jobs=-1)]: Done 246880 tasks      | elapsed:   44.5s
[Parallel(n_jobs=-1)]: Done 282592 tasks      | elapsed:   50.4s
[Parallel(n_jobs=-1)]: Done 320608 tasks      | elapsed:   56.7s
[Parallel(n_jobs=-1)]: Done 360928 tasks      | elapsed:  1.1min
[Parallel(n_jobs=-1)]: Done 403552 tasks      | elapsed:  1.2min
[Parallel(n_jobs=-1)]: Done 448480 tasks      | elapsed:  1.3min
[Parallel(n_jobs=-1)]: Done 495712 tasks      | elapsed:  1.4min
[Parallel(n_jobs=-1)]: Done 545248 tasks      | elapsed:  1.6min
[Parallel(n_jobs=-1)]: Done 597088 tasks      | elapsed:  1.8min
[Parallel(n_jobs=-1)]: Done 651232 tasks      | elapsed:  1.9min
[Parallel(n_jobs=-1)]: Done 707680 tasks      | elapsed:  2.1min
[Parallel(n_jobs=-1)]: Done 766432 tasks      | elapsed:  2.2min
[Parallel(n_jobs=-1)]: Done 827488 tasks      | elapsed:  2.4min
[Parallel(n_jobs=-1)]: Done 890848 tasks      | elapsed:  2.6min
[Parallel(n_jobs=-1)]: Done 956512 tasks      | elapsed:  2.8min
[Parallel(n_jobs=-1)]: Done 1024480 tasks      | elapsed:  3.0min
[Parallel(n_jobs=-1)]: Done 1094752 tasks      | elapsed:  3.2min
[Parallel(n_jobs=-1)]: Done 1167328 tasks      | elapsed:  3.4min
[Parallel(n_jobs=-1)]: Done 1242208 tasks      | elapsed:  3.6min
[Parallel(n_jobs=-1)]: Done 1319392 tasks      | elapsed:  3.8min
[Parallel(n_jobs=-1)]: Done 1398880 tasks      | elapsed:  4.0min
[Parallel(n_jobs=-1)]: Done 1480672 tasks      | elapsed:  4.3min
[Parallel(n_jobs=-1)]: Done 1564768 tasks      | elapsed:  4.5min
[Parallel(n_jobs=-1)]: Done 1651168 tasks      | elapsed:  4.8min
[Parallel(n_jobs=-1)]: Done 1739872 tasks      | elapsed:  5.1min
[Parallel(n_jobs=-1)]: Done 1830880 tasks      | elapsed:  5.3min
[Parallel(n_jobs=-1)]: Done 1924192 tasks      | elapsed:  5.6min
[Parallel(n_jobs=-1)]: Done 2019808 tasks      | elapsed:  5.9min
[Parallel(n_jobs=-1)]: Done 2117728 tasks      | elapsed:  6.2min
[Parallel(n_jobs=-1)]: Done 2171012 out of 2171012 | elapsed:  6.3min finished
    [Stage2] PC算法骨架边数: 3719
    [Stage2] PC算法筛选完成: 从 200 -> 187 个基因
  [保存] /root/autodl-tmp/newcfdemo/CFdemo_gene_text_copy/features/mrmr_stage2_blca/fold_0_genes.csv
         基因数: 187, 样本数: 512

✅ Fold 0 完成!
   输出文件: /root/autodl-tmp/newcfdemo/CFdemo_gene_text_copy/features/mrmr_stage2_blca/fold_0_genes.csv

============================================================
[Fold 1] 处理中...
============================================================

[blca] Fold 1: 开始 Stage 2 特征精炼...
  [数据] mRMR 基因文件: 200 基因 x 379 样本
  [数据] 临床数据: 423 样本, OS列: survival_months
         有效 OS 值: 423 / 423
  [合并] 基因数据 379 样本 + 临床数据 423 样本
         -> 合并后 515 样本 (OS + 200 基因)
    [Depth 0] 向量化计算皮尔逊相关性矩阵...
    [Depth 0] 向量化计算完成，处理 20100 对变量
    [Depth 0] 正在处理 13895 条边...
    [Depth 1] 正在处理 13895 条边...
    [Stage2] PC算法骨架边数: 3743
    [Stage2] PC算法筛选完成: 从 200 -> 192 个基因
  [保存] /root/autodl-tmp/newcfdemo/CFdemo_gene_text_copy/features/mrmr_stage2_blca/fold_1_genes.csv
         基因数: 192, 样本数: 515

✅ Fold 1 完成!
   输出文件: /root/autodl-tmp/newcfdemo/CFdemo_gene_text_copy/features/mrmr_stage2_blca/fold_1_genes.csv

============================================================
[Fold 2] 处理中...
============================================================

[blca] Fold 2: 开始 Stage 2 特征精炼...
  [数据] mRMR 基因文件: 200 基因 x 381 样本
  [数据] 临床数据: 423 样本, OS列: survival_months
         有效 OS 值: 423 / 423
  [合并] 基因数据 381 样本 + 临床数据 423 样本
         -> 合并后 520 样本 (OS + 200 基因)
    [Depth 0] 向量化计算皮尔逊相关性矩阵...
    [Depth 0] 向量化计算完成，处理 20100 对变量
    [Depth 0] 正在处理 13810 条边...
    [Depth 1] 正在处理 13810 条边...
    [Stage2] PC算法骨架边数: 3535
    [Stage2] PC算法筛选完成: 从 200 -> 194 个基因
  [保存] /root/autodl-tmp/newcfdemo/CFdemo_gene_text_copy/features/mrmr_stage2_blca/fold_2_genes.csv
         基因数: 194, 样本数: 520

✅ Fold 2 完成!
   输出文件: /root/autodl-tmp/newcfdemo/CFdemo_gene_text_copy/features/mrmr_stage2_blca/fold_2_genes.csv

============================================================
[Fold 3] 处理中...
============================================================

[blca] Fold 3: 开始 Stage 2 特征精炼...
  [数据] mRMR 基因文件: 200 基因 x 383 样本
  [数据] 临床数据: 423 样本, OS列: survival_months
         有效 OS 值: 423 / 423
  [合并] 基因数据 383 样本 + 临床数据 423 样本
         -> 合并后 526 样本 (OS + 200 基因)
    [Depth 0] 向量化计算皮尔逊相关性矩阵...
    [Depth 0] 向量化计算完成，处理 20100 对变量
    [Depth 0] 正在处理 14069 条边...
    [Depth 1] 正在处理 14069 条边...
    [Stage2] PC算法骨架边数: 3521
    [Stage2] PC算法筛选完成: 从 200 -> 181 个基因
  [保存] /root/autodl-tmp/newcfdemo/CFdemo_gene_text_copy/features/mrmr_stage2_blca/fold_3_genes.csv
         基因数: 181, 样本数: 526

✅ Fold 3 完成!
   输出文件: /root/autodl-tmp/newcfdemo/CFdemo_gene_text_copy/features/mrmr_stage2_blca/fold_3_genes.csv

============================================================
[Fold 4] 处理中...
============================================================

[blca] Fold 4: 开始 Stage 2 特征精炼...
  [数据] mRMR 基因文件: 200 基因 x 378 样本
  [数据] 临床数据: 423 样本, OS列: survival_months
         有效 OS 值: 423 / 423
  [合并] 基因数据 378 样本 + 临床数据 423 样本
         -> 合并后 502 样本 (OS + 200 基因)
    [Depth 0] 向量化计算皮尔逊相关性矩阵...
    [Depth 0] 向量化计算完成，处理 20100 对变量
    [Depth 0] 正在处理 14629 条边...
    [Depth 1] 正在处理 14629 条边...
    [Stage2] PC算法骨架边数: 3833
    [Stage2] PC算法筛选完成: 从 200 -> 184 个基因
  [保存] /root/autodl-tmp/newcfdemo/CFdemo_gene_text_copy/features/mrmr_stage2_blca/fold_4_genes.csv
         基因数: 184, 样本数: 502

✅ Fold 4 完成!
   输出文件: /root/autodl-tmp/newcfdemo/CFdemo_gene_text_copy/features/mrmr_stage2_blca/fold_4_genes.csv

============================================================
全部完成! 共处理 5 个 folds
  - /root/autodl-tmp/newcfdemo/CFdemo_gene_text_copy/features/mrmr_stage2_blca/fold_0_genes.csv
  - /root/autodl-tmp/newcfdemo/CFdemo_gene_text_copy/features/mrmr_stage2_blca/fold_1_genes.csv
  - /root/autodl-tmp/newcfdemo/CFdemo_gene_text_copy/features/mrmr_stage2_blca/fold_2_genes.csv
  - /root/autodl-tmp/newcfdemo/CFdemo_gene_text_copy/features/mrmr_stage2_blca/fold_3_genes.csv
  - /root/autodl-tmp/newcfdemo/CFdemo_gene_text_copy/features/mrmr_stage2_blca/fold_4_genes.csv
============================================================

==========================================
✅ Stage 2 特征精炼完成!
==========================================

📁 查看结果:
   ls -lh features/mrmr_stage2_blca/

📊 对比 mRMR vs Stage2 基因数量:
   # mRMR 基因数
   head -n 1 features/mrmr_blca/fold_0_genes.csv | awk -F',' '{print NF-1}'

   # Stage2 精炼后基因数
   head -n 1 features/mrmr_stage2_blca/fold_0_genes.csv | awk -F',' '{print NF-1}'
==========================================
