📁 日志目录: log/batch_pipeline_2026-02-01_14-19-45

[14:19:45] [brca] 检查数据划分 - 开始
[14:19:45] [brca] 检查数据划分 - 通过
[14:19:45] [brca] mRMR特征选择 - 开始 (k=200)
[14:42:08] [brca] mRMR特征选择 - 完成
[14:42:08] [brca] Stage2精炼 - 开始 (PC算法)
[15:01:19] [brca] Stage2精炼 - 完成
[15:01:19] [brca] 消融实验 - 开始 (Gene/Text/Fusion)
[15:01:43] [brca] 消融实验 - 完成

[15:01:43] [blca] 检查数据划分 - 开始
[15:01:43] [blca] 检查数据划分 - 通过
[15:01:43] [blca] mRMR特征选择 - 开始 (k=200)
[15:21:42] [blca] mRMR特征选择 - 完成
[15:21:42] [blca] Stage2精炼 - 开始 (PC算法)
[15:51:12] [blca] Stage2精炼 - 完成
[15:51:12] [blca] 消融实验 - 开始 (Gene/Text/Fusion)
[15:51:35] [blca] 消融实验 - 完成

[15:51:36] [coadread] 检查数据划分 - 开始
[15:51:36] [coadread] 检查数据划分 - 通过
[15:51:36] [coadread] mRMR特征选择 - 开始 (k=200)
[16:11:14] [coadread] mRMR特征选择 - 完成
[16:11:14] [coadread] Stage2精炼 - 开始 (PC算法)
[16:24:15] [coadread] Stage2精炼 - 完成
[16:24:15] [coadread] 消融实验 - 开始 (Gene/Text/Fusion)
[16:24:38] [coadread] 消融实验 - 完成

[16:24:38] [stad] 检查数据划分 - 开始
[16:24:38] [stad] 检查数据划分 - 通过
[16:24:39] [stad] mRMR特征选择 - 开始 (k=200)
[16:44:20] [stad] mRMR特征选择 - 完成
[16:44:20] [stad] Stage2精炼 - 开始 (PC算法)
[17:09:55] [stad] Stage2精炼 - 完成
[17:09:56] [stad] 消融实验 - 开始 (Gene/Text/Fusion)
[17:10:20] [stad] 消融实验 - 完成

[17:10:20] [hnsc] 检查数据划分 - 开始
[17:10:20] [hnsc] 检查数据划分 - 通过
[17:10:20] [hnsc] mRMR特征选择 - 开始 (k=200)
[17:30:53] [hnsc] mRMR特征选择 - 完成
[17:30:53] [hnsc] Stage2精炼 - 开始 (PC算法)
[17:50:44] [hnsc] Stage2精炼 - 完成
[17:50:44] [hnsc] 消融实验 - 开始 (Gene/Text/Fusion)
[17:51:07] [hnsc] 消融实验 - 完成

📊 执行汇总:
   ✅ 成功: 5 个癌症
   ❌ 失败: 0 个癌症
   ⏱️  总耗时: 211分22秒
   📁 日志目录: log/batch_pipeline_2026-02-01_14-19-45
📊 所有成功癌症的结果汇总:
🧬 BRCA:
   ⚠️  无法读取结果
🧬 BLCA:
   Gene Only:  0.6447
   Text Only:  0.6251
   Fusion:     0.6764
   提升: +4.92%
🧬 COADREAD:
   ⚠️  无法读取结果
🧬 STAD:
   ⚠️  无法读取结果
🧬 HNSC:
   ⚠️  无法读取结果
✅ 全部完成！查看详细日志请访问: log/batch_pipeline_2026-02-01_14-19-45
