==========================================
Stage 2 特征精炼 (PC算法)
==========================================
   癌种: stad
==========================================
\n🔍 检查必要文件...
✅ mRMR 输入目录: features/mrmr_stad
  ✓ Fold 0: features/mrmr_stad/fold_0_genes.csv
  ✓ Fold 1: features/mrmr_stad/fold_1_genes.csv
  ✓ Fold 2: features/mrmr_stad/fold_2_genes.csv
  ✓ Fold 3: features/mrmr_stad/fold_3_genes.csv
  ✓ Fold 4: features/mrmr_stad/fold_4_genes.csv
✅ 临床数据: datasets_csv/clinical_data/tcga_stad_clinical.csv
\n✅ 所有必要文件检查通过
\n🧬 开始 Stage 2 特征精炼（PC算法）...
==========================================
[Info] 发现 5 个 folds: [0, 1, 2, 3, 4]

============================================================
[Fold 0] 处理中...
============================================================

[stad] Fold 0: 开始 Stage 2 特征精炼...
  [数据] mRMR 基因文件: 200 基因 x 265 样本
  [数据] 临床数据: 277 样本, OS列: survival_months
         有效 OS 值: 277 / 277
  [合并] 基因数据 265 样本 + 临床数据 277 样本
         -> 合并后 301 样本 (OS + 200 基因)
    [Depth 0] 向量化计算皮尔逊相关性矩阵...
    [Depth 0] 向量化计算完成，处理 20100 对变量
    [Depth 0] 正在处理 14507 条边...
    [Depth 1] 正在处理 14507 条边...
[Parallel(n_jobs=-1)]: Using backend LokyBackend with 16 concurrent workers.
[Parallel(n_jobs=-1)]: Done  40 tasks      | elapsed:    1.8s
[Parallel(n_jobs=-1)]: Done 216 tasks      | elapsed:    2.0s
[Parallel(n_jobs=-1)]: Done 3088 tasks      | elapsed:    2.7s
[Parallel(n_jobs=-1)]: Done 13456 tasks      | elapsed:    5.0s
[Parallel(n_jobs=-1)]: Done 26128 tasks      | elapsed:    7.3s
[Parallel(n_jobs=-1)]: Done 41104 tasks      | elapsed:   10.1s
[Parallel(n_jobs=-1)]: Done 58384 tasks      | elapsed:   12.9s
[Parallel(n_jobs=-1)]: Done 77968 tasks      | elapsed:   16.7s
[Parallel(n_jobs=-1)]: Done 99856 tasks      | elapsed:   20.8s
[Parallel(n_jobs=-1)]: Done 124048 tasks      | elapsed:   25.3s
[Parallel(n_jobs=-1)]: Done 150544 tasks      | elapsed:   30.1s
[Parallel(n_jobs=-1)]: Done 179344 tasks      | elapsed:   35.4s
[Parallel(n_jobs=-1)]: Done 210448 tasks      | elapsed:   41.0s
[Parallel(n_jobs=-1)]: Done 243856 tasks      | elapsed:   46.6s
[Parallel(n_jobs=-1)]: Done 279568 tasks      | elapsed:   52.5s
[Parallel(n_jobs=-1)]: Done 317584 tasks      | elapsed:   59.1s
[Parallel(n_jobs=-1)]: Done 357904 tasks      | elapsed:  1.1min
[Parallel(n_jobs=-1)]: Done 400528 tasks      | elapsed:  1.2min
[Parallel(n_jobs=-1)]: Done 445456 tasks      | elapsed:  1.4min
[Parallel(n_jobs=-1)]: Done 492688 tasks      | elapsed:  1.5min
[Parallel(n_jobs=-1)]: Done 542224 tasks      | elapsed:  1.6min
[Parallel(n_jobs=-1)]: Done 594064 tasks      | elapsed:  1.8min
[Parallel(n_jobs=-1)]: Done 648208 tasks      | elapsed:  2.0min
[Parallel(n_jobs=-1)]: Done 704656 tasks      | elapsed:  2.1min
[Parallel(n_jobs=-1)]: Done 763408 tasks      | elapsed:  2.3min
[Parallel(n_jobs=-1)]: Done 824464 tasks      | elapsed:  2.4min
[Parallel(n_jobs=-1)]: Done 887824 tasks      | elapsed:  2.6min
[Parallel(n_jobs=-1)]: Done 953488 tasks      | elapsed:  2.8min
[Parallel(n_jobs=-1)]: Done 1021456 tasks      | elapsed:  3.0min
[Parallel(n_jobs=-1)]: Done 1091728 tasks      | elapsed:  3.2min
[Parallel(n_jobs=-1)]: Done 1164304 tasks      | elapsed:  3.4min
[Parallel(n_jobs=-1)]: Done 1239184 tasks      | elapsed:  3.6min
[Parallel(n_jobs=-1)]: Done 1316368 tasks      | elapsed:  3.8min
[Parallel(n_jobs=-1)]: Done 1395856 tasks      | elapsed:  4.0min
[Parallel(n_jobs=-1)]: Done 1477648 tasks      | elapsed:  4.3min
[Parallel(n_jobs=-1)]: Done 1561744 tasks      | elapsed:  4.5min
[Parallel(n_jobs=-1)]: Done 1648144 tasks      | elapsed:  4.7min
[Parallel(n_jobs=-1)]: Done 1736848 tasks      | elapsed:  5.0min
[Parallel(n_jobs=-1)]: Done 1827856 tasks      | elapsed:  5.3min
[Parallel(n_jobs=-1)]: Done 1921168 tasks      | elapsed:  5.5min
[Parallel(n_jobs=-1)]: Done 2016784 tasks      | elapsed:  5.8min
[Parallel(n_jobs=-1)]: Done 2114704 tasks      | elapsed:  6.1min
[Parallel(n_jobs=-1)]: Done 2168126 out of 2168157 | elapsed:  6.2min remaining:    0.0s
[Parallel(n_jobs=-1)]: Done 2168157 out of 2168157 | elapsed:  6.2min finished
[Parallel(n_jobs=-1)]: Using backend LokyBackend with 16 concurrent workers.
[Parallel(n_jobs=-1)]: Done  48 tasks      | elapsed:    0.1s
[Parallel(n_jobs=-1)]: Done 512 tasks      | elapsed:    0.4s
[Parallel(n_jobs=-1)]: Done 6112 tasks      | elapsed:    1.6s
[Parallel(n_jobs=-1)]: Done 16480 tasks      | elapsed:    3.7s
[Parallel(n_jobs=-1)]: Done 29152 tasks      | elapsed:    6.2s
[Parallel(n_jobs=-1)]: Done 44128 tasks      | elapsed:    9.0s
[Parallel(n_jobs=-1)]: Done 61408 tasks      | elapsed:   12.6s
[Parallel(n_jobs=-1)]: Done 80992 tasks      | elapsed:   16.2s
[Parallel(n_jobs=-1)]: Done 102880 tasks      | elapsed:   20.2s
[Parallel(n_jobs=-1)]: Done 127072 tasks      | elapsed:   24.4s
[Parallel(n_jobs=-1)]: Done 153568 tasks      | elapsed:   29.0s
[Parallel(n_jobs=-1)]: Done 182368 tasks      | elapsed:   33.9s
[Parallel(n_jobs=-1)]: Done 213472 tasks      | elapsed:   38.9s
[Parallel(n_jobs=-1)]: Done 246880 tasks      | elapsed:   44.5s
[Parallel(n_jobs=-1)]: Done 282592 tasks      | elapsed:   50.7s
[Parallel(n_jobs=-1)]: Done 320608 tasks      | elapsed:   57.0s
[Parallel(n_jobs=-1)]: Done 360928 tasks      | elapsed:  1.1min
[Parallel(n_jobs=-1)]: Done 403552 tasks      | elapsed:  1.2min
[Parallel(n_jobs=-1)]: Done 448480 tasks      | elapsed:  1.3min
[Parallel(n_jobs=-1)]: Done 495712 tasks      | elapsed:  1.4min
[Parallel(n_jobs=-1)]: Done 545248 tasks      | elapsed:  1.6min
[Parallel(n_jobs=-1)]: Done 597088 tasks      | elapsed:  1.7min
[Parallel(n_jobs=-1)]: Done 651232 tasks      | elapsed:  1.9min
[Parallel(n_jobs=-1)]: Done 707680 tasks      | elapsed:  2.0min
[Parallel(n_jobs=-1)]: Done 766432 tasks      | elapsed:  2.2min
[Parallel(n_jobs=-1)]: Done 827488 tasks      | elapsed:  2.4min
[Parallel(n_jobs=-1)]: Done 890848 tasks      | elapsed:  2.5min
[Parallel(n_jobs=-1)]: Done 956512 tasks      | elapsed:  2.7min
[Parallel(n_jobs=-1)]: Done 1024480 tasks      | elapsed:  2.9min
[Parallel(n_jobs=-1)]: Done 1094752 tasks      | elapsed:  3.1min
[Parallel(n_jobs=-1)]: Done 1167328 tasks      | elapsed:  3.3min
[Parallel(n_jobs=-1)]: Done 1242208 tasks      | elapsed:  3.5min
[Parallel(n_jobs=-1)]: Done 1319392 tasks      | elapsed:  3.7min
[Parallel(n_jobs=-1)]: Done 1398880 tasks      | elapsed:  3.9min
[Parallel(n_jobs=-1)]: Done 1480672 tasks      | elapsed:  4.2min
[Parallel(n_jobs=-1)]: Done 1564768 tasks      | elapsed:  4.4min
[Parallel(n_jobs=-1)]: Done 1651168 tasks      | elapsed:  4.6min
[Parallel(n_jobs=-1)]: Done 1739872 tasks      | elapsed:  4.9min
[Parallel(n_jobs=-1)]: Done 1830880 tasks      | elapsed:  5.2min
[Parallel(n_jobs=-1)]: Done 1901518 out of 1901518 | elapsed:  5.3min finished
[Parallel(n_jobs=-1)]: Using backend LokyBackend with 16 concurrent workers.
[Parallel(n_jobs=-1)]: Done  48 tasks      | elapsed:    0.1s
[Parallel(n_jobs=-1)]: Done 512 tasks      | elapsed:    0.3s
[Parallel(n_jobs=-1)]: Done 6112 tasks      | elapsed:    1.5s
[Parallel(n_jobs=-1)]: Done 16480 tasks      | elapsed:    3.5s
[Parallel(n_jobs=-1)]: Done 29152 tasks      | elapsed:    5.8s
[Parallel(n_jobs=-1)]: Done 44128 tasks      | elapsed:    8.4s
[Parallel(n_jobs=-1)]: Done 61408 tasks      | elapsed:   11.3s
[Parallel(n_jobs=-1)]: Done 80992 tasks      | elapsed:   14.7s
[Parallel(n_jobs=-1)]: Done 102880 tasks      | elapsed:   18.5s
[Parallel(n_jobs=-1)]: Done 127072 tasks      | elapsed:   22.6s
[Parallel(n_jobs=-1)]: Done 153568 tasks      | elapsed:   27.1s
[Parallel(n_jobs=-1)]: Done 182368 tasks      | elapsed:   31.8s
[Parallel(n_jobs=-1)]: Done 213472 tasks      | elapsed:   36.9s
[Parallel(n_jobs=-1)]: Done 246880 tasks      | elapsed:   42.4s
[Parallel(n_jobs=-1)]: Done 282592 tasks      | elapsed:   48.4s
[Parallel(n_jobs=-1)]: Done 320608 tasks      | elapsed:   54.4s
[Parallel(n_jobs=-1)]: Done 360928 tasks      | elapsed:  1.0min
[Parallel(n_jobs=-1)]: Done 403552 tasks      | elapsed:  1.1min
[Parallel(n_jobs=-1)]: Done 448480 tasks      | elapsed:  1.3min
[Parallel(n_jobs=-1)]: Done 495712 tasks      | elapsed:  1.4min
[Parallel(n_jobs=-1)]: Done 545248 tasks      | elapsed:  1.5min
[Parallel(n_jobs=-1)]: Done 597088 tasks      | elapsed:  1.7min
[Parallel(n_jobs=-1)]: Done 651232 tasks      | elapsed:  1.8min
[Parallel(n_jobs=-1)]: Done 707680 tasks      | elapsed:  2.0min
[Parallel(n_jobs=-1)]: Done 766432 tasks      | elapsed:  2.2min
[Parallel(n_jobs=-1)]: Done 827488 tasks      | elapsed:  2.4min
[Parallel(n_jobs=-1)]: Done 890848 tasks      | elapsed:  2.6min
[Parallel(n_jobs=-1)]: Done 956512 tasks      | elapsed:  2.8min
[Parallel(n_jobs=-1)]: Done 1024480 tasks      | elapsed:  3.0min
[Parallel(n_jobs=-1)]: Done 1094752 tasks      | elapsed:  3.3min
[Parallel(n_jobs=-1)]: Done 1167328 tasks      | elapsed:  3.5min
[Parallel(n_jobs=-1)]: Done 1242208 tasks      | elapsed:  3.7min
[Parallel(n_jobs=-1)]: Done 1319392 tasks      | elapsed:  4.0min
[Parallel(n_jobs=-1)]: Done 1398880 tasks      | elapsed:  4.2min
[Parallel(n_jobs=-1)]: Done 1439855 out of 1439855 | elapsed:  4.4min finished
[Parallel(n_jobs=-1)]: Using backend LokyBackend with 16 concurrent workers.
[Parallel(n_jobs=-1)]: Done  48 tasks      | elapsed:    0.1s
[Parallel(n_jobs=-1)]: Done 512 tasks      | elapsed:    0.4s
[Parallel(n_jobs=-1)]: Done 6112 tasks      | elapsed:    1.6s
[Parallel(n_jobs=-1)]: Done 16480 tasks      | elapsed:    3.6s
[Parallel(n_jobs=-1)]: Done 29152 tasks      | elapsed:    5.9s
[Parallel(n_jobs=-1)]: Done 44128 tasks      | elapsed:    8.7s
[Parallel(n_jobs=-1)]: Done 61408 tasks      | elapsed:   11.9s
[Parallel(n_jobs=-1)]: Done 80992 tasks      | elapsed:   15.3s
[Parallel(n_jobs=-1)]: Done 102880 tasks      | elapsed:   19.2s
[Parallel(n_jobs=-1)]: Done 127072 tasks      | elapsed:   23.4s
[Parallel(n_jobs=-1)]: Done 153568 tasks      | elapsed:   28.0s
[Parallel(n_jobs=-1)]: Done 182368 tasks      | elapsed:   32.9s
[Parallel(n_jobs=-1)]: Done 213472 tasks      | elapsed:   38.3s
[Parallel(n_jobs=-1)]: Done 246880 tasks      | elapsed:   43.9s
[Parallel(n_jobs=-1)]: Done 282592 tasks      | elapsed:   49.8s
[Parallel(n_jobs=-1)]: Done 320608 tasks      | elapsed:   56.2s
[Parallel(n_jobs=-1)]: Done 360928 tasks      | elapsed:  1.1min
[Parallel(n_jobs=-1)]: Done 403552 tasks      | elapsed:  1.2min
[Parallel(n_jobs=-1)]: Done 448480 tasks      | elapsed:  1.3min
[Parallel(n_jobs=-1)]: Done 495712 tasks      | elapsed:  1.4min
[Parallel(n_jobs=-1)]: Done 545248 tasks      | elapsed:  1.6min
[Parallel(n_jobs=-1)]: Done 597088 tasks      | elapsed:  1.7min
[Parallel(n_jobs=-1)]: Done 651232 tasks      | elapsed:  1.9min
[Parallel(n_jobs=-1)]: Done 707680 tasks      | elapsed:  2.0min
[Parallel(n_jobs=-1)]: Done 766432 tasks      | elapsed:  2.2min
[Parallel(n_jobs=-1)]: Done 827488 tasks      | elapsed:  2.3min
[Parallel(n_jobs=-1)]: Done 890848 tasks      | elapsed:  2.5min
[Parallel(n_jobs=-1)]: Done 956512 tasks      | elapsed:  2.7min
[Parallel(n_jobs=-1)]: Done 1024480 tasks      | elapsed:  2.9min
[Parallel(n_jobs=-1)]: Done 1094752 tasks      | elapsed:  3.0min
[Parallel(n_jobs=-1)]: Done 1167328 tasks      | elapsed:  3.2min
[Parallel(n_jobs=-1)]: Done 1242208 tasks      | elapsed:  3.4min
[Parallel(n_jobs=-1)]: Done 1319392 tasks      | elapsed:  3.6min
[Parallel(n_jobs=-1)]: Done 1359276 out of 1359276 | elapsed:  3.7min finished
[Parallel(n_jobs=-1)]: Using backend LokyBackend with 16 concurrent workers.
[Parallel(n_jobs=-1)]: Done  48 tasks      | elapsed:    0.1s
[Parallel(n_jobs=-1)]: Done 512 tasks      | elapsed:    0.4s
[Parallel(n_jobs=-1)]: Done 6112 tasks      | elapsed:    1.6s
[Parallel(n_jobs=-1)]: Done 16480 tasks      | elapsed:    3.6s
[Parallel(n_jobs=-1)]: Done 29152 tasks      | elapsed:    6.1s
[Parallel(n_jobs=-1)]: Done 44128 tasks      | elapsed:    9.0s
[Parallel(n_jobs=-1)]: Done 61408 tasks      | elapsed:   12.2s
[Parallel(n_jobs=-1)]: Done 80992 tasks      | elapsed:   15.5s
[Parallel(n_jobs=-1)]: Done 102880 tasks      | elapsed:   19.1s
[Parallel(n_jobs=-1)]: Done 127072 tasks      | elapsed:   23.1s
[Parallel(n_jobs=-1)]: Done 153568 tasks      | elapsed:   27.6s
[Parallel(n_jobs=-1)]: Done 182368 tasks      | elapsed:   32.5s
[Parallel(n_jobs=-1)]: Done 213472 tasks      | elapsed:   37.8s
[Parallel(n_jobs=-1)]: Done 246880 tasks      | elapsed:   43.5s
[Parallel(n_jobs=-1)]: Done 282592 tasks      | elapsed:   49.5s
[Parallel(n_jobs=-1)]: Done 320608 tasks      | elapsed:   55.6s
[Parallel(n_jobs=-1)]: Done 360928 tasks      | elapsed:  1.0min
[Parallel(n_jobs=-1)]: Done 403552 tasks      | elapsed:  1.2min
[Parallel(n_jobs=-1)]: Done 448480 tasks      | elapsed:  1.3min
[Parallel(n_jobs=-1)]: Done 495712 tasks      | elapsed:  1.4min
[Parallel(n_jobs=-1)]: Done 545248 tasks      | elapsed:  1.6min
[Parallel(n_jobs=-1)]: Done 597088 tasks      | elapsed:  1.7min
[Parallel(n_jobs=-1)]: Done 651232 tasks      | elapsed:  1.9min
[Parallel(n_jobs=-1)]: Done 707680 tasks      | elapsed:  2.1min
[Parallel(n_jobs=-1)]: Done 766432 tasks      | elapsed:  2.3min
[Parallel(n_jobs=-1)]: Done 827488 tasks      | elapsed:  2.4min
[Parallel(n_jobs=-1)]: Done 890848 tasks      | elapsed:  2.6min
[Parallel(n_jobs=-1)]: Done 956512 tasks      | elapsed:  2.8min
[Parallel(n_jobs=-1)]: Done 1024480 tasks      | elapsed:  3.1min
[Parallel(n_jobs=-1)]: Done 1094752 tasks      | elapsed:  3.3min
[Parallel(n_jobs=-1)]: Done 1167328 tasks      | elapsed:  3.5min
[Parallel(n_jobs=-1)]: Done 1242208 tasks      | elapsed:  3.7min
[Parallel(n_jobs=-1)]: Done 1319392 tasks      | elapsed:  4.0min
[Parallel(n_jobs=-1)]: Done 1398880 tasks      | elapsed:  4.2min
[Parallel(n_jobs=-1)]: Done 1480672 tasks      | elapsed:  4.5min
[Parallel(n_jobs=-1)]: Done 1564768 tasks      | elapsed:  4.7min
[Parallel(n_jobs=-1)]: Done 1651168 tasks      | elapsed:  5.0min
[Parallel(n_jobs=-1)]: Done 1739872 tasks      | elapsed:  5.3min
[Parallel(n_jobs=-1)]: Done 1808889 out of 1808920 | elapsed:  5.5min remaining:    0.0s
[Parallel(n_jobs=-1)]: Done 1808920 out of 1808920 | elapsed:  5.5min finished
    [Stage2] PC算法骨架边数: 3869
    [Stage2] PC算法筛选完成: 从 200 -> 148 个基因
  [保存] /root/autodl-tmp/newcfdemo/CFdemo_gene_text_copy/features/mrmr_stage2_stad/fold_0_genes.csv
         基因数: 148, 样本数: 301

✅ Fold 0 完成!
   输出文件: /root/autodl-tmp/newcfdemo/CFdemo_gene_text_copy/features/mrmr_stage2_stad/fold_0_genes.csv

============================================================
[Fold 1] 处理中...
============================================================

[stad] Fold 1: 开始 Stage 2 特征精炼...
  [数据] mRMR 基因文件: 200 基因 x 263 样本
  [数据] 临床数据: 277 样本, OS列: survival_months
         有效 OS 值: 277 / 277
  [合并] 基因数据 263 样本 + 临床数据 277 样本
         -> 合并后 297 样本 (OS + 200 基因)
    [Depth 0] 向量化计算皮尔逊相关性矩阵...
    [Depth 0] 向量化计算完成，处理 20100 对变量
    [Depth 0] 正在处理 13618 条边...
    [Depth 1] 正在处理 13618 条边...
    [Stage2] PC算法骨架边数: 3517
    [Stage2] PC算法筛选完成: 从 200 -> 119 个基因
  [保存] /root/autodl-tmp/newcfdemo/CFdemo_gene_text_copy/features/mrmr_stage2_stad/fold_1_genes.csv
         基因数: 119, 样本数: 297

✅ Fold 1 完成!
   输出文件: /root/autodl-tmp/newcfdemo/CFdemo_gene_text_copy/features/mrmr_stage2_stad/fold_1_genes.csv

============================================================
[Fold 2] 处理中...
============================================================

[stad] Fold 2: 开始 Stage 2 特征精炼...
  [数据] mRMR 基因文件: 200 基因 x 265 样本
  [数据] 临床数据: 277 样本, OS列: survival_months
         有效 OS 值: 277 / 277
  [合并] 基因数据 265 样本 + 临床数据 277 样本
         -> 合并后 301 样本 (OS + 200 基因)
    [Depth 0] 向量化计算皮尔逊相关性矩阵...
    [Depth 0] 向量化计算完成，处理 20100 对变量
    [Depth 0] 正在处理 11751 条边...
    [Depth 1] 正在处理 11751 条边...
    [Stage2] PC算法骨架边数: 3070
    [Stage2] PC算法筛选完成: 从 200 -> 112 个基因
  [保存] /root/autodl-tmp/newcfdemo/CFdemo_gene_text_copy/features/mrmr_stage2_stad/fold_2_genes.csv
         基因数: 112, 样本数: 301

✅ Fold 2 完成!
   输出文件: /root/autodl-tmp/newcfdemo/CFdemo_gene_text_copy/features/mrmr_stage2_stad/fold_2_genes.csv

============================================================
[Fold 3] 处理中...
============================================================

[stad] Fold 3: 开始 Stage 2 特征精炼...
  [数据] mRMR 基因文件: 200 基因 x 263 样本
  [数据] 临床数据: 277 样本, OS列: survival_months
         有效 OS 值: 277 / 277
  [合并] 基因数据 263 样本 + 临床数据 277 样本
         -> 合并后 297 样本 (OS + 200 基因)
    [Depth 0] 向量化计算皮尔逊相关性矩阵...
    [Depth 0] 向量化计算完成，处理 20100 对变量
    [Depth 0] 正在处理 11436 条边...
    [Depth 1] 正在处理 11436 条边...
    [Stage2] PC算法骨架边数: 3345
    [Stage2] PC算法筛选完成: 从 200 -> 149 个基因
  [保存] /root/autodl-tmp/newcfdemo/CFdemo_gene_text_copy/features/mrmr_stage2_stad/fold_3_genes.csv
         基因数: 149, 样本数: 297

✅ Fold 3 完成!
   输出文件: /root/autodl-tmp/newcfdemo/CFdemo_gene_text_copy/features/mrmr_stage2_stad/fold_3_genes.csv

============================================================
[Fold 4] 处理中...
============================================================

[stad] Fold 4: 开始 Stage 2 特征精炼...
  [数据] mRMR 基因文件: 200 基因 x 266 样本
  [数据] 临床数据: 277 样本, OS列: survival_months
         有效 OS 值: 277 / 277
  [合并] 基因数据 266 样本 + 临床数据 277 样本
         -> 合并后 303 样本 (OS + 200 基因)
    [Depth 0] 向量化计算皮尔逊相关性矩阵...
    [Depth 0] 向量化计算完成，处理 20100 对变量
    [Depth 0] 正在处理 13243 条边...
    [Depth 1] 正在处理 13243 条边...
    [Stage2] PC算法骨架边数: 3614
    [Stage2] PC算法筛选完成: 从 200 -> 129 个基因
  [保存] /root/autodl-tmp/newcfdemo/CFdemo_gene_text_copy/features/mrmr_stage2_stad/fold_4_genes.csv
         基因数: 129, 样本数: 303

✅ Fold 4 完成!
   输出文件: /root/autodl-tmp/newcfdemo/CFdemo_gene_text_copy/features/mrmr_stage2_stad/fold_4_genes.csv

============================================================
全部完成! 共处理 5 个 folds
  - /root/autodl-tmp/newcfdemo/CFdemo_gene_text_copy/features/mrmr_stage2_stad/fold_0_genes.csv
  - /root/autodl-tmp/newcfdemo/CFdemo_gene_text_copy/features/mrmr_stage2_stad/fold_1_genes.csv
  - /root/autodl-tmp/newcfdemo/CFdemo_gene_text_copy/features/mrmr_stage2_stad/fold_2_genes.csv
  - /root/autodl-tmp/newcfdemo/CFdemo_gene_text_copy/features/mrmr_stage2_stad/fold_3_genes.csv
  - /root/autodl-tmp/newcfdemo/CFdemo_gene_text_copy/features/mrmr_stage2_stad/fold_4_genes.csv
============================================================

==========================================
✅ Stage 2 特征精炼完成!
==========================================

📁 查看结果:
   ls -lh features/mrmr_stage2_stad/

📊 对比 mRMR vs Stage2 基因数量:
   # mRMR 基因数
   head -n 1 features/mrmr_stad/fold_0_genes.csv | awk -F',' '{print NF-1}'

   # Stage2 精炼后基因数
   head -n 1 features/mrmr_stage2_stad/fold_0_genes.csv | awk -F',' '{print NF-1}'
==========================================
