cuda

[DEBUG] ------------------------------------------------
[DEBUG] 当前工作目录 (CWD): /root/autodl-tmp/newcfdemo/CFdemo_gene
[DEBUG] 传入的 split_dir 参数: splits/5foldcv_ramdom/tcga_coadread
[DEBUG] 完整检查路径: /root/autodl-tmp/newcfdemo/CFdemo_gene/splits/5foldcv_ramdom/tcga_coadread
[DEBUG] 路径是否存在? : True
[DEBUG] ------------------------------------------------

Split dir: splits/5foldcv_ramdom/tcga_coadread

################# Settings ###################
num_splits:  5
k_start:  -1
k_end:  -1
task:  survival
max_epochs:  20
results_dir:  ./results/results/coadread_cfdemo_gene/tcga_coadread__nll_surv_a0.5_lr5e-04_l2Weight_0.0001_5foldcv_b1_survival_months_dss_dim1_768_patches_4000_wsiDim_1_epochs_20_fusion_None_modality_snn_pathT_custom_multitask_0.12
lr:  0.0005
experiment:  tcga_coadread
reg:  0.0001
bag_loss:  nll_surv
seed:  1
weighted_sample:  True
opt:  radam
num_patches:  4000
dropout:  0.25
type_of_path:  custom
split_dir:  splits/5foldcv_ramdom/tcga_coadread
enable_multitask:  True
multitask_weight:  0.12

🧹 [Dataset] Dropping non-feature columns: ['OS']
Loaded clinical data from: ./datasets_csv/clinical_data/tcga_coadread_clinical.csv
Clinical data shape: (274, 18)
Clinical data index (case_id) samples: ['TCGA-EI-7004', 'TCGA-D5-6926', 'TCGA-AY-5543', 'TCGA-CK-4951', 'TCGA-F4-6703']
Available stages: stage
III    182
II      45
IV      39
I        7
0        1
Name: count, dtype: int64
Valid stage mapping (excluding '0'): {'I': 0, 'II': 1, 'III': 2, 'IV': 3}
Number of valid stage classes: 4
Valid stage distribution:
  III: 182
  II: 45
  IV: 39
  I: 7
Using direct case_id matching for merging
[DEBUG] -------------------------------------
[DEBUG] 现有列名: ['case_id', 'patient_filename', 'text_report', 'stage', 'grade', 'subtype', 'Unnamed: 0', 'slide_id', 'age', 'site', 'survival_months', 'survival_months_dss', 'survival_months_pfi', 'censorship', 'censorship_dss', 'censorship_pfi', 'is_female', 'oncotree_code', 'train']
[DEBUG] 想找的列: |censorship_dss|
[DEBUG] -------------------------------------
label column: survival_months_dss
number of cases 270
number of classes: 8
multitask learning enabled
number of stage classes: 4
Defining datasets...
Using split_key='test' for validation set.
Created train and val datasets for fold 0

Training Fold 0!

Init train/val splits... 
Done!
Training on 42 samples
Validating on 10 samples

Init loss function... Done!

Init Model...   [Auto-Detect] Detected 18 features from custom file.
🔥 [Model Info] 检测到筛选后的特征 (Dim=18)，自动禁用通路编码器，改用直接拼接模式。

[DEBUG] SNNOmics 初始化状态: only_omic = True
[DEBUG] -> 正在构建 [纯基因] 分类器 (Input Dim: 256)

==============================
Model: snn
总参数量 (Total):      0.1090 B
可训练参数 (Trainable): 0.1090 B
==============================


Detailed layer-by-layer parameters:
Layer:                                                    | Params: 3
Layer: survival_classifier.0                              | Params: 32,896
Layer: survival_classifier.2                              | Params: 516
Layer: clinical_bert_model.embeddings.word_embeddings     | Params: 22,268,928
Layer: clinical_bert_model.embeddings.position_embeddings | Params: 393,216
Layer: clinical_bert_model.embeddings.token_type_embeddings | Params: 1,536
Layer: clinical_bert_model.embeddings.LayerNorm           | Params: 1,536
Layer: clinical_bert_model.encoder.layer.0.attention.self.query | Params: 590,592
Layer: clinical_bert_model.encoder.layer.0.attention.self.key | Params: 590,592
Layer: clinical_bert_model.encoder.layer.0.attention.self.value | Params: 590,592
Layer: clinical_bert_model.encoder.layer.0.attention.output.dense | Params: 590,592
Layer: clinical_bert_model.encoder.layer.0.attention.output.LayerNorm | Params: 1,536
Layer: clinical_bert_model.encoder.layer.0.intermediate.dense | Params: 2,362,368
Layer: clinical_bert_model.encoder.layer.0.output.dense   | Params: 2,360,064
Layer: clinical_bert_model.encoder.layer.0.output.LayerNorm | Params: 1,536
Layer: clinical_bert_model.encoder.layer.1.attention.self.query | Params: 590,592
Layer: clinical_bert_model.encoder.layer.1.attention.self.key | Params: 590,592
Layer: clinical_bert_model.encoder.layer.1.attention.self.value | Params: 590,592
Layer: clinical_bert_model.encoder.layer.1.attention.output.dense | Params: 590,592
Layer: clinical_bert_model.encoder.layer.1.attention.output.LayerNorm | Params: 1,536
Layer: clinical_bert_model.encoder.layer.1.intermediate.dense | Params: 2,362,368
Layer: clinical_bert_model.encoder.layer.1.output.dense   | Params: 2,360,064
Layer: clinical_bert_model.encoder.layer.1.output.LayerNorm | Params: 1,536
Layer: clinical_bert_model.encoder.layer.2.attention.self.query | Params: 590,592
Layer: clinical_bert_model.encoder.layer.2.attention.self.key | Params: 590,592
Layer: clinical_bert_model.encoder.layer.2.attention.self.value | Params: 590,592
Layer: clinical_bert_model.encoder.layer.2.attention.output.dense | Params: 590,592
Layer: clinical_bert_model.encoder.layer.2.attention.output.LayerNorm | Params: 1,536
Layer: clinical_bert_model.encoder.layer.2.intermediate.dense | Params: 2,362,368
Layer: clinical_bert_model.encoder.layer.2.output.dense   | Params: 2,360,064
Layer: clinical_bert_model.encoder.layer.2.output.LayerNorm | Params: 1,536
Layer: clinical_bert_model.encoder.layer.3.attention.self.query | Params: 590,592
Layer: clinical_bert_model.encoder.layer.3.attention.self.key | Params: 590,592
Layer: clinical_bert_model.encoder.layer.3.attention.self.value | Params: 590,592
Layer: clinical_bert_model.encoder.layer.3.attention.output.dense | Params: 590,592
Layer: clinical_bert_model.encoder.layer.3.attention.output.LayerNorm | Params: 1,536
Layer: clinical_bert_model.encoder.layer.3.intermediate.dense | Params: 2,362,368
Layer: clinical_bert_model.encoder.layer.3.output.dense   | Params: 2,360,064
Layer: clinical_bert_model.encoder.layer.3.output.LayerNorm | Params: 1,536
Layer: clinical_bert_model.encoder.layer.4.attention.self.query | Params: 590,592
Layer: clinical_bert_model.encoder.layer.4.attention.self.key | Params: 590,592
Layer: clinical_bert_model.encoder.layer.4.attention.self.value | Params: 590,592
Layer: clinical_bert_model.encoder.layer.4.attention.output.dense | Params: 590,592
Layer: clinical_bert_model.encoder.layer.4.attention.output.LayerNorm | Params: 1,536
Layer: clinical_bert_model.encoder.layer.4.intermediate.dense | Params: 2,362,368
Layer: clinical_bert_model.encoder.layer.4.output.dense   | Params: 2,360,064
Layer: clinical_bert_model.encoder.layer.4.output.LayerNorm | Params: 1,536
Layer: clinical_bert_model.encoder.layer.5.attention.self.query | Params: 590,592
Layer: clinical_bert_model.encoder.layer.5.attention.self.key | Params: 590,592
Layer: clinical_bert_model.encoder.layer.5.attention.self.value | Params: 590,592
Layer: clinical_bert_model.encoder.layer.5.attention.output.dense | Params: 590,592
Layer: clinical_bert_model.encoder.layer.5.attention.output.LayerNorm | Params: 1,536
Layer: clinical_bert_model.encoder.layer.5.intermediate.dense | Params: 2,362,368
Layer: clinical_bert_model.encoder.layer.5.output.dense   | Params: 2,360,064
Layer: clinical_bert_model.encoder.layer.5.output.LayerNorm | Params: 1,536
Layer: clinical_bert_model.encoder.layer.6.attention.self.query | Params: 590,592
Layer: clinical_bert_model.encoder.layer.6.attention.self.key | Params: 590,592
Layer: clinical_bert_model.encoder.layer.6.attention.self.value | Params: 590,592
Layer: clinical_bert_model.encoder.layer.6.attention.output.dense | Params: 590,592
Layer: clinical_bert_model.encoder.layer.6.attention.output.LayerNorm | Params: 1,536
Layer: clinical_bert_model.encoder.layer.6.intermediate.dense | Params: 2,362,368
Layer: clinical_bert_model.encoder.layer.6.output.dense   | Params: 2,360,064
Layer: clinical_bert_model.encoder.layer.6.output.LayerNorm | Params: 1,536
Layer: clinical_bert_model.encoder.layer.7.attention.self.query | Params: 590,592
Layer: clinical_bert_model.encoder.layer.7.attention.self.key | Params: 590,592
Layer: clinical_bert_model.encoder.layer.7.attention.self.value | Params: 590,592
Layer: clinical_bert_model.encoder.layer.7.attention.output.dense | Params: 590,592
Layer: clinical_bert_model.encoder.layer.7.attention.output.LayerNorm | Params: 1,536
Layer: clinical_bert_model.encoder.layer.7.intermediate.dense | Params: 2,362,368
Layer: clinical_bert_model.encoder.layer.7.output.dense   | Params: 2,360,064
Layer: clinical_bert_model.encoder.layer.7.output.LayerNorm | Params: 1,536
Layer: clinical_bert_model.encoder.layer.8.attention.self.query | Params: 590,592
Layer: clinical_bert_model.encoder.layer.8.attention.self.key | Params: 590,592
Layer: clinical_bert_model.encoder.layer.8.attention.self.value | Params: 590,592
Layer: clinical_bert_model.encoder.layer.8.attention.output.dense | Params: 590,592
Layer: clinical_bert_model.encoder.layer.8.attention.output.LayerNorm | Params: 1,536
Layer: clinical_bert_model.encoder.layer.8.intermediate.dense | Params: 2,362,368
Layer: clinical_bert_model.encoder.layer.8.output.dense   | Params: 2,360,064
Layer: clinical_bert_model.encoder.layer.8.output.LayerNorm | Params: 1,536
Layer: clinical_bert_model.encoder.layer.9.attention.self.query | Params: 590,592
Layer: clinical_bert_model.encoder.layer.9.attention.self.key | Params: 590,592
Layer: clinical_bert_model.encoder.layer.9.attention.self.value | Params: 590,592
Layer: clinical_bert_model.encoder.layer.9.attention.output.dense | Params: 590,592
Layer: clinical_bert_model.encoder.layer.9.attention.output.LayerNorm | Params: 1,536
Layer: clinical_bert_model.encoder.layer.9.intermediate.dense | Params: 2,362,368
Layer: clinical_bert_model.encoder.layer.9.output.dense   | Params: 2,360,064
Layer: clinical_bert_model.encoder.layer.9.output.LayerNorm | Params: 1,536
Layer: clinical_bert_model.encoder.layer.10.attention.self.query | Params: 590,592
Layer: clinical_bert_model.encoder.layer.10.attention.self.key | Params: 590,592
Layer: clinical_bert_model.encoder.layer.10.attention.self.value | Params: 590,592
Layer: clinical_bert_model.encoder.layer.10.attention.output.dense | Params: 590,592
Layer: clinical_bert_model.encoder.layer.10.attention.output.LayerNorm | Params: 1,536
Layer: clinical_bert_model.encoder.layer.10.intermediate.dense | Params: 2,362,368
Layer: clinical_bert_model.encoder.layer.10.output.dense  | Params: 2,360,064
Layer: clinical_bert_model.encoder.layer.10.output.LayerNorm | Params: 1,536
Layer: clinical_bert_model.encoder.layer.11.attention.self.query | Params: 590,592
Layer: clinical_bert_model.encoder.layer.11.attention.self.key | Params: 590,592
Layer: clinical_bert_model.encoder.layer.11.attention.self.value | Params: 590,592
Layer: clinical_bert_model.encoder.layer.11.attention.output.dense | Params: 590,592
Layer: clinical_bert_model.encoder.layer.11.attention.output.LayerNorm | Params: 1,536
Layer: clinical_bert_model.encoder.layer.11.intermediate.dense | Params: 2,362,368
Layer: clinical_bert_model.encoder.layer.11.output.dense  | Params: 2,360,064
Layer: clinical_bert_model.encoder.layer.11.output.LayerNorm | Params: 1,536
Layer: clinical_bert_model.pooler.dense                   | Params: 590,592
Layer: fc_omic.0.0                                        | Params: 4,864
Layer: fc_omic.1.0                                        | Params: 65,792
Layer: text_classifier                                    | Params: 1,028
Layer: gene_classifier                                    | Params: 1,028
Layer: stage_classifier                                   | Params: 1,028
Layer: stage_classifier_text                              | Params: 3,076
Layer: lin_weight                                         | Params: 769
Layer: text_projection                                    | Params: 196,864
Layer: query_projection                                   | Params: 131,328
Layer: cross_attention                                    | Params: 197,376
Layer: cross_attention.out_proj                           | Params: 65,792
Done!
Total number of parameters: 109012632
Total number of trainable parameters: 109012632

Init optimizer ... 
Init Loaders... Done!
batch: 0, loss: 1.420
Epoch: 0, train_loss: 1.3946, survival_loss: 50.3651, stage_loss: 68.4034, train_c_index: 0.4357, stage_acc: 0.0000
  🔄 同时获取训练集结果...
An error occured while computing BS
An error occured while computing IBS
Best Val c-index: 0.5000
batch: 0, loss: 0.473
Epoch: 1, train_loss: 1.5370, survival_loss: 55.7679, stage_loss: 73.2145, train_c_index: 0.5032, stage_acc: 0.0000
Best Val c-index: 0.5000
batch: 0, loss: 0.504
Epoch: 2, train_loss: 1.5022, survival_loss: 55.5215, stage_loss: 63.0871, train_c_index: 0.4030, stage_acc: 0.0000
Best Val c-index: 0.5000
batch: 0, loss: 2.355
Epoch: 3, train_loss: 1.6419, survival_loss: 61.4143, stage_loss: 62.8763, train_c_index: 0.4255, stage_acc: 0.0000
  🔄 同时获取训练集结果...
Best Val c-index: 0.5263
batch: 0, loss: 0.854
Epoch: 4, train_loss: 1.3671, survival_loss: 48.5597, stage_loss: 73.8243, train_c_index: 0.5697, stage_acc: 0.0000
  🔄 同时获取训练集结果...
Best Val c-index: 0.5789
batch: 0, loss: 2.066
Epoch: 5, train_loss: 1.5012, survival_loss: 55.3242, stage_loss: 64.3877, train_c_index: 0.6211, stage_acc: 0.0000
  🔄 同时获取训练集结果...
An error occured while computing BS
An error occured while computing IBS
Best Val c-index: 0.6316
batch: 0, loss: 0.753
Epoch: 6, train_loss: 1.3414, survival_loss: 48.8705, stage_loss: 62.2429, train_c_index: 0.4744, stage_acc: 0.0000
  🔄 同时获取训练集结果...
Best Val c-index: 0.6842
batch: 0, loss: 0.801
Epoch: 7, train_loss: 1.3427, survival_loss: 48.2816, stage_loss: 67.5897, train_c_index: 0.5288, stage_acc: 0.0000
Best Val c-index: 0.6842
batch: 0, loss: 1.385
Epoch: 8, train_loss: 1.3976, survival_loss: 50.8606, stage_loss: 65.3258, train_c_index: 0.5146, stage_acc: 0.0000
Best Val c-index: 0.6842
batch: 0, loss: 2.046
Epoch: 9, train_loss: 1.3574, survival_loss: 49.7588, stage_loss: 60.4434, train_c_index: 0.5650, stage_acc: 0.0000
Best Val c-index: 0.6842
batch: 0, loss: 1.102
Epoch: 10, train_loss: 1.1815, survival_loss: 43.6232, stage_loss: 50.0048, train_c_index: 0.4372, stage_acc: 0.0000
Best Val c-index: 0.6842
batch: 0, loss: 0.551
Epoch: 11, train_loss: 0.9442, survival_loss: 33.6859, stage_loss: 49.7668, train_c_index: 0.5121, stage_acc: 0.0000
  🔄 同时获取训练集结果...
Best Val c-index: 0.7105
batch: 0, loss: 1.701
Epoch: 12, train_loss: 1.1255, survival_loss: 41.2211, stage_loss: 50.4208, train_c_index: 0.4802, stage_acc: 0.0000
Best Val c-index: 0.7105
batch: 0, loss: 0.222
Epoch: 13, train_loss: 1.0976, survival_loss: 38.2578, stage_loss: 65.3585, train_c_index: 0.5188, stage_acc: 0.0000
Best Val c-index: 0.7105
batch: 0, loss: 0.137
Epoch: 14, train_loss: 1.1562, survival_loss: 42.2405, stage_loss: 52.6587, train_c_index: 0.5886, stage_acc: 0.0000
Best Val c-index: 0.7105
batch: 0, loss: 0.499
Epoch: 15, train_loss: 0.9724, survival_loss: 34.3254, stage_loss: 54.3075, train_c_index: 0.6325, stage_acc: 0.0000
Best Val c-index: 0.7105
batch: 0, loss: 0.972
Epoch: 16, train_loss: 1.2233, survival_loss: 45.3582, stage_loss: 50.1597, train_c_index: 0.5778, stage_acc: 0.0000
Best Val c-index: 0.7105
batch: 0, loss: 1.815
Epoch: 17, train_loss: 1.2872, survival_loss: 47.5936, stage_loss: 53.9078, train_c_index: 0.5197, stage_acc: 0.0000
Best Val c-index: 0.7105
batch: 0, loss: 0.416
Epoch: 18, train_loss: 1.1003, survival_loss: 39.3100, stage_loss: 57.5133, train_c_index: 0.6096, stage_acc: 0.0000
Best Val c-index: 0.7105
batch: 0, loss: 1.743
Epoch: 19, train_loss: 1.0706, survival_loss: 39.3616, stage_loss: 46.7089, train_c_index: 0.6765, stage_acc: 0.0000
Best Val c-index: 0.7105
🎨 Generating Kaplan-Meier plot for the full cohort...
📁 KM plot data saved to: ./results/results/coadread_cfdemo_gene/tcga_coadread__nll_surv_a0.5_lr5e-04_l2Weight_0.0001_5foldcv_b1_survival_months_dss_dim1_768_patches_4000_wsiDim_1_epochs_20_fusion_None_modality_snn_pathT_custom_multitask_0.12/TCGA_COADREAD-Fold0_km_plot_data.csv
🖼️ KM plot image saved to: ./results/results/coadread_cfdemo_gene/tcga_coadread__nll_surv_a0.5_lr5e-04_l2Weight_0.0001_5foldcv_b1_survival_months_dss_dim1_768_patches_4000_wsiDim_1_epochs_20_fusion_None_modality_snn_pathT_custom_multitask_0.12/TCGA_COADREAD-Fold0_km_plot.png
Saving results...
Defining datasets...
Using split_key='test' for validation set.
Created train and val datasets for fold 1

Training Fold 1!

Init train/val splits... 
Done!
Training on 42 samples
Validating on 11 samples

Init loss function... Done!

Init Model...   [Auto-Detect] Detected 18 features from custom file.
🔥 [Model Info] 检测到筛选后的特征 (Dim=18)，自动禁用通路编码器，改用直接拼接模式。

[DEBUG] SNNOmics 初始化状态: only_omic = True
[DEBUG] -> 正在构建 [纯基因] 分类器 (Input Dim: 256)

==============================
Model: snn
总参数量 (Total):      0.1090 B
可训练参数 (Trainable): 0.1090 B
==============================


Detailed layer-by-layer parameters:
Layer:                                                    | Params: 3
Layer: survival_classifier.0                              | Params: 32,896
Layer: survival_classifier.2                              | Params: 516
Layer: clinical_bert_model.embeddings.word_embeddings     | Params: 22,268,928
Layer: clinical_bert_model.embeddings.position_embeddings | Params: 393,216
Layer: clinical_bert_model.embeddings.token_type_embeddings | Params: 1,536
Layer: clinical_bert_model.embeddings.LayerNorm           | Params: 1,536
Layer: clinical_bert_model.encoder.layer.0.attention.self.query | Params: 590,592
Layer: clinical_bert_model.encoder.layer.0.attention.self.key | Params: 590,592
Layer: clinical_bert_model.encoder.layer.0.attention.self.value | Params: 590,592
Layer: clinical_bert_model.encoder.layer.0.attention.output.dense | Params: 590,592
Layer: clinical_bert_model.encoder.layer.0.attention.output.LayerNorm | Params: 1,536
Layer: clinical_bert_model.encoder.layer.0.intermediate.dense | Params: 2,362,368
Layer: clinical_bert_model.encoder.layer.0.output.dense   | Params: 2,360,064
Layer: clinical_bert_model.encoder.layer.0.output.LayerNorm | Params: 1,536
Layer: clinical_bert_model.encoder.layer.1.attention.self.query | Params: 590,592
Layer: clinical_bert_model.encoder.layer.1.attention.self.key | Params: 590,592
Layer: clinical_bert_model.encoder.layer.1.attention.self.value | Params: 590,592
Layer: clinical_bert_model.encoder.layer.1.attention.output.dense | Params: 590,592
Layer: clinical_bert_model.encoder.layer.1.attention.output.LayerNorm | Params: 1,536
Layer: clinical_bert_model.encoder.layer.1.intermediate.dense | Params: 2,362,368
Layer: clinical_bert_model.encoder.layer.1.output.dense   | Params: 2,360,064
Layer: clinical_bert_model.encoder.layer.1.output.LayerNorm | Params: 1,536
Layer: clinical_bert_model.encoder.layer.2.attention.self.query | Params: 590,592
Layer: clinical_bert_model.encoder.layer.2.attention.self.key | Params: 590,592
Layer: clinical_bert_model.encoder.layer.2.attention.self.value | Params: 590,592
Layer: clinical_bert_model.encoder.layer.2.attention.output.dense | Params: 590,592
Layer: clinical_bert_model.encoder.layer.2.attention.output.LayerNorm | Params: 1,536
Layer: clinical_bert_model.encoder.layer.2.intermediate.dense | Params: 2,362,368
Layer: clinical_bert_model.encoder.layer.2.output.dense   | Params: 2,360,064
Layer: clinical_bert_model.encoder.layer.2.output.LayerNorm | Params: 1,536
Layer: clinical_bert_model.encoder.layer.3.attention.self.query | Params: 590,592
Layer: clinical_bert_model.encoder.layer.3.attention.self.key | Params: 590,592
Layer: clinical_bert_model.encoder.layer.3.attention.self.value | Params: 590,592
Layer: clinical_bert_model.encoder.layer.3.attention.output.dense | Params: 590,592
Layer: clinical_bert_model.encoder.layer.3.attention.output.LayerNorm | Params: 1,536
Layer: clinical_bert_model.encoder.layer.3.intermediate.dense | Params: 2,362,368
Layer: clinical_bert_model.encoder.layer.3.output.dense   | Params: 2,360,064
Layer: clinical_bert_model.encoder.layer.3.output.LayerNorm | Params: 1,536
Layer: clinical_bert_model.encoder.layer.4.attention.self.query | Params: 590,592
Layer: clinical_bert_model.encoder.layer.4.attention.self.key | Params: 590,592
Layer: clinical_bert_model.encoder.layer.4.attention.self.value | Params: 590,592
Layer: clinical_bert_model.encoder.layer.4.attention.output.dense | Params: 590,592
Layer: clinical_bert_model.encoder.layer.4.attention.output.LayerNorm | Params: 1,536
Layer: clinical_bert_model.encoder.layer.4.intermediate.dense | Params: 2,362,368
Layer: clinical_bert_model.encoder.layer.4.output.dense   | Params: 2,360,064
Layer: clinical_bert_model.encoder.layer.4.output.LayerNorm | Params: 1,536
Layer: clinical_bert_model.encoder.layer.5.attention.self.query | Params: 590,592
Layer: clinical_bert_model.encoder.layer.5.attention.self.key | Params: 590,592
Layer: clinical_bert_model.encoder.layer.5.attention.self.value | Params: 590,592
Layer: clinical_bert_model.encoder.layer.5.attention.output.dense | Params: 590,592
Layer: clinical_bert_model.encoder.layer.5.attention.output.LayerNorm | Params: 1,536
Layer: clinical_bert_model.encoder.layer.5.intermediate.dense | Params: 2,362,368
Layer: clinical_bert_model.encoder.layer.5.output.dense   | Params: 2,360,064
Layer: clinical_bert_model.encoder.layer.5.output.LayerNorm | Params: 1,536
Layer: clinical_bert_model.encoder.layer.6.attention.self.query | Params: 590,592
Layer: clinical_bert_model.encoder.layer.6.attention.self.key | Params: 590,592
Layer: clinical_bert_model.encoder.layer.6.attention.self.value | Params: 590,592
Layer: clinical_bert_model.encoder.layer.6.attention.output.dense | Params: 590,592
Layer: clinical_bert_model.encoder.layer.6.attention.output.LayerNorm | Params: 1,536
Layer: clinical_bert_model.encoder.layer.6.intermediate.dense | Params: 2,362,368
Layer: clinical_bert_model.encoder.layer.6.output.dense   | Params: 2,360,064
Layer: clinical_bert_model.encoder.layer.6.output.LayerNorm | Params: 1,536
Layer: clinical_bert_model.encoder.layer.7.attention.self.query | Params: 590,592
Layer: clinical_bert_model.encoder.layer.7.attention.self.key | Params: 590,592
Layer: clinical_bert_model.encoder.layer.7.attention.self.value | Params: 590,592
Layer: clinical_bert_model.encoder.layer.7.attention.output.dense | Params: 590,592
Layer: clinical_bert_model.encoder.layer.7.attention.output.LayerNorm | Params: 1,536
Layer: clinical_bert_model.encoder.layer.7.intermediate.dense | Params: 2,362,368
Layer: clinical_bert_model.encoder.layer.7.output.dense   | Params: 2,360,064
Layer: clinical_bert_model.encoder.layer.7.output.LayerNorm | Params: 1,536
Layer: clinical_bert_model.encoder.layer.8.attention.self.query | Params: 590,592
Layer: clinical_bert_model.encoder.layer.8.attention.self.key | Params: 590,592
Layer: clinical_bert_model.encoder.layer.8.attention.self.value | Params: 590,592
Layer: clinical_bert_model.encoder.layer.8.attention.output.dense | Params: 590,592
Layer: clinical_bert_model.encoder.layer.8.attention.output.LayerNorm | Params: 1,536
Layer: clinical_bert_model.encoder.layer.8.intermediate.dense | Params: 2,362,368
Layer: clinical_bert_model.encoder.layer.8.output.dense   | Params: 2,360,064
Layer: clinical_bert_model.encoder.layer.8.output.LayerNorm | Params: 1,536
Layer: clinical_bert_model.encoder.layer.9.attention.self.query | Params: 590,592
Layer: clinical_bert_model.encoder.layer.9.attention.self.key | Params: 590,592
Layer: clinical_bert_model.encoder.layer.9.attention.self.value | Params: 590,592
Layer: clinical_bert_model.encoder.layer.9.attention.output.dense | Params: 590,592
Layer: clinical_bert_model.encoder.layer.9.attention.output.LayerNorm | Params: 1,536
Layer: clinical_bert_model.encoder.layer.9.intermediate.dense | Params: 2,362,368
Layer: clinical_bert_model.encoder.layer.9.output.dense   | Params: 2,360,064
Layer: clinical_bert_model.encoder.layer.9.output.LayerNorm | Params: 1,536
Layer: clinical_bert_model.encoder.layer.10.attention.self.query | Params: 590,592
Layer: clinical_bert_model.encoder.layer.10.attention.self.key | Params: 590,592
Layer: clinical_bert_model.encoder.layer.10.attention.self.value | Params: 590,592
Layer: clinical_bert_model.encoder.layer.10.attention.output.dense | Params: 590,592
Layer: clinical_bert_model.encoder.layer.10.attention.output.LayerNorm | Params: 1,536
Layer: clinical_bert_model.encoder.layer.10.intermediate.dense | Params: 2,362,368
Layer: clinical_bert_model.encoder.layer.10.output.dense  | Params: 2,360,064
Layer: clinical_bert_model.encoder.layer.10.output.LayerNorm | Params: 1,536
Layer: clinical_bert_model.encoder.layer.11.attention.self.query | Params: 590,592
Layer: clinical_bert_model.encoder.layer.11.attention.self.key | Params: 590,592
Layer: clinical_bert_model.encoder.layer.11.attention.self.value | Params: 590,592
Layer: clinical_bert_model.encoder.layer.11.attention.output.dense | Params: 590,592
Layer: clinical_bert_model.encoder.layer.11.attention.output.LayerNorm | Params: 1,536
Layer: clinical_bert_model.encoder.layer.11.intermediate.dense | Params: 2,362,368
Layer: clinical_bert_model.encoder.layer.11.output.dense  | Params: 2,360,064
Layer: clinical_bert_model.encoder.layer.11.output.LayerNorm | Params: 1,536
Layer: clinical_bert_model.pooler.dense                   | Params: 590,592
Layer: fc_omic.0.0                                        | Params: 4,864
Layer: fc_omic.1.0                                        | Params: 65,792
Layer: text_classifier                                    | Params: 1,028
Layer: gene_classifier                                    | Params: 1,028
Layer: stage_classifier                                   | Params: 1,028
Layer: stage_classifier_text                              | Params: 3,076
Layer: lin_weight                                         | Params: 769
Layer: text_projection                                    | Params: 196,864
Layer: query_projection                                   | Params: 131,328
Layer: cross_attention                                    | Params: 197,376
Layer: cross_attention.out_proj                           | Params: 65,792
Done!
Total number of parameters: 109012632
Total number of trainable parameters: 109012632

Init optimizer ... 
Init Loaders... Done!
batch: 0, loss: 1.178
Epoch: 0, train_loss: 1.9752, survival_loss: 74.2311, stage_loss: 72.7100, train_c_index: 0.4865, stage_acc: 0.0000
  🔄 同时获取训练集结果...
An error occured while computing BS
An error occured while computing IBS
An error occured while computing iauc
Best Val c-index: 0.2500
batch: 0, loss: 1.781
Epoch: 1, train_loss: 1.9081, survival_loss: 71.6311, stage_loss: 70.9243, train_c_index: 0.4515, stage_acc: 0.0000
Best Val c-index: 0.2500
batch: 0, loss: 4.177
Epoch: 2, train_loss: 1.7422, survival_loss: 65.1477, stage_loss: 66.8558, train_c_index: 0.5874, stage_acc: 0.0000
  🔄 同时获取训练集结果...
Best Val c-index: 0.3333
batch: 0, loss: 1.402
Epoch: 3, train_loss: 1.6313, survival_loss: 60.3232, stage_loss: 68.2771, train_c_index: 0.6640, stage_acc: 0.0000
  🔄 同时获取训练集结果...
Best Val c-index: 0.4167
batch: 0, loss: 0.419
Epoch: 4, train_loss: 1.5384, survival_loss: 56.0950, stage_loss: 70.9708, train_c_index: 0.4939, stage_acc: 0.0000
  🔄 同时获取训练集结果...
Best Val c-index: 0.5000
batch: 0, loss: 0.490
Epoch: 5, train_loss: 1.4867, survival_loss: 55.3437, stage_loss: 59.1363, train_c_index: 0.5940, stage_acc: 0.0000
  🔄 同时获取训练集结果...
An error occured while computing BS
An error occured while computing IBS
An error occured while computing iauc
Best Val c-index: 0.6250
batch: 0, loss: 0.406
Epoch: 6, train_loss: 1.4333, survival_loss: 52.8415, stage_loss: 61.3246, train_c_index: 0.3983, stage_acc: 0.0000
Best Val c-index: 0.6250
batch: 0, loss: 1.528
Epoch: 7, train_loss: 1.2093, survival_loss: 44.4401, stage_loss: 52.9239, train_c_index: 0.5298, stage_acc: 0.0000
Best Val c-index: 0.6250
batch: 0, loss: 2.148
Epoch: 8, train_loss: 1.6007, survival_loss: 59.6894, stage_loss: 62.8360, train_c_index: 0.4535, stage_acc: 0.0000
Best Val c-index: 0.6250
batch: 0, loss: 2.221
Epoch: 9, train_loss: 1.2636, survival_loss: 45.7718, stage_loss: 60.8212, train_c_index: 0.5599, stage_acc: 0.0000
Best Val c-index: 0.6250
batch: 0, loss: 1.384
Epoch: 10, train_loss: 1.2011, survival_loss: 43.7357, stage_loss: 55.9338, train_c_index: 0.5049, stage_acc: 0.0000
Best Val c-index: 0.6250
batch: 0, loss: 0.612
Epoch: 11, train_loss: 1.3715, survival_loss: 50.9940, stage_loss: 55.0801, train_c_index: 0.5182, stage_acc: 0.0000
  🔄 同时获取训练集结果...
An error occured while computing BS
An error occured while computing IBS
An error occured while computing iauc
Best Val c-index: 0.6667
batch: 0, loss: 0.377
Epoch: 12, train_loss: 1.1564, survival_loss: 41.8461, stage_loss: 56.0122, train_c_index: 0.4527, stage_acc: 0.0000
Best Val c-index: 0.6667
batch: 0, loss: 0.507
Epoch: 13, train_loss: 1.1645, survival_loss: 41.5932, stage_loss: 60.9516, train_c_index: 0.6953, stage_acc: 0.0000
Best Val c-index: 0.6667
batch: 0, loss: 0.803
Epoch: 14, train_loss: 0.9110, survival_loss: 31.7666, stage_loss: 54.1356, train_c_index: 0.4483, stage_acc: 0.0000
Best Val c-index: 0.6667
batch: 0, loss: 1.577
Epoch: 15, train_loss: 1.2156, survival_loss: 44.2713, stage_loss: 56.5459, train_c_index: 0.5816, stage_acc: 0.0000
Best Val c-index: 0.6667
batch: 0, loss: 1.897
Epoch: 16, train_loss: 1.2749, survival_loss: 48.5806, stage_loss: 41.3605, train_c_index: 0.5460, stage_acc: 0.0000
Best Val c-index: 0.6667
batch: 0, loss: 0.357
Epoch: 17, train_loss: 1.1738, survival_loss: 43.5562, stage_loss: 47.8445, train_c_index: 0.5093, stage_acc: 0.0000
Best Val c-index: 0.6667
batch: 0, loss: 0.604
Epoch: 18, train_loss: 1.1171, survival_loss: 40.8396, stage_loss: 50.6549, train_c_index: 0.5753, stage_acc: 0.0000
Best Val c-index: 0.6667
batch: 0, loss: 1.633
Epoch: 19, train_loss: 1.1322, survival_loss: 41.2519, stage_loss: 52.5038, train_c_index: 0.5628, stage_acc: 0.0000
Best Val c-index: 0.6667
🎨 Generating Kaplan-Meier plot for the full cohort...
📁 KM plot data saved to: ./results/results/coadread_cfdemo_gene/tcga_coadread__nll_surv_a0.5_lr5e-04_l2Weight_0.0001_5foldcv_b1_survival_months_dss_dim1_768_patches_4000_wsiDim_1_epochs_20_fusion_None_modality_snn_pathT_custom_multitask_0.12/TCGA_COADREAD-Fold1_km_plot_data.csv
🖼️ KM plot image saved to: ./results/results/coadread_cfdemo_gene/tcga_coadread__nll_surv_a0.5_lr5e-04_l2Weight_0.0001_5foldcv_b1_survival_months_dss_dim1_768_patches_4000_wsiDim_1_epochs_20_fusion_None_modality_snn_pathT_custom_multitask_0.12/TCGA_COADREAD-Fold1_km_plot.png
Saving results...
Defining datasets...
Using split_key='test' for validation set.
Created train and val datasets for fold 2

Training Fold 2!

Init train/val splits... 
Done!
Training on 42 samples
Validating on 11 samples

Init loss function... Done!

Init Model...   [Auto-Detect] Detected 18 features from custom file.
🔥 [Model Info] 检测到筛选后的特征 (Dim=18)，自动禁用通路编码器，改用直接拼接模式。

[DEBUG] SNNOmics 初始化状态: only_omic = True
[DEBUG] -> 正在构建 [纯基因] 分类器 (Input Dim: 256)

==============================
Model: snn
总参数量 (Total):      0.1090 B
可训练参数 (Trainable): 0.1090 B
==============================


Detailed layer-by-layer parameters:
Layer:                                                    | Params: 3
Layer: survival_classifier.0                              | Params: 32,896
Layer: survival_classifier.2                              | Params: 516
Layer: clinical_bert_model.embeddings.word_embeddings     | Params: 22,268,928
Layer: clinical_bert_model.embeddings.position_embeddings | Params: 393,216
Layer: clinical_bert_model.embeddings.token_type_embeddings | Params: 1,536
Layer: clinical_bert_model.embeddings.LayerNorm           | Params: 1,536
Layer: clinical_bert_model.encoder.layer.0.attention.self.query | Params: 590,592
Layer: clinical_bert_model.encoder.layer.0.attention.self.key | Params: 590,592
Layer: clinical_bert_model.encoder.layer.0.attention.self.value | Params: 590,592
Layer: clinical_bert_model.encoder.layer.0.attention.output.dense | Params: 590,592
Layer: clinical_bert_model.encoder.layer.0.attention.output.LayerNorm | Params: 1,536
Layer: clinical_bert_model.encoder.layer.0.intermediate.dense | Params: 2,362,368
Layer: clinical_bert_model.encoder.layer.0.output.dense   | Params: 2,360,064
Layer: clinical_bert_model.encoder.layer.0.output.LayerNorm | Params: 1,536
Layer: clinical_bert_model.encoder.layer.1.attention.self.query | Params: 590,592
Layer: clinical_bert_model.encoder.layer.1.attention.self.key | Params: 590,592
Layer: clinical_bert_model.encoder.layer.1.attention.self.value | Params: 590,592
Layer: clinical_bert_model.encoder.layer.1.attention.output.dense | Params: 590,592
Layer: clinical_bert_model.encoder.layer.1.attention.output.LayerNorm | Params: 1,536
Layer: clinical_bert_model.encoder.layer.1.intermediate.dense | Params: 2,362,368
Layer: clinical_bert_model.encoder.layer.1.output.dense   | Params: 2,360,064
Layer: clinical_bert_model.encoder.layer.1.output.LayerNorm | Params: 1,536
Layer: clinical_bert_model.encoder.layer.2.attention.self.query | Params: 590,592
Layer: clinical_bert_model.encoder.layer.2.attention.self.key | Params: 590,592
Layer: clinical_bert_model.encoder.layer.2.attention.self.value | Params: 590,592
Layer: clinical_bert_model.encoder.layer.2.attention.output.dense | Params: 590,592
Layer: clinical_bert_model.encoder.layer.2.attention.output.LayerNorm | Params: 1,536
Layer: clinical_bert_model.encoder.layer.2.intermediate.dense | Params: 2,362,368
Layer: clinical_bert_model.encoder.layer.2.output.dense   | Params: 2,360,064
Layer: clinical_bert_model.encoder.layer.2.output.LayerNorm | Params: 1,536
Layer: clinical_bert_model.encoder.layer.3.attention.self.query | Params: 590,592
Layer: clinical_bert_model.encoder.layer.3.attention.self.key | Params: 590,592
Layer: clinical_bert_model.encoder.layer.3.attention.self.value | Params: 590,592
Layer: clinical_bert_model.encoder.layer.3.attention.output.dense | Params: 590,592
Layer: clinical_bert_model.encoder.layer.3.attention.output.LayerNorm | Params: 1,536
Layer: clinical_bert_model.encoder.layer.3.intermediate.dense | Params: 2,362,368
Layer: clinical_bert_model.encoder.layer.3.output.dense   | Params: 2,360,064
Layer: clinical_bert_model.encoder.layer.3.output.LayerNorm | Params: 1,536
Layer: clinical_bert_model.encoder.layer.4.attention.self.query | Params: 590,592
Layer: clinical_bert_model.encoder.layer.4.attention.self.key | Params: 590,592
Layer: clinical_bert_model.encoder.layer.4.attention.self.value | Params: 590,592
Layer: clinical_bert_model.encoder.layer.4.attention.output.dense | Params: 590,592
Layer: clinical_bert_model.encoder.layer.4.attention.output.LayerNorm | Params: 1,536
Layer: clinical_bert_model.encoder.layer.4.intermediate.dense | Params: 2,362,368
Layer: clinical_bert_model.encoder.layer.4.output.dense   | Params: 2,360,064
Layer: clinical_bert_model.encoder.layer.4.output.LayerNorm | Params: 1,536
Layer: clinical_bert_model.encoder.layer.5.attention.self.query | Params: 590,592
Layer: clinical_bert_model.encoder.layer.5.attention.self.key | Params: 590,592
Layer: clinical_bert_model.encoder.layer.5.attention.self.value | Params: 590,592
Layer: clinical_bert_model.encoder.layer.5.attention.output.dense | Params: 590,592
Layer: clinical_bert_model.encoder.layer.5.attention.output.LayerNorm | Params: 1,536
Layer: clinical_bert_model.encoder.layer.5.intermediate.dense | Params: 2,362,368
Layer: clinical_bert_model.encoder.layer.5.output.dense   | Params: 2,360,064
Layer: clinical_bert_model.encoder.layer.5.output.LayerNorm | Params: 1,536
Layer: clinical_bert_model.encoder.layer.6.attention.self.query | Params: 590,592
Layer: clinical_bert_model.encoder.layer.6.attention.self.key | Params: 590,592
Layer: clinical_bert_model.encoder.layer.6.attention.self.value | Params: 590,592
Layer: clinical_bert_model.encoder.layer.6.attention.output.dense | Params: 590,592
Layer: clinical_bert_model.encoder.layer.6.attention.output.LayerNorm | Params: 1,536
Layer: clinical_bert_model.encoder.layer.6.intermediate.dense | Params: 2,362,368
Layer: clinical_bert_model.encoder.layer.6.output.dense   | Params: 2,360,064
Layer: clinical_bert_model.encoder.layer.6.output.LayerNorm | Params: 1,536
Layer: clinical_bert_model.encoder.layer.7.attention.self.query | Params: 590,592
Layer: clinical_bert_model.encoder.layer.7.attention.self.key | Params: 590,592
Layer: clinical_bert_model.encoder.layer.7.attention.self.value | Params: 590,592
Layer: clinical_bert_model.encoder.layer.7.attention.output.dense | Params: 590,592
Layer: clinical_bert_model.encoder.layer.7.attention.output.LayerNorm | Params: 1,536
Layer: clinical_bert_model.encoder.layer.7.intermediate.dense | Params: 2,362,368
Layer: clinical_bert_model.encoder.layer.7.output.dense   | Params: 2,360,064
Layer: clinical_bert_model.encoder.layer.7.output.LayerNorm | Params: 1,536
Layer: clinical_bert_model.encoder.layer.8.attention.self.query | Params: 590,592
Layer: clinical_bert_model.encoder.layer.8.attention.self.key | Params: 590,592
Layer: clinical_bert_model.encoder.layer.8.attention.self.value | Params: 590,592
Layer: clinical_bert_model.encoder.layer.8.attention.output.dense | Params: 590,592
Layer: clinical_bert_model.encoder.layer.8.attention.output.LayerNorm | Params: 1,536
Layer: clinical_bert_model.encoder.layer.8.intermediate.dense | Params: 2,362,368
Layer: clinical_bert_model.encoder.layer.8.output.dense   | Params: 2,360,064
Layer: clinical_bert_model.encoder.layer.8.output.LayerNorm | Params: 1,536
Layer: clinical_bert_model.encoder.layer.9.attention.self.query | Params: 590,592
Layer: clinical_bert_model.encoder.layer.9.attention.self.key | Params: 590,592
Layer: clinical_bert_model.encoder.layer.9.attention.self.value | Params: 590,592
Layer: clinical_bert_model.encoder.layer.9.attention.output.dense | Params: 590,592
Layer: clinical_bert_model.encoder.layer.9.attention.output.LayerNorm | Params: 1,536
Layer: clinical_bert_model.encoder.layer.9.intermediate.dense | Params: 2,362,368
Layer: clinical_bert_model.encoder.layer.9.output.dense   | Params: 2,360,064
Layer: clinical_bert_model.encoder.layer.9.output.LayerNorm | Params: 1,536
Layer: clinical_bert_model.encoder.layer.10.attention.self.query | Params: 590,592
Layer: clinical_bert_model.encoder.layer.10.attention.self.key | Params: 590,592
Layer: clinical_bert_model.encoder.layer.10.attention.self.value | Params: 590,592
Layer: clinical_bert_model.encoder.layer.10.attention.output.dense | Params: 590,592
Layer: clinical_bert_model.encoder.layer.10.attention.output.LayerNorm | Params: 1,536
Layer: clinical_bert_model.encoder.layer.10.intermediate.dense | Params: 2,362,368
Layer: clinical_bert_model.encoder.layer.10.output.dense  | Params: 2,360,064
Layer: clinical_bert_model.encoder.layer.10.output.LayerNorm | Params: 1,536
Layer: clinical_bert_model.encoder.layer.11.attention.self.query | Params: 590,592
Layer: clinical_bert_model.encoder.layer.11.attention.self.key | Params: 590,592
Layer: clinical_bert_model.encoder.layer.11.attention.self.value | Params: 590,592
Layer: clinical_bert_model.encoder.layer.11.attention.output.dense | Params: 590,592
Layer: clinical_bert_model.encoder.layer.11.attention.output.LayerNorm | Params: 1,536
Layer: clinical_bert_model.encoder.layer.11.intermediate.dense | Params: 2,362,368
Layer: clinical_bert_model.encoder.layer.11.output.dense  | Params: 2,360,064
Layer: clinical_bert_model.encoder.layer.11.output.LayerNorm | Params: 1,536
Layer: clinical_bert_model.pooler.dense                   | Params: 590,592
Layer: fc_omic.0.0                                        | Params: 4,864
Layer: fc_omic.1.0                                        | Params: 65,792
Layer: text_classifier                                    | Params: 1,028
Layer: gene_classifier                                    | Params: 1,028
Layer: stage_classifier                                   | Params: 1,028
Layer: stage_classifier_text                              | Params: 3,076
Layer: lin_weight                                         | Params: 769
Layer: text_projection                                    | Params: 196,864
Layer: query_projection                                   | Params: 131,328
Layer: cross_attention                                    | Params: 197,376
Layer: cross_attention.out_proj                           | Params: 65,792
Done!
Total number of parameters: 109012632
Total number of trainable parameters: 109012632

Init optimizer ... 
Init Loaders... Done!
batch: 0, loss: 2.559
Epoch: 0, train_loss: 1.7316, survival_loss: 63.8136, stage_loss: 74.2889, train_c_index: 0.5361, stage_acc: 0.0000
  🔄 同时获取训练集结果...
An error occured while computing BS
An error occured while computing IBS
An error occured while computing iauc
Best Val c-index: 0.3784
batch: 0, loss: 0.864
Epoch: 1, train_loss: 1.5724, survival_loss: 57.7201, stage_loss: 69.3219, train_c_index: 0.4710, stage_acc: 0.0000
  🔄 同时获取训练集结果...
Best Val c-index: 0.4054
batch: 0, loss: 1.876
Epoch: 2, train_loss: 1.4035, survival_loss: 49.9337, stage_loss: 75.1047, train_c_index: 0.5251, stage_acc: 0.0000
  🔄 同时获取训练集结果...
An error occured while computing BS
An error occured while computing IBS
An error occured while computing iauc
Best Val c-index: 0.4324
batch: 0, loss: 2.745
Epoch: 3, train_loss: 1.4071, survival_loss: 50.5755, stage_loss: 71.0095, train_c_index: 0.4540, stage_acc: 0.0000
  🔄 同时获取训练集结果...
An error occured while computing BS
An error occured while computing IBS
An error occured while computing iauc
Best Val c-index: 0.4595
batch: 0, loss: 0.876
Epoch: 4, train_loss: 1.5960, survival_loss: 59.1095, stage_loss: 66.0257, train_c_index: 0.5097, stage_acc: 0.0000
  🔄 同时获取训练集结果...
Best Val c-index: 0.6757
batch: 0, loss: 1.098
Epoch: 5, train_loss: 1.4868, survival_loss: 54.8939, stage_loss: 62.9154, train_c_index: 0.4865, stage_acc: 0.0000
Best Val c-index: 0.6757
batch: 0, loss: 0.675
Epoch: 6, train_loss: 1.3089, survival_loss: 47.2104, stage_loss: 64.6982, train_c_index: 0.6339, stage_acc: 0.0000
  🔄 同时获取训练集结果...
An error occured while computing BS
An error occured while computing IBS
An error occured while computing iauc
Best Val c-index: 0.7297
batch: 0, loss: 0.335
Epoch: 7, train_loss: 1.2495, survival_loss: 46.1593, stage_loss: 52.6812, train_c_index: 0.5804, stage_acc: 0.0000
  🔄 同时获取训练集结果...
An error occured while computing BS
An error occured while computing IBS
Best Val c-index: 0.8108
batch: 0, loss: 1.460
Epoch: 8, train_loss: 1.2887, survival_loss: 47.7058, stage_loss: 53.4914, train_c_index: 0.5922, stage_acc: 0.0000
  🔄 同时获取训练集结果...
Best Val c-index: 0.8378
batch: 0, loss: 1.470
Epoch: 9, train_loss: 1.5129, survival_loss: 55.6496, stage_loss: 65.7557, train_c_index: 0.5000, stage_acc: 0.0000
Best Val c-index: 0.8378
batch: 0, loss: 1.324
Epoch: 10, train_loss: 1.1839, survival_loss: 42.9254, stage_loss: 56.6602, train_c_index: 0.5878, stage_acc: 0.0000
Best Val c-index: 0.8378
batch: 0, loss: 0.456
Epoch: 11, train_loss: 1.1422, survival_loss: 40.4243, stage_loss: 62.8893, train_c_index: 0.5287, stage_acc: 0.0000
Best Val c-index: 0.8378
batch: 0, loss: 2.075
Epoch: 12, train_loss: 1.2092, survival_loss: 43.8669, stage_loss: 57.6777, train_c_index: 0.5314, stage_acc: 0.0000
Best Val c-index: 0.8378
batch: 0, loss: 2.238
Epoch: 13, train_loss: 1.2897, survival_loss: 47.6865, stage_loss: 54.0066, train_c_index: 0.4857, stage_acc: 0.0000
Best Val c-index: 0.8378
batch: 0, loss: 1.606
Epoch: 14, train_loss: 1.1883, survival_loss: 43.7231, stage_loss: 51.5418, train_c_index: 0.5269, stage_acc: 0.0000
Best Val c-index: 0.8378
batch: 0, loss: 0.153
Epoch: 15, train_loss: 1.1119, survival_loss: 41.7255, stage_loss: 41.4383, train_c_index: 0.5500, stage_acc: 0.0000
Best Val c-index: 0.8378
batch: 0, loss: 0.531
Epoch: 16, train_loss: 1.1585, survival_loss: 42.6630, stage_loss: 49.9339, train_c_index: 0.5414, stage_acc: 0.0000
Best Val c-index: 0.8378
batch: 0, loss: 1.555
Epoch: 17, train_loss: 1.2714, survival_loss: 48.7459, stage_loss: 38.7728, train_c_index: 0.6206, stage_acc: 0.0000
Best Val c-index: 0.8378
batch: 0, loss: 1.118
Epoch: 18, train_loss: 1.1134, survival_loss: 41.5170, stage_loss: 43.7099, train_c_index: 0.5880, stage_acc: 0.0000
Best Val c-index: 0.8378
batch: 0, loss: 0.046
Epoch: 19, train_loss: 1.3490, survival_loss: 49.2359, stage_loss: 61.8413, train_c_index: 0.5817, stage_acc: 0.0000
Best Val c-index: 0.8378
🎨 Generating Kaplan-Meier plot for the full cohort...
📁 KM plot data saved to: ./results/results/coadread_cfdemo_gene/tcga_coadread__nll_surv_a0.5_lr5e-04_l2Weight_0.0001_5foldcv_b1_survival_months_dss_dim1_768_patches_4000_wsiDim_1_epochs_20_fusion_None_modality_snn_pathT_custom_multitask_0.12/TCGA_COADREAD-Fold2_km_plot_data.csv
🖼️ KM plot image saved to: ./results/results/coadread_cfdemo_gene/tcga_coadread__nll_surv_a0.5_lr5e-04_l2Weight_0.0001_5foldcv_b1_survival_months_dss_dim1_768_patches_4000_wsiDim_1_epochs_20_fusion_None_modality_snn_pathT_custom_multitask_0.12/TCGA_COADREAD-Fold2_km_plot.png
Saving results...
Defining datasets...
Using split_key='test' for validation set.
Created train and val datasets for fold 3

Training Fold 3!

Init train/val splits... 
Done!
Training on 41 samples
Validating on 11 samples

Init loss function... Done!

Init Model...   [Auto-Detect] Detected 18 features from custom file.
🔥 [Model Info] 检测到筛选后的特征 (Dim=18)，自动禁用通路编码器，改用直接拼接模式。

[DEBUG] SNNOmics 初始化状态: only_omic = True
[DEBUG] -> 正在构建 [纯基因] 分类器 (Input Dim: 256)

==============================
Model: snn
总参数量 (Total):      0.1090 B
可训练参数 (Trainable): 0.1090 B
==============================


Detailed layer-by-layer parameters:
Layer:                                                    | Params: 3
Layer: survival_classifier.0                              | Params: 32,896
Layer: survival_classifier.2                              | Params: 516
Layer: clinical_bert_model.embeddings.word_embeddings     | Params: 22,268,928
Layer: clinical_bert_model.embeddings.position_embeddings | Params: 393,216
Layer: clinical_bert_model.embeddings.token_type_embeddings | Params: 1,536
Layer: clinical_bert_model.embeddings.LayerNorm           | Params: 1,536
Layer: clinical_bert_model.encoder.layer.0.attention.self.query | Params: 590,592
Layer: clinical_bert_model.encoder.layer.0.attention.self.key | Params: 590,592
Layer: clinical_bert_model.encoder.layer.0.attention.self.value | Params: 590,592
Layer: clinical_bert_model.encoder.layer.0.attention.output.dense | Params: 590,592
Layer: clinical_bert_model.encoder.layer.0.attention.output.LayerNorm | Params: 1,536
Layer: clinical_bert_model.encoder.layer.0.intermediate.dense | Params: 2,362,368
Layer: clinical_bert_model.encoder.layer.0.output.dense   | Params: 2,360,064
Layer: clinical_bert_model.encoder.layer.0.output.LayerNorm | Params: 1,536
Layer: clinical_bert_model.encoder.layer.1.attention.self.query | Params: 590,592
Layer: clinical_bert_model.encoder.layer.1.attention.self.key | Params: 590,592
Layer: clinical_bert_model.encoder.layer.1.attention.self.value | Params: 590,592
Layer: clinical_bert_model.encoder.layer.1.attention.output.dense | Params: 590,592
Layer: clinical_bert_model.encoder.layer.1.attention.output.LayerNorm | Params: 1,536
Layer: clinical_bert_model.encoder.layer.1.intermediate.dense | Params: 2,362,368
Layer: clinical_bert_model.encoder.layer.1.output.dense   | Params: 2,360,064
Layer: clinical_bert_model.encoder.layer.1.output.LayerNorm | Params: 1,536
Layer: clinical_bert_model.encoder.layer.2.attention.self.query | Params: 590,592
Layer: clinical_bert_model.encoder.layer.2.attention.self.key | Params: 590,592
Layer: clinical_bert_model.encoder.layer.2.attention.self.value | Params: 590,592
Layer: clinical_bert_model.encoder.layer.2.attention.output.dense | Params: 590,592
Layer: clinical_bert_model.encoder.layer.2.attention.output.LayerNorm | Params: 1,536
Layer: clinical_bert_model.encoder.layer.2.intermediate.dense | Params: 2,362,368
Layer: clinical_bert_model.encoder.layer.2.output.dense   | Params: 2,360,064
Layer: clinical_bert_model.encoder.layer.2.output.LayerNorm | Params: 1,536
Layer: clinical_bert_model.encoder.layer.3.attention.self.query | Params: 590,592
Layer: clinical_bert_model.encoder.layer.3.attention.self.key | Params: 590,592
Layer: clinical_bert_model.encoder.layer.3.attention.self.value | Params: 590,592
Layer: clinical_bert_model.encoder.layer.3.attention.output.dense | Params: 590,592
Layer: clinical_bert_model.encoder.layer.3.attention.output.LayerNorm | Params: 1,536
Layer: clinical_bert_model.encoder.layer.3.intermediate.dense | Params: 2,362,368
Layer: clinical_bert_model.encoder.layer.3.output.dense   | Params: 2,360,064
Layer: clinical_bert_model.encoder.layer.3.output.LayerNorm | Params: 1,536
Layer: clinical_bert_model.encoder.layer.4.attention.self.query | Params: 590,592
Layer: clinical_bert_model.encoder.layer.4.attention.self.key | Params: 590,592
Layer: clinical_bert_model.encoder.layer.4.attention.self.value | Params: 590,592
Layer: clinical_bert_model.encoder.layer.4.attention.output.dense | Params: 590,592
Layer: clinical_bert_model.encoder.layer.4.attention.output.LayerNorm | Params: 1,536
Layer: clinical_bert_model.encoder.layer.4.intermediate.dense | Params: 2,362,368
Layer: clinical_bert_model.encoder.layer.4.output.dense   | Params: 2,360,064
Layer: clinical_bert_model.encoder.layer.4.output.LayerNorm | Params: 1,536
Layer: clinical_bert_model.encoder.layer.5.attention.self.query | Params: 590,592
Layer: clinical_bert_model.encoder.layer.5.attention.self.key | Params: 590,592
Layer: clinical_bert_model.encoder.layer.5.attention.self.value | Params: 590,592
Layer: clinical_bert_model.encoder.layer.5.attention.output.dense | Params: 590,592
Layer: clinical_bert_model.encoder.layer.5.attention.output.LayerNorm | Params: 1,536
Layer: clinical_bert_model.encoder.layer.5.intermediate.dense | Params: 2,362,368
Layer: clinical_bert_model.encoder.layer.5.output.dense   | Params: 2,360,064
Layer: clinical_bert_model.encoder.layer.5.output.LayerNorm | Params: 1,536
Layer: clinical_bert_model.encoder.layer.6.attention.self.query | Params: 590,592
Layer: clinical_bert_model.encoder.layer.6.attention.self.key | Params: 590,592
Layer: clinical_bert_model.encoder.layer.6.attention.self.value | Params: 590,592
Layer: clinical_bert_model.encoder.layer.6.attention.output.dense | Params: 590,592
Layer: clinical_bert_model.encoder.layer.6.attention.output.LayerNorm | Params: 1,536
Layer: clinical_bert_model.encoder.layer.6.intermediate.dense | Params: 2,362,368
Layer: clinical_bert_model.encoder.layer.6.output.dense   | Params: 2,360,064
Layer: clinical_bert_model.encoder.layer.6.output.LayerNorm | Params: 1,536
Layer: clinical_bert_model.encoder.layer.7.attention.self.query | Params: 590,592
Layer: clinical_bert_model.encoder.layer.7.attention.self.key | Params: 590,592
Layer: clinical_bert_model.encoder.layer.7.attention.self.value | Params: 590,592
Layer: clinical_bert_model.encoder.layer.7.attention.output.dense | Params: 590,592
Layer: clinical_bert_model.encoder.layer.7.attention.output.LayerNorm | Params: 1,536
Layer: clinical_bert_model.encoder.layer.7.intermediate.dense | Params: 2,362,368
Layer: clinical_bert_model.encoder.layer.7.output.dense   | Params: 2,360,064
Layer: clinical_bert_model.encoder.layer.7.output.LayerNorm | Params: 1,536
Layer: clinical_bert_model.encoder.layer.8.attention.self.query | Params: 590,592
Layer: clinical_bert_model.encoder.layer.8.attention.self.key | Params: 590,592
Layer: clinical_bert_model.encoder.layer.8.attention.self.value | Params: 590,592
Layer: clinical_bert_model.encoder.layer.8.attention.output.dense | Params: 590,592
Layer: clinical_bert_model.encoder.layer.8.attention.output.LayerNorm | Params: 1,536
Layer: clinical_bert_model.encoder.layer.8.intermediate.dense | Params: 2,362,368
Layer: clinical_bert_model.encoder.layer.8.output.dense   | Params: 2,360,064
Layer: clinical_bert_model.encoder.layer.8.output.LayerNorm | Params: 1,536
Layer: clinical_bert_model.encoder.layer.9.attention.self.query | Params: 590,592
Layer: clinical_bert_model.encoder.layer.9.attention.self.key | Params: 590,592
Layer: clinical_bert_model.encoder.layer.9.attention.self.value | Params: 590,592
Layer: clinical_bert_model.encoder.layer.9.attention.output.dense | Params: 590,592
Layer: clinical_bert_model.encoder.layer.9.attention.output.LayerNorm | Params: 1,536
Layer: clinical_bert_model.encoder.layer.9.intermediate.dense | Params: 2,362,368
Layer: clinical_bert_model.encoder.layer.9.output.dense   | Params: 2,360,064
Layer: clinical_bert_model.encoder.layer.9.output.LayerNorm | Params: 1,536
Layer: clinical_bert_model.encoder.layer.10.attention.self.query | Params: 590,592
Layer: clinical_bert_model.encoder.layer.10.attention.self.key | Params: 590,592
Layer: clinical_bert_model.encoder.layer.10.attention.self.value | Params: 590,592
Layer: clinical_bert_model.encoder.layer.10.attention.output.dense | Params: 590,592
Layer: clinical_bert_model.encoder.layer.10.attention.output.LayerNorm | Params: 1,536
Layer: clinical_bert_model.encoder.layer.10.intermediate.dense | Params: 2,362,368
Layer: clinical_bert_model.encoder.layer.10.output.dense  | Params: 2,360,064
Layer: clinical_bert_model.encoder.layer.10.output.LayerNorm | Params: 1,536
Layer: clinical_bert_model.encoder.layer.11.attention.self.query | Params: 590,592
Layer: clinical_bert_model.encoder.layer.11.attention.self.key | Params: 590,592
Layer: clinical_bert_model.encoder.layer.11.attention.self.value | Params: 590,592
Layer: clinical_bert_model.encoder.layer.11.attention.output.dense | Params: 590,592
Layer: clinical_bert_model.encoder.layer.11.attention.output.LayerNorm | Params: 1,536
Layer: clinical_bert_model.encoder.layer.11.intermediate.dense | Params: 2,362,368
Layer: clinical_bert_model.encoder.layer.11.output.dense  | Params: 2,360,064
Layer: clinical_bert_model.encoder.layer.11.output.LayerNorm | Params: 1,536
Layer: clinical_bert_model.pooler.dense                   | Params: 590,592
Layer: fc_omic.0.0                                        | Params: 4,864
Layer: fc_omic.1.0                                        | Params: 65,792
Layer: text_classifier                                    | Params: 1,028
Layer: gene_classifier                                    | Params: 1,028
Layer: stage_classifier                                   | Params: 1,028
Layer: stage_classifier_text                              | Params: 3,076
Layer: lin_weight                                         | Params: 769
Layer: text_projection                                    | Params: 196,864
Layer: query_projection                                   | Params: 131,328
Layer: cross_attention                                    | Params: 197,376
Layer: cross_attention.out_proj                           | Params: 65,792
Done!
Total number of parameters: 109012632
Total number of trainable parameters: 109012632

Init optimizer ... 
Init Loaders... Done!
batch: 0, loss: 1.526
Epoch: 0, train_loss: 1.3148, survival_loss: 45.2926, stage_loss: 71.7783, train_c_index: 0.4418, stage_acc: 0.0000
  🔄 同时获取训练集结果...
An error occured while computing BS
An error occured while computing IBS
An error occured while computing iauc
Best Val c-index: 0.4062
batch: 0, loss: 0.616
Epoch: 1, train_loss: 1.3805, survival_loss: 48.4941, stage_loss: 67.5392, train_c_index: 0.4746, stage_acc: 0.0000
Best Val c-index: 0.4062
batch: 0, loss: 1.200
Epoch: 2, train_loss: 1.3887, survival_loss: 48.3128, stage_loss: 71.8810, train_c_index: 0.5184, stage_acc: 0.0000
Best Val c-index: 0.4062
batch: 0, loss: 2.189
Epoch: 3, train_loss: 1.2816, survival_loss: 44.2153, stage_loss: 69.4041, train_c_index: 0.5143, stage_acc: 0.0000
Best Val c-index: 0.4062
batch: 0, loss: 1.313
Epoch: 4, train_loss: 1.3791, survival_loss: 49.2655, stage_loss: 60.6632, train_c_index: 0.4988, stage_acc: 0.0000
Best Val c-index: 0.4062
batch: 0, loss: 2.738
Epoch: 5, train_loss: 1.4921, survival_loss: 53.4333, stage_loss: 64.5231, train_c_index: 0.5484, stage_acc: 0.0000
  🔄 同时获取训练集结果...
An error occured while computing BS
An error occured while computing IBS
An error occured while computing iauc
Best Val c-index: 0.4375
batch: 0, loss: 1.753
Epoch: 6, train_loss: 1.4651, survival_loss: 52.0801, stage_loss: 66.5628, train_c_index: 0.5305, stage_acc: 0.0000
Best Val c-index: 0.4375
batch: 0, loss: 0.827
Epoch: 7, train_loss: 1.2380, survival_loss: 44.4941, stage_loss: 52.1896, train_c_index: 0.6586, stage_acc: 0.0000
  🔄 同时获取训练集结果...
Best Val c-index: 0.4688
batch: 0, loss: 1.757
Epoch: 8, train_loss: 1.2610, survival_loss: 45.0184, stage_loss: 55.6762, train_c_index: 0.6008, stage_acc: 0.0000
Best Val c-index: 0.4688
batch: 0, loss: 0.754
Epoch: 9, train_loss: 1.3428, survival_loss: 47.9168, stage_loss: 59.4914, train_c_index: 0.4124, stage_acc: 0.0000
  🔄 同时获取训练集结果...
An error occured while computing BS
An error occured while computing IBS
An error occured while computing iauc
Best Val c-index: 0.5000
batch: 0, loss: 0.528
Epoch: 10, train_loss: 1.2418, survival_loss: 44.7809, stage_loss: 51.1136, train_c_index: 0.5456, stage_acc: 0.0000
  🔄 同时获取训练集结果...
An error occured while computing BS
An error occured while computing IBS
An error occured while computing iauc
Best Val c-index: 0.5312
batch: 0, loss: 0.303
Epoch: 11, train_loss: 1.1170, survival_loss: 39.6952, stage_loss: 50.8376, train_c_index: 0.6130, stage_acc: 0.0000
Best Val c-index: 0.5312
batch: 0, loss: 0.412
Epoch: 12, train_loss: 1.1498, survival_loss: 42.4171, stage_loss: 39.3804, train_c_index: 0.4613, stage_acc: 0.0000
Best Val c-index: 0.5312
batch: 0, loss: 0.254
Epoch: 13, train_loss: 1.1639, survival_loss: 44.3910, stage_loss: 27.7386, train_c_index: 0.5320, stage_acc: 0.0000
Best Val c-index: 0.5312
batch: 0, loss: 1.515
Epoch: 14, train_loss: 1.0220, survival_loss: 36.3001, stage_loss: 46.6791, train_c_index: 0.5769, stage_acc: 0.0000
Best Val c-index: 0.5312
batch: 0, loss: 0.962
Epoch: 15, train_loss: 1.1515, survival_loss: 43.8257, stage_loss: 28.2131, train_c_index: 0.4492, stage_acc: 0.0000
Best Val c-index: 0.5312
batch: 0, loss: 2.294
Epoch: 16, train_loss: 1.1232, survival_loss: 41.2776, stage_loss: 39.7669, train_c_index: 0.4758, stage_acc: 0.0000
Best Val c-index: 0.5312
batch: 0, loss: 0.513
Epoch: 17, train_loss: 1.1292, survival_loss: 41.0571, stage_loss: 43.6747, train_c_index: 0.5133, stage_acc: 0.0000
Best Val c-index: 0.5312
batch: 0, loss: 0.413
Epoch: 18, train_loss: 1.1299, survival_loss: 41.1120, stage_loss: 43.4461, train_c_index: 0.5228, stage_acc: 0.0000
Best Val c-index: 0.5312
batch: 0, loss: 1.496
Epoch: 19, train_loss: 1.0818, survival_loss: 40.7127, stage_loss: 30.3365, train_c_index: 0.5418, stage_acc: 0.0000
Best Val c-index: 0.5312
🎨 Generating Kaplan-Meier plot for the full cohort...
📁 KM plot data saved to: ./results/results/coadread_cfdemo_gene/tcga_coadread__nll_surv_a0.5_lr5e-04_l2Weight_0.0001_5foldcv_b1_survival_months_dss_dim1_768_patches_4000_wsiDim_1_epochs_20_fusion_None_modality_snn_pathT_custom_multitask_0.12/TCGA_COADREAD-Fold3_km_plot_data.csv
🖼️ KM plot image saved to: ./results/results/coadread_cfdemo_gene/tcga_coadread__nll_surv_a0.5_lr5e-04_l2Weight_0.0001_5foldcv_b1_survival_months_dss_dim1_768_patches_4000_wsiDim_1_epochs_20_fusion_None_modality_snn_pathT_custom_multitask_0.12/TCGA_COADREAD-Fold3_km_plot.png
Saving results...
Defining datasets...
Using split_key='test' for validation set.
Created train and val datasets for fold 4

Training Fold 4!

Init train/val splits... 
Done!
Training on 42 samples
Validating on 10 samples

Init loss function... Done!

Init Model...   [Auto-Detect] Detected 18 features from custom file.
🔥 [Model Info] 检测到筛选后的特征 (Dim=18)，自动禁用通路编码器，改用直接拼接模式。

[DEBUG] SNNOmics 初始化状态: only_omic = True
[DEBUG] -> 正在构建 [纯基因] 分类器 (Input Dim: 256)

==============================
Model: snn
总参数量 (Total):      0.1090 B
可训练参数 (Trainable): 0.1090 B
==============================


Detailed layer-by-layer parameters:
Layer:                                                    | Params: 3
Layer: survival_classifier.0                              | Params: 32,896
Layer: survival_classifier.2                              | Params: 516
Layer: clinical_bert_model.embeddings.word_embeddings     | Params: 22,268,928
Layer: clinical_bert_model.embeddings.position_embeddings | Params: 393,216
Layer: clinical_bert_model.embeddings.token_type_embeddings | Params: 1,536
Layer: clinical_bert_model.embeddings.LayerNorm           | Params: 1,536
Layer: clinical_bert_model.encoder.layer.0.attention.self.query | Params: 590,592
Layer: clinical_bert_model.encoder.layer.0.attention.self.key | Params: 590,592
Layer: clinical_bert_model.encoder.layer.0.attention.self.value | Params: 590,592
Layer: clinical_bert_model.encoder.layer.0.attention.output.dense | Params: 590,592
Layer: clinical_bert_model.encoder.layer.0.attention.output.LayerNorm | Params: 1,536
Layer: clinical_bert_model.encoder.layer.0.intermediate.dense | Params: 2,362,368
Layer: clinical_bert_model.encoder.layer.0.output.dense   | Params: 2,360,064
Layer: clinical_bert_model.encoder.layer.0.output.LayerNorm | Params: 1,536
Layer: clinical_bert_model.encoder.layer.1.attention.self.query | Params: 590,592
Layer: clinical_bert_model.encoder.layer.1.attention.self.key | Params: 590,592
Layer: clinical_bert_model.encoder.layer.1.attention.self.value | Params: 590,592
Layer: clinical_bert_model.encoder.layer.1.attention.output.dense | Params: 590,592
Layer: clinical_bert_model.encoder.layer.1.attention.output.LayerNorm | Params: 1,536
Layer: clinical_bert_model.encoder.layer.1.intermediate.dense | Params: 2,362,368
Layer: clinical_bert_model.encoder.layer.1.output.dense   | Params: 2,360,064
Layer: clinical_bert_model.encoder.layer.1.output.LayerNorm | Params: 1,536
Layer: clinical_bert_model.encoder.layer.2.attention.self.query | Params: 590,592
Layer: clinical_bert_model.encoder.layer.2.attention.self.key | Params: 590,592
Layer: clinical_bert_model.encoder.layer.2.attention.self.value | Params: 590,592
Layer: clinical_bert_model.encoder.layer.2.attention.output.dense | Params: 590,592
Layer: clinical_bert_model.encoder.layer.2.attention.output.LayerNorm | Params: 1,536
Layer: clinical_bert_model.encoder.layer.2.intermediate.dense | Params: 2,362,368
Layer: clinical_bert_model.encoder.layer.2.output.dense   | Params: 2,360,064
Layer: clinical_bert_model.encoder.layer.2.output.LayerNorm | Params: 1,536
Layer: clinical_bert_model.encoder.layer.3.attention.self.query | Params: 590,592
Layer: clinical_bert_model.encoder.layer.3.attention.self.key | Params: 590,592
Layer: clinical_bert_model.encoder.layer.3.attention.self.value | Params: 590,592
Layer: clinical_bert_model.encoder.layer.3.attention.output.dense | Params: 590,592
Layer: clinical_bert_model.encoder.layer.3.attention.output.LayerNorm | Params: 1,536
Layer: clinical_bert_model.encoder.layer.3.intermediate.dense | Params: 2,362,368
Layer: clinical_bert_model.encoder.layer.3.output.dense   | Params: 2,360,064
Layer: clinical_bert_model.encoder.layer.3.output.LayerNorm | Params: 1,536
Layer: clinical_bert_model.encoder.layer.4.attention.self.query | Params: 590,592
Layer: clinical_bert_model.encoder.layer.4.attention.self.key | Params: 590,592
Layer: clinical_bert_model.encoder.layer.4.attention.self.value | Params: 590,592
Layer: clinical_bert_model.encoder.layer.4.attention.output.dense | Params: 590,592
Layer: clinical_bert_model.encoder.layer.4.attention.output.LayerNorm | Params: 1,536
Layer: clinical_bert_model.encoder.layer.4.intermediate.dense | Params: 2,362,368
Layer: clinical_bert_model.encoder.layer.4.output.dense   | Params: 2,360,064
Layer: clinical_bert_model.encoder.layer.4.output.LayerNorm | Params: 1,536
Layer: clinical_bert_model.encoder.layer.5.attention.self.query | Params: 590,592
Layer: clinical_bert_model.encoder.layer.5.attention.self.key | Params: 590,592
Layer: clinical_bert_model.encoder.layer.5.attention.self.value | Params: 590,592
Layer: clinical_bert_model.encoder.layer.5.attention.output.dense | Params: 590,592
Layer: clinical_bert_model.encoder.layer.5.attention.output.LayerNorm | Params: 1,536
Layer: clinical_bert_model.encoder.layer.5.intermediate.dense | Params: 2,362,368
Layer: clinical_bert_model.encoder.layer.5.output.dense   | Params: 2,360,064
Layer: clinical_bert_model.encoder.layer.5.output.LayerNorm | Params: 1,536
Layer: clinical_bert_model.encoder.layer.6.attention.self.query | Params: 590,592
Layer: clinical_bert_model.encoder.layer.6.attention.self.key | Params: 590,592
Layer: clinical_bert_model.encoder.layer.6.attention.self.value | Params: 590,592
Layer: clinical_bert_model.encoder.layer.6.attention.output.dense | Params: 590,592
Layer: clinical_bert_model.encoder.layer.6.attention.output.LayerNorm | Params: 1,536
Layer: clinical_bert_model.encoder.layer.6.intermediate.dense | Params: 2,362,368
Layer: clinical_bert_model.encoder.layer.6.output.dense   | Params: 2,360,064
Layer: clinical_bert_model.encoder.layer.6.output.LayerNorm | Params: 1,536
Layer: clinical_bert_model.encoder.layer.7.attention.self.query | Params: 590,592
Layer: clinical_bert_model.encoder.layer.7.attention.self.key | Params: 590,592
Layer: clinical_bert_model.encoder.layer.7.attention.self.value | Params: 590,592
Layer: clinical_bert_model.encoder.layer.7.attention.output.dense | Params: 590,592
Layer: clinical_bert_model.encoder.layer.7.attention.output.LayerNorm | Params: 1,536
Layer: clinical_bert_model.encoder.layer.7.intermediate.dense | Params: 2,362,368
Layer: clinical_bert_model.encoder.layer.7.output.dense   | Params: 2,360,064
Layer: clinical_bert_model.encoder.layer.7.output.LayerNorm | Params: 1,536
Layer: clinical_bert_model.encoder.layer.8.attention.self.query | Params: 590,592
Layer: clinical_bert_model.encoder.layer.8.attention.self.key | Params: 590,592
Layer: clinical_bert_model.encoder.layer.8.attention.self.value | Params: 590,592
Layer: clinical_bert_model.encoder.layer.8.attention.output.dense | Params: 590,592
Layer: clinical_bert_model.encoder.layer.8.attention.output.LayerNorm | Params: 1,536
Layer: clinical_bert_model.encoder.layer.8.intermediate.dense | Params: 2,362,368
Layer: clinical_bert_model.encoder.layer.8.output.dense   | Params: 2,360,064
Layer: clinical_bert_model.encoder.layer.8.output.LayerNorm | Params: 1,536
Layer: clinical_bert_model.encoder.layer.9.attention.self.query | Params: 590,592
Layer: clinical_bert_model.encoder.layer.9.attention.self.key | Params: 590,592
Layer: clinical_bert_model.encoder.layer.9.attention.self.value | Params: 590,592
Layer: clinical_bert_model.encoder.layer.9.attention.output.dense | Params: 590,592
Layer: clinical_bert_model.encoder.layer.9.attention.output.LayerNorm | Params: 1,536
Layer: clinical_bert_model.encoder.layer.9.intermediate.dense | Params: 2,362,368
Layer: clinical_bert_model.encoder.layer.9.output.dense   | Params: 2,360,064
Layer: clinical_bert_model.encoder.layer.9.output.LayerNorm | Params: 1,536
Layer: clinical_bert_model.encoder.layer.10.attention.self.query | Params: 590,592
Layer: clinical_bert_model.encoder.layer.10.attention.self.key | Params: 590,592
Layer: clinical_bert_model.encoder.layer.10.attention.self.value | Params: 590,592
Layer: clinical_bert_model.encoder.layer.10.attention.output.dense | Params: 590,592
Layer: clinical_bert_model.encoder.layer.10.attention.output.LayerNorm | Params: 1,536
Layer: clinical_bert_model.encoder.layer.10.intermediate.dense | Params: 2,362,368
Layer: clinical_bert_model.encoder.layer.10.output.dense  | Params: 2,360,064
Layer: clinical_bert_model.encoder.layer.10.output.LayerNorm | Params: 1,536
Layer: clinical_bert_model.encoder.layer.11.attention.self.query | Params: 590,592
Layer: clinical_bert_model.encoder.layer.11.attention.self.key | Params: 590,592
Layer: clinical_bert_model.encoder.layer.11.attention.self.value | Params: 590,592
Layer: clinical_bert_model.encoder.layer.11.attention.output.dense | Params: 590,592
Layer: clinical_bert_model.encoder.layer.11.attention.output.LayerNorm | Params: 1,536
Layer: clinical_bert_model.encoder.layer.11.intermediate.dense | Params: 2,362,368
Layer: clinical_bert_model.encoder.layer.11.output.dense  | Params: 2,360,064
Layer: clinical_bert_model.encoder.layer.11.output.LayerNorm | Params: 1,536
Layer: clinical_bert_model.pooler.dense                   | Params: 590,592
Layer: fc_omic.0.0                                        | Params: 4,864
Layer: fc_omic.1.0                                        | Params: 65,792
Layer: text_classifier                                    | Params: 1,028
Layer: gene_classifier                                    | Params: 1,028
Layer: stage_classifier                                   | Params: 1,028
Layer: stage_classifier_text                              | Params: 3,076
Layer: lin_weight                                         | Params: 769
Layer: text_projection                                    | Params: 196,864
Layer: query_projection                                   | Params: 131,328
Layer: cross_attention                                    | Params: 197,376
Layer: cross_attention.out_proj                           | Params: 65,792
Done!
Total number of parameters: 109012632
Total number of trainable parameters: 109012632

Init optimizer ... 
Init Loaders... Done!
batch: 0, loss: 1.137
Epoch: 0, train_loss: 1.5431, survival_loss: 55.4582, stage_loss: 77.9465, train_c_index: 0.5608, stage_acc: 0.0000
An error occured while computing BS
An error occured while computing IBS
An error occured while computing iauc
  🔄 同时获取训练集结果...
Best Val c-index: 0.4318
batch: 0, loss: 1.784
Epoch: 1, train_loss: 1.5394, survival_loss: 56.6314, stage_loss: 66.8605, train_c_index: 0.5123, stage_acc: 0.0000
An error occured while computing BS
An error occured while computing IBS
An error occured while computing iauc
  🔄 同时获取训练集结果...
An error occured while computing BS
An error occured while computing IBS
Best Val c-index: 0.4545
batch: 0, loss: 2.350
Epoch: 2, train_loss: 1.4797, survival_loss: 54.0879, stage_loss: 67.1505, train_c_index: 0.5380, stage_acc: 0.0000
An error occured while computing BS
An error occured while computing IBS
An error occured while computing iauc
Best Val c-index: 0.4545
batch: 0, loss: 0.530
Epoch: 3, train_loss: 1.4524, survival_loss: 53.0676, stage_loss: 66.0956, train_c_index: 0.4012, stage_acc: 0.0000
An error occured while computing BS
An error occured while computing IBS
An error occured while computing iauc
Best Val c-index: 0.4545
batch: 0, loss: 0.699
Epoch: 4, train_loss: 1.5959, survival_loss: 58.9629, stage_loss: 67.1932, train_c_index: 0.4230, stage_acc: 0.0000
An error occured while computing BS
An error occured while computing IBS
An error occured while computing iauc
  🔄 同时获取训练集结果...
Best Val c-index: 0.5227
batch: 0, loss: 1.763
Epoch: 5, train_loss: 1.3904, survival_loss: 51.6500, stage_loss: 56.2271, train_c_index: 0.4527, stage_acc: 0.0000
An error occured while computing BS
An error occured while computing IBS
An error occured while computing iauc
Best Val c-index: 0.5227
batch: 0, loss: 1.283
Epoch: 6, train_loss: 1.4128, survival_loss: 51.7491, stage_loss: 63.2526, train_c_index: 0.5163, stage_acc: 0.0000
An error occured while computing BS
An error occured while computing IBS
An error occured while computing iauc
Best Val c-index: 0.5227
batch: 0, loss: 2.497
Epoch: 7, train_loss: 1.3251, survival_loss: 47.8481, stage_loss: 65.0587, train_c_index: 0.5378, stage_acc: 0.0000
An error occured while computing BS
An error occured while computing IBS
An error occured while computing iauc
Best Val c-index: 0.5227
batch: 0, loss: 2.031
Epoch: 8, train_loss: 1.2559, survival_loss: 45.3071, stage_loss: 61.9977, train_c_index: 0.5493, stage_acc: 0.0000
An error occured while computing BS
An error occured while computing IBS
An error occured while computing iauc
  🔄 同时获取训练集结果...
An error occured while computing BS
An error occured while computing IBS
Best Val c-index: 0.5909
batch: 0, loss: 0.672
Epoch: 9, train_loss: 1.0995, survival_loss: 39.1112, stage_loss: 58.9111, train_c_index: 0.4846, stage_acc: 0.0000
An error occured while computing BS
An error occured while computing IBS
An error occured while computing iauc
Best Val c-index: 0.5909
batch: 0, loss: 0.318
Epoch: 10, train_loss: 1.0174, survival_loss: 36.3389, stage_loss: 53.2577, train_c_index: 0.5287, stage_acc: 0.0000
An error occured while computing BS
An error occured while computing IBS
An error occured while computing iauc
Best Val c-index: 0.5909
batch: 0, loss: 0.861
Epoch: 11, train_loss: 1.2241, survival_loss: 44.8037, stage_loss: 55.0548, train_c_index: 0.5499, stage_acc: 0.0000
An error occured while computing BS
An error occured while computing IBS
An error occured while computing iauc
Best Val c-index: 0.5909
batch: 0, loss: 0.289
Epoch: 12, train_loss: 1.0361, survival_loss: 38.6295, stage_loss: 40.7172, train_c_index: 0.4352, stage_acc: 0.0000
An error occured while computing BS
An error occured while computing IBS
An error occured while computing iauc
Best Val c-index: 0.5909
batch: 0, loss: 0.765
Epoch: 13, train_loss: 1.1430, survival_loss: 41.8566, stage_loss: 51.2619, train_c_index: 0.4338, stage_acc: 0.0000
An error occured while computing BS
An error occured while computing IBS
An error occured while computing iauc
Best Val c-index: 0.5909
batch: 0, loss: 1.953
Epoch: 14, train_loss: 1.1316, survival_loss: 41.8885, stage_loss: 46.9976, train_c_index: 0.4258, stage_acc: 0.0000
An error occured while computing BS
An error occured while computing IBS
An error occured while computing iauc
Best Val c-index: 0.5909
batch: 0, loss: 0.703
Epoch: 15, train_loss: 1.2952, survival_loss: 47.8860, stage_loss: 54.2761, train_c_index: 0.3790, stage_acc: 0.0000
An error occured while computing BS
An error occured while computing IBS
An error occured while computing iauc
Best Val c-index: 0.5909
batch: 0, loss: 0.625
Epoch: 16, train_loss: 1.1610, survival_loss: 41.7242, stage_loss: 58.6360, train_c_index: 0.4020, stage_acc: 0.0000
An error occured while computing BS
An error occured while computing IBS
An error occured while computing iauc
Best Val c-index: 0.5909
batch: 0, loss: 1.940
Epoch: 17, train_loss: 1.4652, survival_loss: 55.6119, stage_loss: 49.3882, train_c_index: 0.4742, stage_acc: 0.0000
An error occured while computing BS
An error occured while computing IBS
An error occured while computing iauc
Best Val c-index: 0.5909
batch: 0, loss: 2.136
Epoch: 18, train_loss: 1.3302, survival_loss: 49.8763, stage_loss: 49.9385, train_c_index: 0.4958, stage_acc: 0.0000
An error occured while computing BS
An error occured while computing IBS
An error occured while computing iauc
Best Val c-index: 0.5909
batch: 0, loss: 0.808
Epoch: 19, train_loss: 1.0745, survival_loss: 38.9388, stage_loss: 51.5932, train_c_index: 0.6530, stage_acc: 0.0000
An error occured while computing BS
An error occured while computing IBS
An error occured while computing iauc
Best Val c-index: 0.5909
🎨 Generating Kaplan-Meier plot for the full cohort...
📁 KM plot data saved to: ./results/results/coadread_cfdemo_gene/tcga_coadread__nll_surv_a0.5_lr5e-04_l2Weight_0.0001_5foldcv_b1_survival_months_dss_dim1_768_patches_4000_wsiDim_1_epochs_20_fusion_None_modality_snn_pathT_custom_multitask_0.12/TCGA_COADREAD-Fold4_km_plot_data.csv
🖼️ KM plot image saved to: ./results/results/coadread_cfdemo_gene/tcga_coadread__nll_surv_a0.5_lr5e-04_l2Weight_0.0001_5foldcv_b1_survival_months_dss_dim1_768_patches_4000_wsiDim_1_epochs_20_fusion_None_modality_snn_pathT_custom_multitask_0.12/TCGA_COADREAD-Fold4_km_plot.png
Saving results...
[DEBUG] Padding column val_stage_accuracy with None to match length 5

==================================================
FINAL RESULTS SUMMARY
==================================================
Fold 1: C-index = 0.7105
Fold 2: C-index = 0.6667
Fold 3: C-index = 0.8378
Fold 4: C-index = 0.5312
Fold 5: C-index = 0.5909
Mean validation C-index: 0.6674 ± 0.1052
Mean validation C-index IPCW: 0.6541 ± 0.0769
Mean validation IBS: 0.1415 ± 0.0794
Mean validation IAUC: nan ± nan
Mean validation loss: 1.6793 ± 0.4594
Mean validation stage accuracy: N/A (No valid predictions)
==================================================
finished!
end script
Script Time: 208.161964 seconds

