cuda

[DEBUG] ------------------------------------------------
[DEBUG] 当前工作目录 (CWD): /root/autodl-tmp/newcfdemo/CFdemo_gene
[DEBUG] 传入的 split_dir 参数: splits/5foldcv_ramdom/tcga_hnsc
[DEBUG] 完整检查路径: /root/autodl-tmp/newcfdemo/CFdemo_gene/splits/5foldcv_ramdom/tcga_hnsc
[DEBUG] 路径是否存在? : True
[DEBUG] ------------------------------------------------

Split dir: splits/5foldcv_ramdom/tcga_hnsc

################# Settings ###################
num_splits:  5
k_start:  -1
k_end:  -1
task:  survival
max_epochs:  20
results_dir:  ./results/results/hnsc_cfdemo_gene/tcga_hnsc__nll_surv_a0.5_lr5e-04_l2Weight_0.0001_5foldcv_b1_survival_months_dss_dim1_768_patches_4000_wsiDim_1_epochs_20_fusion_None_modality_snn_pathT_custom_multitask_0.12
lr:  0.0005
experiment:  tcga_hnsc
reg:  0.0001
bag_loss:  nll_surv
seed:  1
weighted_sample:  True
opt:  radam
num_patches:  4000
dropout:  0.25
type_of_path:  custom
split_dir:  splits/5foldcv_ramdom/tcga_hnsc
enable_multitask:  True
multitask_weight:  0.12

🧹 [Dataset] Dropping non-feature columns: ['OS']
Loaded clinical data from: ./datasets_csv/clinical_data/tcga_hnsc_clinical.csv
Clinical data shape: (407, 18)
Clinical data index (case_id) samples: ['TCGA-CN-5356', 'TCGA-CV-6003', 'TCGA-D6-A6EO', 'TCGA-CN-4736', 'TCGA-QK-A6IG']
Available stages: stage
IV     149
II     109
III     77
I       37
0       21
Name: count, dtype: int64
Valid stage mapping (excluding '0'): {'I': 0, 'II': 1, 'III': 2, 'IV': 3}
Number of valid stage classes: 4
Valid stage distribution:
  IV: 149
  II: 109
  III: 77
  I: 37
Using direct case_id matching for merging
[DEBUG] -------------------------------------
[DEBUG] 现有列名: ['case_id', 'patient_filename', 'text_report', 'stage', 'grade', 'subtype', 'Unnamed: 0', 'slide_id', 'age', 'site', 'survival_months', 'survival_months_dss', 'survival_months_pfi', 'censorship', 'censorship_dss', 'censorship_pfi', 'is_female', 'oncotree_code', 'train']
[DEBUG] 想找的列: |censorship_dss|
[DEBUG] -------------------------------------
label column: survival_months_dss
number of cases 353
number of classes: 8
multitask learning enabled
number of stage classes: 4
Defining datasets...
Using split_key='test' for validation set.
Created train and val datasets for fold 0

Training Fold 0!

Init train/val splits... 
Done!
Training on 127 samples
Validating on 29 samples

Init loss function... Done!

Init Model...   [Auto-Detect] Detected 71 features from custom file.
🔥 [Model Info] 检测到筛选后的特征 (Dim=71)，自动禁用通路编码器，改用直接拼接模式。

[DEBUG] SNNOmics 初始化状态: only_omic = True
[DEBUG] -> 正在构建 [纯基因] 分类器 (Input Dim: 256)

==============================
Model: snn
总参数量 (Total):      0.1090 B
可训练参数 (Trainable): 0.1090 B
==============================


Detailed layer-by-layer parameters:
Layer:                                                    | Params: 3
Layer: survival_classifier.0                              | Params: 32,896
Layer: survival_classifier.2                              | Params: 516
Layer: clinical_bert_model.embeddings.word_embeddings     | Params: 22,268,928
Layer: clinical_bert_model.embeddings.position_embeddings | Params: 393,216
Layer: clinical_bert_model.embeddings.token_type_embeddings | Params: 1,536
Layer: clinical_bert_model.embeddings.LayerNorm           | Params: 1,536
Layer: clinical_bert_model.encoder.layer.0.attention.self.query | Params: 590,592
Layer: clinical_bert_model.encoder.layer.0.attention.self.key | Params: 590,592
Layer: clinical_bert_model.encoder.layer.0.attention.self.value | Params: 590,592
Layer: clinical_bert_model.encoder.layer.0.attention.output.dense | Params: 590,592
Layer: clinical_bert_model.encoder.layer.0.attention.output.LayerNorm | Params: 1,536
Layer: clinical_bert_model.encoder.layer.0.intermediate.dense | Params: 2,362,368
Layer: clinical_bert_model.encoder.layer.0.output.dense   | Params: 2,360,064
Layer: clinical_bert_model.encoder.layer.0.output.LayerNorm | Params: 1,536
Layer: clinical_bert_model.encoder.layer.1.attention.self.query | Params: 590,592
Layer: clinical_bert_model.encoder.layer.1.attention.self.key | Params: 590,592
Layer: clinical_bert_model.encoder.layer.1.attention.self.value | Params: 590,592
Layer: clinical_bert_model.encoder.layer.1.attention.output.dense | Params: 590,592
Layer: clinical_bert_model.encoder.layer.1.attention.output.LayerNorm | Params: 1,536
Layer: clinical_bert_model.encoder.layer.1.intermediate.dense | Params: 2,362,368
Layer: clinical_bert_model.encoder.layer.1.output.dense   | Params: 2,360,064
Layer: clinical_bert_model.encoder.layer.1.output.LayerNorm | Params: 1,536
Layer: clinical_bert_model.encoder.layer.2.attention.self.query | Params: 590,592
Layer: clinical_bert_model.encoder.layer.2.attention.self.key | Params: 590,592
Layer: clinical_bert_model.encoder.layer.2.attention.self.value | Params: 590,592
Layer: clinical_bert_model.encoder.layer.2.attention.output.dense | Params: 590,592
Layer: clinical_bert_model.encoder.layer.2.attention.output.LayerNorm | Params: 1,536
Layer: clinical_bert_model.encoder.layer.2.intermediate.dense | Params: 2,362,368
Layer: clinical_bert_model.encoder.layer.2.output.dense   | Params: 2,360,064
Layer: clinical_bert_model.encoder.layer.2.output.LayerNorm | Params: 1,536
Layer: clinical_bert_model.encoder.layer.3.attention.self.query | Params: 590,592
Layer: clinical_bert_model.encoder.layer.3.attention.self.key | Params: 590,592
Layer: clinical_bert_model.encoder.layer.3.attention.self.value | Params: 590,592
Layer: clinical_bert_model.encoder.layer.3.attention.output.dense | Params: 590,592
Layer: clinical_bert_model.encoder.layer.3.attention.output.LayerNorm | Params: 1,536
Layer: clinical_bert_model.encoder.layer.3.intermediate.dense | Params: 2,362,368
Layer: clinical_bert_model.encoder.layer.3.output.dense   | Params: 2,360,064
Layer: clinical_bert_model.encoder.layer.3.output.LayerNorm | Params: 1,536
Layer: clinical_bert_model.encoder.layer.4.attention.self.query | Params: 590,592
Layer: clinical_bert_model.encoder.layer.4.attention.self.key | Params: 590,592
Layer: clinical_bert_model.encoder.layer.4.attention.self.value | Params: 590,592
Layer: clinical_bert_model.encoder.layer.4.attention.output.dense | Params: 590,592
Layer: clinical_bert_model.encoder.layer.4.attention.output.LayerNorm | Params: 1,536
Layer: clinical_bert_model.encoder.layer.4.intermediate.dense | Params: 2,362,368
Layer: clinical_bert_model.encoder.layer.4.output.dense   | Params: 2,360,064
Layer: clinical_bert_model.encoder.layer.4.output.LayerNorm | Params: 1,536
Layer: clinical_bert_model.encoder.layer.5.attention.self.query | Params: 590,592
Layer: clinical_bert_model.encoder.layer.5.attention.self.key | Params: 590,592
Layer: clinical_bert_model.encoder.layer.5.attention.self.value | Params: 590,592
Layer: clinical_bert_model.encoder.layer.5.attention.output.dense | Params: 590,592
Layer: clinical_bert_model.encoder.layer.5.attention.output.LayerNorm | Params: 1,536
Layer: clinical_bert_model.encoder.layer.5.intermediate.dense | Params: 2,362,368
Layer: clinical_bert_model.encoder.layer.5.output.dense   | Params: 2,360,064
Layer: clinical_bert_model.encoder.layer.5.output.LayerNorm | Params: 1,536
Layer: clinical_bert_model.encoder.layer.6.attention.self.query | Params: 590,592
Layer: clinical_bert_model.encoder.layer.6.attention.self.key | Params: 590,592
Layer: clinical_bert_model.encoder.layer.6.attention.self.value | Params: 590,592
Layer: clinical_bert_model.encoder.layer.6.attention.output.dense | Params: 590,592
Layer: clinical_bert_model.encoder.layer.6.attention.output.LayerNorm | Params: 1,536
Layer: clinical_bert_model.encoder.layer.6.intermediate.dense | Params: 2,362,368
Layer: clinical_bert_model.encoder.layer.6.output.dense   | Params: 2,360,064
Layer: clinical_bert_model.encoder.layer.6.output.LayerNorm | Params: 1,536
Layer: clinical_bert_model.encoder.layer.7.attention.self.query | Params: 590,592
Layer: clinical_bert_model.encoder.layer.7.attention.self.key | Params: 590,592
Layer: clinical_bert_model.encoder.layer.7.attention.self.value | Params: 590,592
Layer: clinical_bert_model.encoder.layer.7.attention.output.dense | Params: 590,592
Layer: clinical_bert_model.encoder.layer.7.attention.output.LayerNorm | Params: 1,536
Layer: clinical_bert_model.encoder.layer.7.intermediate.dense | Params: 2,362,368
Layer: clinical_bert_model.encoder.layer.7.output.dense   | Params: 2,360,064
Layer: clinical_bert_model.encoder.layer.7.output.LayerNorm | Params: 1,536
Layer: clinical_bert_model.encoder.layer.8.attention.self.query | Params: 590,592
Layer: clinical_bert_model.encoder.layer.8.attention.self.key | Params: 590,592
Layer: clinical_bert_model.encoder.layer.8.attention.self.value | Params: 590,592
Layer: clinical_bert_model.encoder.layer.8.attention.output.dense | Params: 590,592
Layer: clinical_bert_model.encoder.layer.8.attention.output.LayerNorm | Params: 1,536
Layer: clinical_bert_model.encoder.layer.8.intermediate.dense | Params: 2,362,368
Layer: clinical_bert_model.encoder.layer.8.output.dense   | Params: 2,360,064
Layer: clinical_bert_model.encoder.layer.8.output.LayerNorm | Params: 1,536
Layer: clinical_bert_model.encoder.layer.9.attention.self.query | Params: 590,592
Layer: clinical_bert_model.encoder.layer.9.attention.self.key | Params: 590,592
Layer: clinical_bert_model.encoder.layer.9.attention.self.value | Params: 590,592
Layer: clinical_bert_model.encoder.layer.9.attention.output.dense | Params: 590,592
Layer: clinical_bert_model.encoder.layer.9.attention.output.LayerNorm | Params: 1,536
Layer: clinical_bert_model.encoder.layer.9.intermediate.dense | Params: 2,362,368
Layer: clinical_bert_model.encoder.layer.9.output.dense   | Params: 2,360,064
Layer: clinical_bert_model.encoder.layer.9.output.LayerNorm | Params: 1,536
Layer: clinical_bert_model.encoder.layer.10.attention.self.query | Params: 590,592
Layer: clinical_bert_model.encoder.layer.10.attention.self.key | Params: 590,592
Layer: clinical_bert_model.encoder.layer.10.attention.self.value | Params: 590,592
Layer: clinical_bert_model.encoder.layer.10.attention.output.dense | Params: 590,592
Layer: clinical_bert_model.encoder.layer.10.attention.output.LayerNorm | Params: 1,536
Layer: clinical_bert_model.encoder.layer.10.intermediate.dense | Params: 2,362,368
Layer: clinical_bert_model.encoder.layer.10.output.dense  | Params: 2,360,064
Layer: clinical_bert_model.encoder.layer.10.output.LayerNorm | Params: 1,536
Layer: clinical_bert_model.encoder.layer.11.attention.self.query | Params: 590,592
Layer: clinical_bert_model.encoder.layer.11.attention.self.key | Params: 590,592
Layer: clinical_bert_model.encoder.layer.11.attention.self.value | Params: 590,592
Layer: clinical_bert_model.encoder.layer.11.attention.output.dense | Params: 590,592
Layer: clinical_bert_model.encoder.layer.11.attention.output.LayerNorm | Params: 1,536
Layer: clinical_bert_model.encoder.layer.11.intermediate.dense | Params: 2,362,368
Layer: clinical_bert_model.encoder.layer.11.output.dense  | Params: 2,360,064
Layer: clinical_bert_model.encoder.layer.11.output.LayerNorm | Params: 1,536
Layer: clinical_bert_model.pooler.dense                   | Params: 590,592
Layer: fc_omic.0.0                                        | Params: 18,432
Layer: fc_omic.1.0                                        | Params: 65,792
Layer: text_classifier                                    | Params: 1,028
Layer: gene_classifier                                    | Params: 1,028
Layer: stage_classifier                                   | Params: 1,028
Layer: stage_classifier_text                              | Params: 3,076
Layer: lin_weight                                         | Params: 769
Layer: text_projection                                    | Params: 196,864
Layer: query_projection                                   | Params: 131,328
Layer: cross_attention                                    | Params: 197,376
Layer: cross_attention.out_proj                           | Params: 65,792
Done!
Total number of parameters: 109026200
Total number of trainable parameters: 109026200

Init optimizer ... 
Init Loaders... Done!
batch: 0, loss: 0.656
batch: 100, loss: 1.579
Epoch: 0, train_loss: 1.5137, survival_loss: 167.4986, stage_loss: 206.1852, train_c_index: 0.5160, stage_acc: 0.0000
  🔄 同时获取训练集结果...
An error occured while computing BS
An error occured while computing IBS
Best Val c-index: 0.5299
batch: 0, loss: 2.250
batch: 100, loss: 1.122
Epoch: 1, train_loss: 1.4959, survival_loss: 164.4282, stage_loss: 212.9741, train_c_index: 0.5026, stage_acc: 0.0000
Best Val c-index: 0.5299
batch: 0, loss: 0.968
batch: 100, loss: 0.625
Epoch: 2, train_loss: 1.3986, survival_loss: 152.8771, stage_loss: 206.1943, train_c_index: 0.5963, stage_acc: 0.0000
Best Val c-index: 0.5299
batch: 0, loss: 1.555
batch: 100, loss: 2.028
Epoch: 3, train_loss: 1.4740, survival_loss: 163.3794, stage_loss: 198.5067, train_c_index: 0.5339, stage_acc: 0.0000
Best Val c-index: 0.5299
batch: 0, loss: 1.476
batch: 100, loss: 0.805
Epoch: 4, train_loss: 1.2998, survival_loss: 141.6527, stage_loss: 195.1938, train_c_index: 0.5163, stage_acc: 0.0000
Best Val c-index: 0.5299
batch: 0, loss: 0.300
batch: 100, loss: 1.530
Epoch: 5, train_loss: 1.2859, survival_loss: 140.9263, stage_loss: 186.5109, train_c_index: 0.4748, stage_acc: 0.0000
Best Val c-index: 0.5299
batch: 0, loss: 0.411
batch: 100, loss: 2.322
Epoch: 6, train_loss: 1.2086, survival_loss: 132.7240, stage_loss: 173.1161, train_c_index: 0.5033, stage_acc: 0.0000
Best Val c-index: 0.5299
batch: 0, loss: 0.678
batch: 100, loss: 1.987
Epoch: 7, train_loss: 1.2332, survival_loss: 133.5662, stage_loss: 192.1008, train_c_index: 0.4834, stage_acc: 0.0000
Best Val c-index: 0.5299
batch: 0, loss: 2.129
batch: 100, loss: 0.576
Epoch: 8, train_loss: 1.3127, survival_loss: 144.0000, stage_loss: 189.2715, train_c_index: 0.4714, stage_acc: 0.0000
  🔄 同时获取训练集结果...
Best Val c-index: 0.5634
batch: 0, loss: 1.356
batch: 100, loss: 1.688
Epoch: 9, train_loss: 1.1798, survival_loss: 128.1545, stage_loss: 180.7037, train_c_index: 0.5191, stage_acc: 0.0000
  🔄 同时获取训练集结果...
An error occured while computing BS
An error occured while computing IBS
An error occured while computing iauc
Best Val c-index: 0.5896
batch: 0, loss: 0.277
batch: 100, loss: 1.769
Epoch: 10, train_loss: 1.2654, survival_loss: 140.5383, stage_loss: 168.0277, train_c_index: 0.5364, stage_acc: 0.0000
Best Val c-index: 0.5896
batch: 0, loss: 0.622
batch: 100, loss: 1.125
Epoch: 11, train_loss: 1.1706, survival_loss: 128.2652, stage_loss: 170.0230, train_c_index: 0.5482, stage_acc: 0.0000
  🔄 同时获取训练集结果...
An error occured while computing BS
An error occured while computing IBS
An error occured while computing iauc
Best Val c-index: 0.6269
batch: 0, loss: 0.269
batch: 100, loss: 0.170
Epoch: 12, train_loss: 1.1323, survival_loss: 123.0397, stage_loss: 172.9874, train_c_index: 0.6089, stage_acc: 0.0000
  🔄 同时获取训练集结果...
An error occured while computing BS
An error occured while computing IBS
An error occured while computing iauc
Best Val c-index: 0.6493
batch: 0, loss: 0.817
batch: 100, loss: 1.252
Epoch: 13, train_loss: 1.2349, survival_loss: 138.0163, stage_loss: 156.8421, train_c_index: 0.5186, stage_acc: 0.0000
  🔄 同时获取训练集结果...
An error occured while computing BS
An error occured while computing IBS
An error occured while computing iauc
Best Val c-index: 0.6567
batch: 0, loss: 0.953
batch: 100, loss: 0.496
Epoch: 14, train_loss: 1.0811, survival_loss: 117.6648, stage_loss: 163.6177, train_c_index: 0.4657, stage_acc: 0.0000
Best Val c-index: 0.6567
batch: 0, loss: 1.624
batch: 100, loss: 1.716
Epoch: 15, train_loss: 1.2773, survival_loss: 142.0348, stage_loss: 168.1978, train_c_index: 0.5265, stage_acc: 0.0000
Best Val c-index: 0.6567
batch: 0, loss: 2.092
batch: 100, loss: 1.311
Epoch: 16, train_loss: 1.2058, survival_loss: 132.7004, stage_loss: 170.3452, train_c_index: 0.5568, stage_acc: 0.0000
Best Val c-index: 0.6567
batch: 0, loss: 0.748
batch: 100, loss: 1.353
Epoch: 17, train_loss: 1.2034, survival_loss: 133.1380, stage_loss: 164.1387, train_c_index: 0.5509, stage_acc: 0.0000
  🔄 同时获取训练集结果...
An error occured while computing BS
An error occured while computing IBS
An error occured while computing iauc
Best Val c-index: 0.6604
batch: 0, loss: 0.145
batch: 100, loss: 1.845
Epoch: 18, train_loss: 1.1841, survival_loss: 131.4521, stage_loss: 157.7786, train_c_index: 0.5437, stage_acc: 0.0000
Best Val c-index: 0.6604
batch: 0, loss: 2.076
batch: 100, loss: 1.399
Epoch: 19, train_loss: 1.1247, survival_loss: 122.2996, stage_loss: 171.1152, train_c_index: 0.5750, stage_acc: 0.0000
Best Val c-index: 0.6604
🎨 Generating Kaplan-Meier plot for the full cohort...
📁 KM plot data saved to: ./results/results/hnsc_cfdemo_gene/tcga_hnsc__nll_surv_a0.5_lr5e-04_l2Weight_0.0001_5foldcv_b1_survival_months_dss_dim1_768_patches_4000_wsiDim_1_epochs_20_fusion_None_modality_snn_pathT_custom_multitask_0.12/TCGA_HNSC-Fold0_km_plot_data.csv
🖼️ KM plot image saved to: ./results/results/hnsc_cfdemo_gene/tcga_hnsc__nll_surv_a0.5_lr5e-04_l2Weight_0.0001_5foldcv_b1_survival_months_dss_dim1_768_patches_4000_wsiDim_1_epochs_20_fusion_None_modality_snn_pathT_custom_multitask_0.12/TCGA_HNSC-Fold0_km_plot.png
Saving results...
Defining datasets...
Using split_key='test' for validation set.
Created train and val datasets for fold 1

Training Fold 1!

Init train/val splits... 
Done!
Training on 124 samples
Validating on 33 samples

Init loss function... Done!

Init Model...   [Auto-Detect] Detected 71 features from custom file.
🔥 [Model Info] 检测到筛选后的特征 (Dim=71)，自动禁用通路编码器，改用直接拼接模式。

[DEBUG] SNNOmics 初始化状态: only_omic = True
[DEBUG] -> 正在构建 [纯基因] 分类器 (Input Dim: 256)

==============================
Model: snn
总参数量 (Total):      0.1090 B
可训练参数 (Trainable): 0.1090 B
==============================


Detailed layer-by-layer parameters:
Layer:                                                    | Params: 3
Layer: survival_classifier.0                              | Params: 32,896
Layer: survival_classifier.2                              | Params: 516
Layer: clinical_bert_model.embeddings.word_embeddings     | Params: 22,268,928
Layer: clinical_bert_model.embeddings.position_embeddings | Params: 393,216
Layer: clinical_bert_model.embeddings.token_type_embeddings | Params: 1,536
Layer: clinical_bert_model.embeddings.LayerNorm           | Params: 1,536
Layer: clinical_bert_model.encoder.layer.0.attention.self.query | Params: 590,592
Layer: clinical_bert_model.encoder.layer.0.attention.self.key | Params: 590,592
Layer: clinical_bert_model.encoder.layer.0.attention.self.value | Params: 590,592
Layer: clinical_bert_model.encoder.layer.0.attention.output.dense | Params: 590,592
Layer: clinical_bert_model.encoder.layer.0.attention.output.LayerNorm | Params: 1,536
Layer: clinical_bert_model.encoder.layer.0.intermediate.dense | Params: 2,362,368
Layer: clinical_bert_model.encoder.layer.0.output.dense   | Params: 2,360,064
Layer: clinical_bert_model.encoder.layer.0.output.LayerNorm | Params: 1,536
Layer: clinical_bert_model.encoder.layer.1.attention.self.query | Params: 590,592
Layer: clinical_bert_model.encoder.layer.1.attention.self.key | Params: 590,592
Layer: clinical_bert_model.encoder.layer.1.attention.self.value | Params: 590,592
Layer: clinical_bert_model.encoder.layer.1.attention.output.dense | Params: 590,592
Layer: clinical_bert_model.encoder.layer.1.attention.output.LayerNorm | Params: 1,536
Layer: clinical_bert_model.encoder.layer.1.intermediate.dense | Params: 2,362,368
Layer: clinical_bert_model.encoder.layer.1.output.dense   | Params: 2,360,064
Layer: clinical_bert_model.encoder.layer.1.output.LayerNorm | Params: 1,536
Layer: clinical_bert_model.encoder.layer.2.attention.self.query | Params: 590,592
Layer: clinical_bert_model.encoder.layer.2.attention.self.key | Params: 590,592
Layer: clinical_bert_model.encoder.layer.2.attention.self.value | Params: 590,592
Layer: clinical_bert_model.encoder.layer.2.attention.output.dense | Params: 590,592
Layer: clinical_bert_model.encoder.layer.2.attention.output.LayerNorm | Params: 1,536
Layer: clinical_bert_model.encoder.layer.2.intermediate.dense | Params: 2,362,368
Layer: clinical_bert_model.encoder.layer.2.output.dense   | Params: 2,360,064
Layer: clinical_bert_model.encoder.layer.2.output.LayerNorm | Params: 1,536
Layer: clinical_bert_model.encoder.layer.3.attention.self.query | Params: 590,592
Layer: clinical_bert_model.encoder.layer.3.attention.self.key | Params: 590,592
Layer: clinical_bert_model.encoder.layer.3.attention.self.value | Params: 590,592
Layer: clinical_bert_model.encoder.layer.3.attention.output.dense | Params: 590,592
Layer: clinical_bert_model.encoder.layer.3.attention.output.LayerNorm | Params: 1,536
Layer: clinical_bert_model.encoder.layer.3.intermediate.dense | Params: 2,362,368
Layer: clinical_bert_model.encoder.layer.3.output.dense   | Params: 2,360,064
Layer: clinical_bert_model.encoder.layer.3.output.LayerNorm | Params: 1,536
Layer: clinical_bert_model.encoder.layer.4.attention.self.query | Params: 590,592
Layer: clinical_bert_model.encoder.layer.4.attention.self.key | Params: 590,592
Layer: clinical_bert_model.encoder.layer.4.attention.self.value | Params: 590,592
Layer: clinical_bert_model.encoder.layer.4.attention.output.dense | Params: 590,592
Layer: clinical_bert_model.encoder.layer.4.attention.output.LayerNorm | Params: 1,536
Layer: clinical_bert_model.encoder.layer.4.intermediate.dense | Params: 2,362,368
Layer: clinical_bert_model.encoder.layer.4.output.dense   | Params: 2,360,064
Layer: clinical_bert_model.encoder.layer.4.output.LayerNorm | Params: 1,536
Layer: clinical_bert_model.encoder.layer.5.attention.self.query | Params: 590,592
Layer: clinical_bert_model.encoder.layer.5.attention.self.key | Params: 590,592
Layer: clinical_bert_model.encoder.layer.5.attention.self.value | Params: 590,592
Layer: clinical_bert_model.encoder.layer.5.attention.output.dense | Params: 590,592
Layer: clinical_bert_model.encoder.layer.5.attention.output.LayerNorm | Params: 1,536
Layer: clinical_bert_model.encoder.layer.5.intermediate.dense | Params: 2,362,368
Layer: clinical_bert_model.encoder.layer.5.output.dense   | Params: 2,360,064
Layer: clinical_bert_model.encoder.layer.5.output.LayerNorm | Params: 1,536
Layer: clinical_bert_model.encoder.layer.6.attention.self.query | Params: 590,592
Layer: clinical_bert_model.encoder.layer.6.attention.self.key | Params: 590,592
Layer: clinical_bert_model.encoder.layer.6.attention.self.value | Params: 590,592
Layer: clinical_bert_model.encoder.layer.6.attention.output.dense | Params: 590,592
Layer: clinical_bert_model.encoder.layer.6.attention.output.LayerNorm | Params: 1,536
Layer: clinical_bert_model.encoder.layer.6.intermediate.dense | Params: 2,362,368
Layer: clinical_bert_model.encoder.layer.6.output.dense   | Params: 2,360,064
Layer: clinical_bert_model.encoder.layer.6.output.LayerNorm | Params: 1,536
Layer: clinical_bert_model.encoder.layer.7.attention.self.query | Params: 590,592
Layer: clinical_bert_model.encoder.layer.7.attention.self.key | Params: 590,592
Layer: clinical_bert_model.encoder.layer.7.attention.self.value | Params: 590,592
Layer: clinical_bert_model.encoder.layer.7.attention.output.dense | Params: 590,592
Layer: clinical_bert_model.encoder.layer.7.attention.output.LayerNorm | Params: 1,536
Layer: clinical_bert_model.encoder.layer.7.intermediate.dense | Params: 2,362,368
Layer: clinical_bert_model.encoder.layer.7.output.dense   | Params: 2,360,064
Layer: clinical_bert_model.encoder.layer.7.output.LayerNorm | Params: 1,536
Layer: clinical_bert_model.encoder.layer.8.attention.self.query | Params: 590,592
Layer: clinical_bert_model.encoder.layer.8.attention.self.key | Params: 590,592
Layer: clinical_bert_model.encoder.layer.8.attention.self.value | Params: 590,592
Layer: clinical_bert_model.encoder.layer.8.attention.output.dense | Params: 590,592
Layer: clinical_bert_model.encoder.layer.8.attention.output.LayerNorm | Params: 1,536
Layer: clinical_bert_model.encoder.layer.8.intermediate.dense | Params: 2,362,368
Layer: clinical_bert_model.encoder.layer.8.output.dense   | Params: 2,360,064
Layer: clinical_bert_model.encoder.layer.8.output.LayerNorm | Params: 1,536
Layer: clinical_bert_model.encoder.layer.9.attention.self.query | Params: 590,592
Layer: clinical_bert_model.encoder.layer.9.attention.self.key | Params: 590,592
Layer: clinical_bert_model.encoder.layer.9.attention.self.value | Params: 590,592
Layer: clinical_bert_model.encoder.layer.9.attention.output.dense | Params: 590,592
Layer: clinical_bert_model.encoder.layer.9.attention.output.LayerNorm | Params: 1,536
Layer: clinical_bert_model.encoder.layer.9.intermediate.dense | Params: 2,362,368
Layer: clinical_bert_model.encoder.layer.9.output.dense   | Params: 2,360,064
Layer: clinical_bert_model.encoder.layer.9.output.LayerNorm | Params: 1,536
Layer: clinical_bert_model.encoder.layer.10.attention.self.query | Params: 590,592
Layer: clinical_bert_model.encoder.layer.10.attention.self.key | Params: 590,592
Layer: clinical_bert_model.encoder.layer.10.attention.self.value | Params: 590,592
Layer: clinical_bert_model.encoder.layer.10.attention.output.dense | Params: 590,592
Layer: clinical_bert_model.encoder.layer.10.attention.output.LayerNorm | Params: 1,536
Layer: clinical_bert_model.encoder.layer.10.intermediate.dense | Params: 2,362,368
Layer: clinical_bert_model.encoder.layer.10.output.dense  | Params: 2,360,064
Layer: clinical_bert_model.encoder.layer.10.output.LayerNorm | Params: 1,536
Layer: clinical_bert_model.encoder.layer.11.attention.self.query | Params: 590,592
Layer: clinical_bert_model.encoder.layer.11.attention.self.key | Params: 590,592
Layer: clinical_bert_model.encoder.layer.11.attention.self.value | Params: 590,592
Layer: clinical_bert_model.encoder.layer.11.attention.output.dense | Params: 590,592
Layer: clinical_bert_model.encoder.layer.11.attention.output.LayerNorm | Params: 1,536
Layer: clinical_bert_model.encoder.layer.11.intermediate.dense | Params: 2,362,368
Layer: clinical_bert_model.encoder.layer.11.output.dense  | Params: 2,360,064
Layer: clinical_bert_model.encoder.layer.11.output.LayerNorm | Params: 1,536
Layer: clinical_bert_model.pooler.dense                   | Params: 590,592
Layer: fc_omic.0.0                                        | Params: 18,432
Layer: fc_omic.1.0                                        | Params: 65,792
Layer: text_classifier                                    | Params: 1,028
Layer: gene_classifier                                    | Params: 1,028
Layer: stage_classifier                                   | Params: 1,028
Layer: stage_classifier_text                              | Params: 3,076
Layer: lin_weight                                         | Params: 769
Layer: text_projection                                    | Params: 196,864
Layer: query_projection                                   | Params: 131,328
Layer: cross_attention                                    | Params: 197,376
Layer: cross_attention.out_proj                           | Params: 65,792
Done!
Total number of parameters: 109026200
Total number of trainable parameters: 109026200

Init optimizer ... 
Init Loaders... Done!
batch: 0, loss: 0.407
batch: 100, loss: 1.554
Epoch: 0, train_loss: 1.4293, survival_loss: 152.7687, stage_loss: 203.8496, train_c_index: 0.5171, stage_acc: 0.0000
  🔄 同时获取训练集结果...
Best Val c-index: 0.5145
batch: 0, loss: 1.459
batch: 100, loss: 1.319
Epoch: 1, train_loss: 1.5275, survival_loss: 164.6160, stage_loss: 206.6066, train_c_index: 0.4518, stage_acc: 0.0000
Best Val c-index: 0.5145
batch: 0, loss: 0.857
batch: 100, loss: 0.753
Epoch: 2, train_loss: 1.4101, survival_loss: 151.5891, stage_loss: 193.8299, train_c_index: 0.5118, stage_acc: 0.0000
Best Val c-index: 0.5145
batch: 0, loss: 1.507
batch: 100, loss: 0.613
Epoch: 3, train_loss: 1.3915, survival_loss: 151.5176, stage_loss: 175.2051, train_c_index: 0.4200, stage_acc: 0.0000
Best Val c-index: 0.5145
batch: 0, loss: 1.987
batch: 100, loss: 1.800
Epoch: 4, train_loss: 1.3080, survival_loss: 138.2738, stage_loss: 199.3024, train_c_index: 0.4430, stage_acc: 0.0000
Best Val c-index: 0.5145
batch: 0, loss: 2.644
batch: 100, loss: 0.769
Epoch: 5, train_loss: 1.2247, survival_loss: 129.6875, stage_loss: 184.8242, train_c_index: 0.4573, stage_acc: 0.0000
Best Val c-index: 0.5145
batch: 0, loss: 1.042
batch: 100, loss: 0.446
Epoch: 6, train_loss: 1.1777, survival_loss: 124.2754, stage_loss: 181.3084, train_c_index: 0.4779, stage_acc: 0.0000
  🔄 同时获取训练集结果...
An error occured while computing BS
An error occured while computing IBS
An error occured while computing iauc
Best Val c-index: 0.5727
batch: 0, loss: 2.367
batch: 100, loss: 2.509
Epoch: 7, train_loss: 1.1816, survival_loss: 126.3462, stage_loss: 168.1203, train_c_index: 0.3914, stage_acc: 0.0000
  🔄 同时获取训练集结果...
An error occured while computing BS
An error occured while computing IBS
An error occured while computing iauc
Best Val c-index: 0.6279
batch: 0, loss: 1.287
batch: 100, loss: 1.066
Epoch: 8, train_loss: 1.1283, survival_loss: 119.6837, stage_loss: 168.5405, train_c_index: 0.5079, stage_acc: 0.0000
Best Val c-index: 0.6279
batch: 0, loss: 1.973
batch: 100, loss: 2.067
Epoch: 9, train_loss: 1.2687, survival_loss: 135.8258, stage_loss: 179.0749, train_c_index: 0.5066, stage_acc: 0.0000
Best Val c-index: 0.6279
batch: 0, loss: 1.031
batch: 100, loss: 1.581
Epoch: 10, train_loss: 1.2224, survival_loss: 130.1040, stage_loss: 178.9529, train_c_index: 0.5350, stage_acc: 0.0000
Best Val c-index: 0.6279
batch: 0, loss: 1.170
batch: 100, loss: 1.771
Epoch: 11, train_loss: 1.1489, survival_loss: 121.4582, stage_loss: 175.0269, train_c_index: 0.4306, stage_acc: 0.0000
Best Val c-index: 0.6279
batch: 0, loss: 1.884
batch: 100, loss: 2.157
Epoch: 12, train_loss: 1.1365, survival_loss: 119.8096, stage_loss: 175.9345, train_c_index: 0.5542, stage_acc: 0.0000
Best Val c-index: 0.6279
batch: 0, loss: 0.287
batch: 100, loss: 2.511
Epoch: 13, train_loss: 1.1712, survival_loss: 124.1722, stage_loss: 175.4669, train_c_index: 0.5286, stage_acc: 0.0000
Best Val c-index: 0.6279
batch: 0, loss: 1.518
batch: 100, loss: 2.164
Epoch: 14, train_loss: 1.2315, survival_loss: 131.8934, stage_loss: 173.4114, train_c_index: 0.6073, stage_acc: 0.0000
Best Val c-index: 0.6279
batch: 0, loss: 0.288
batch: 100, loss: 0.294
Epoch: 15, train_loss: 1.1346, survival_loss: 121.3394, stage_loss: 161.2228, train_c_index: 0.5135, stage_acc: 0.0000
Best Val c-index: 0.6279
batch: 0, loss: 0.352
batch: 100, loss: 2.582
Epoch: 16, train_loss: 1.1752, survival_loss: 123.3521, stage_loss: 186.4427, train_c_index: 0.5445, stage_acc: 0.0000
Best Val c-index: 0.6279
batch: 0, loss: 2.237
batch: 100, loss: 1.662
Epoch: 17, train_loss: 1.3140, survival_loss: 142.5754, stage_loss: 169.6423, train_c_index: 0.5493, stage_acc: 0.0000
Best Val c-index: 0.6279
batch: 0, loss: 1.072
batch: 100, loss: 2.360
Epoch: 18, train_loss: 1.1592, survival_loss: 122.5043, stage_loss: 177.0181, train_c_index: 0.5313, stage_acc: 0.0000
Best Val c-index: 0.6279
batch: 0, loss: 2.741
batch: 100, loss: 1.653
Epoch: 19, train_loss: 1.1205, survival_loss: 118.0788, stage_loss: 173.8532, train_c_index: 0.5512, stage_acc: 0.0000
Best Val c-index: 0.6279
🎨 Generating Kaplan-Meier plot for the full cohort...
📁 KM plot data saved to: ./results/results/hnsc_cfdemo_gene/tcga_hnsc__nll_surv_a0.5_lr5e-04_l2Weight_0.0001_5foldcv_b1_survival_months_dss_dim1_768_patches_4000_wsiDim_1_epochs_20_fusion_None_modality_snn_pathT_custom_multitask_0.12/TCGA_HNSC-Fold1_km_plot_data.csv
🖼️ KM plot image saved to: ./results/results/hnsc_cfdemo_gene/tcga_hnsc__nll_surv_a0.5_lr5e-04_l2Weight_0.0001_5foldcv_b1_survival_months_dss_dim1_768_patches_4000_wsiDim_1_epochs_20_fusion_None_modality_snn_pathT_custom_multitask_0.12/TCGA_HNSC-Fold1_km_plot.png
Saving results...
Defining datasets...
Using split_key='test' for validation set.
Created train and val datasets for fold 2

Training Fold 2!

Init train/val splits... 
Done!
Training on 125 samples
Validating on 33 samples

Init loss function... Done!

Init Model...   [Auto-Detect] Detected 71 features from custom file.
🔥 [Model Info] 检测到筛选后的特征 (Dim=71)，自动禁用通路编码器，改用直接拼接模式。

[DEBUG] SNNOmics 初始化状态: only_omic = True
[DEBUG] -> 正在构建 [纯基因] 分类器 (Input Dim: 256)

==============================
Model: snn
总参数量 (Total):      0.1090 B
可训练参数 (Trainable): 0.1090 B
==============================


Detailed layer-by-layer parameters:
Layer:                                                    | Params: 3
Layer: survival_classifier.0                              | Params: 32,896
Layer: survival_classifier.2                              | Params: 516
Layer: clinical_bert_model.embeddings.word_embeddings     | Params: 22,268,928
Layer: clinical_bert_model.embeddings.position_embeddings | Params: 393,216
Layer: clinical_bert_model.embeddings.token_type_embeddings | Params: 1,536
Layer: clinical_bert_model.embeddings.LayerNorm           | Params: 1,536
Layer: clinical_bert_model.encoder.layer.0.attention.self.query | Params: 590,592
Layer: clinical_bert_model.encoder.layer.0.attention.self.key | Params: 590,592
Layer: clinical_bert_model.encoder.layer.0.attention.self.value | Params: 590,592
Layer: clinical_bert_model.encoder.layer.0.attention.output.dense | Params: 590,592
Layer: clinical_bert_model.encoder.layer.0.attention.output.LayerNorm | Params: 1,536
Layer: clinical_bert_model.encoder.layer.0.intermediate.dense | Params: 2,362,368
Layer: clinical_bert_model.encoder.layer.0.output.dense   | Params: 2,360,064
Layer: clinical_bert_model.encoder.layer.0.output.LayerNorm | Params: 1,536
Layer: clinical_bert_model.encoder.layer.1.attention.self.query | Params: 590,592
Layer: clinical_bert_model.encoder.layer.1.attention.self.key | Params: 590,592
Layer: clinical_bert_model.encoder.layer.1.attention.self.value | Params: 590,592
Layer: clinical_bert_model.encoder.layer.1.attention.output.dense | Params: 590,592
Layer: clinical_bert_model.encoder.layer.1.attention.output.LayerNorm | Params: 1,536
Layer: clinical_bert_model.encoder.layer.1.intermediate.dense | Params: 2,362,368
Layer: clinical_bert_model.encoder.layer.1.output.dense   | Params: 2,360,064
Layer: clinical_bert_model.encoder.layer.1.output.LayerNorm | Params: 1,536
Layer: clinical_bert_model.encoder.layer.2.attention.self.query | Params: 590,592
Layer: clinical_bert_model.encoder.layer.2.attention.self.key | Params: 590,592
Layer: clinical_bert_model.encoder.layer.2.attention.self.value | Params: 590,592
Layer: clinical_bert_model.encoder.layer.2.attention.output.dense | Params: 590,592
Layer: clinical_bert_model.encoder.layer.2.attention.output.LayerNorm | Params: 1,536
Layer: clinical_bert_model.encoder.layer.2.intermediate.dense | Params: 2,362,368
Layer: clinical_bert_model.encoder.layer.2.output.dense   | Params: 2,360,064
Layer: clinical_bert_model.encoder.layer.2.output.LayerNorm | Params: 1,536
Layer: clinical_bert_model.encoder.layer.3.attention.self.query | Params: 590,592
Layer: clinical_bert_model.encoder.layer.3.attention.self.key | Params: 590,592
Layer: clinical_bert_model.encoder.layer.3.attention.self.value | Params: 590,592
Layer: clinical_bert_model.encoder.layer.3.attention.output.dense | Params: 590,592
Layer: clinical_bert_model.encoder.layer.3.attention.output.LayerNorm | Params: 1,536
Layer: clinical_bert_model.encoder.layer.3.intermediate.dense | Params: 2,362,368
Layer: clinical_bert_model.encoder.layer.3.output.dense   | Params: 2,360,064
Layer: clinical_bert_model.encoder.layer.3.output.LayerNorm | Params: 1,536
Layer: clinical_bert_model.encoder.layer.4.attention.self.query | Params: 590,592
Layer: clinical_bert_model.encoder.layer.4.attention.self.key | Params: 590,592
Layer: clinical_bert_model.encoder.layer.4.attention.self.value | Params: 590,592
Layer: clinical_bert_model.encoder.layer.4.attention.output.dense | Params: 590,592
Layer: clinical_bert_model.encoder.layer.4.attention.output.LayerNorm | Params: 1,536
Layer: clinical_bert_model.encoder.layer.4.intermediate.dense | Params: 2,362,368
Layer: clinical_bert_model.encoder.layer.4.output.dense   | Params: 2,360,064
Layer: clinical_bert_model.encoder.layer.4.output.LayerNorm | Params: 1,536
Layer: clinical_bert_model.encoder.layer.5.attention.self.query | Params: 590,592
Layer: clinical_bert_model.encoder.layer.5.attention.self.key | Params: 590,592
Layer: clinical_bert_model.encoder.layer.5.attention.self.value | Params: 590,592
Layer: clinical_bert_model.encoder.layer.5.attention.output.dense | Params: 590,592
Layer: clinical_bert_model.encoder.layer.5.attention.output.LayerNorm | Params: 1,536
Layer: clinical_bert_model.encoder.layer.5.intermediate.dense | Params: 2,362,368
Layer: clinical_bert_model.encoder.layer.5.output.dense   | Params: 2,360,064
Layer: clinical_bert_model.encoder.layer.5.output.LayerNorm | Params: 1,536
Layer: clinical_bert_model.encoder.layer.6.attention.self.query | Params: 590,592
Layer: clinical_bert_model.encoder.layer.6.attention.self.key | Params: 590,592
Layer: clinical_bert_model.encoder.layer.6.attention.self.value | Params: 590,592
Layer: clinical_bert_model.encoder.layer.6.attention.output.dense | Params: 590,592
Layer: clinical_bert_model.encoder.layer.6.attention.output.LayerNorm | Params: 1,536
Layer: clinical_bert_model.encoder.layer.6.intermediate.dense | Params: 2,362,368
Layer: clinical_bert_model.encoder.layer.6.output.dense   | Params: 2,360,064
Layer: clinical_bert_model.encoder.layer.6.output.LayerNorm | Params: 1,536
Layer: clinical_bert_model.encoder.layer.7.attention.self.query | Params: 590,592
Layer: clinical_bert_model.encoder.layer.7.attention.self.key | Params: 590,592
Layer: clinical_bert_model.encoder.layer.7.attention.self.value | Params: 590,592
Layer: clinical_bert_model.encoder.layer.7.attention.output.dense | Params: 590,592
Layer: clinical_bert_model.encoder.layer.7.attention.output.LayerNorm | Params: 1,536
Layer: clinical_bert_model.encoder.layer.7.intermediate.dense | Params: 2,362,368
Layer: clinical_bert_model.encoder.layer.7.output.dense   | Params: 2,360,064
Layer: clinical_bert_model.encoder.layer.7.output.LayerNorm | Params: 1,536
Layer: clinical_bert_model.encoder.layer.8.attention.self.query | Params: 590,592
Layer: clinical_bert_model.encoder.layer.8.attention.self.key | Params: 590,592
Layer: clinical_bert_model.encoder.layer.8.attention.self.value | Params: 590,592
Layer: clinical_bert_model.encoder.layer.8.attention.output.dense | Params: 590,592
Layer: clinical_bert_model.encoder.layer.8.attention.output.LayerNorm | Params: 1,536
Layer: clinical_bert_model.encoder.layer.8.intermediate.dense | Params: 2,362,368
Layer: clinical_bert_model.encoder.layer.8.output.dense   | Params: 2,360,064
Layer: clinical_bert_model.encoder.layer.8.output.LayerNorm | Params: 1,536
Layer: clinical_bert_model.encoder.layer.9.attention.self.query | Params: 590,592
Layer: clinical_bert_model.encoder.layer.9.attention.self.key | Params: 590,592
Layer: clinical_bert_model.encoder.layer.9.attention.self.value | Params: 590,592
Layer: clinical_bert_model.encoder.layer.9.attention.output.dense | Params: 590,592
Layer: clinical_bert_model.encoder.layer.9.attention.output.LayerNorm | Params: 1,536
Layer: clinical_bert_model.encoder.layer.9.intermediate.dense | Params: 2,362,368
Layer: clinical_bert_model.encoder.layer.9.output.dense   | Params: 2,360,064
Layer: clinical_bert_model.encoder.layer.9.output.LayerNorm | Params: 1,536
Layer: clinical_bert_model.encoder.layer.10.attention.self.query | Params: 590,592
Layer: clinical_bert_model.encoder.layer.10.attention.self.key | Params: 590,592
Layer: clinical_bert_model.encoder.layer.10.attention.self.value | Params: 590,592
Layer: clinical_bert_model.encoder.layer.10.attention.output.dense | Params: 590,592
Layer: clinical_bert_model.encoder.layer.10.attention.output.LayerNorm | Params: 1,536
Layer: clinical_bert_model.encoder.layer.10.intermediate.dense | Params: 2,362,368
Layer: clinical_bert_model.encoder.layer.10.output.dense  | Params: 2,360,064
Layer: clinical_bert_model.encoder.layer.10.output.LayerNorm | Params: 1,536
Layer: clinical_bert_model.encoder.layer.11.attention.self.query | Params: 590,592
Layer: clinical_bert_model.encoder.layer.11.attention.self.key | Params: 590,592
Layer: clinical_bert_model.encoder.layer.11.attention.self.value | Params: 590,592
Layer: clinical_bert_model.encoder.layer.11.attention.output.dense | Params: 590,592
Layer: clinical_bert_model.encoder.layer.11.attention.output.LayerNorm | Params: 1,536
Layer: clinical_bert_model.encoder.layer.11.intermediate.dense | Params: 2,362,368
Layer: clinical_bert_model.encoder.layer.11.output.dense  | Params: 2,360,064
Layer: clinical_bert_model.encoder.layer.11.output.LayerNorm | Params: 1,536
Layer: clinical_bert_model.pooler.dense                   | Params: 590,592
Layer: fc_omic.0.0                                        | Params: 18,432
Layer: fc_omic.1.0                                        | Params: 65,792
Layer: text_classifier                                    | Params: 1,028
Layer: gene_classifier                                    | Params: 1,028
Layer: stage_classifier                                   | Params: 1,028
Layer: stage_classifier_text                              | Params: 3,076
Layer: lin_weight                                         | Params: 769
Layer: text_projection                                    | Params: 196,864
Layer: query_projection                                   | Params: 131,328
Layer: cross_attention                                    | Params: 197,376
Layer: cross_attention.out_proj                           | Params: 65,792
Done!
Total number of parameters: 109026200
Total number of trainable parameters: 109026200

Init optimizer ... 
Init Loaders... Done!
batch: 0, loss: 0.897
batch: 100, loss: 1.740
Epoch: 0, train_loss: 1.6123, survival_loss: 179.0622, stage_loss: 187.2603, train_c_index: 0.4776, stage_acc: 0.0000
  🔄 同时获取训练集结果...
An error occured while computing BS
An error occured while computing IBS
Best Val c-index: 0.6867
batch: 0, loss: 0.592
batch: 100, loss: 2.422
Epoch: 1, train_loss: 1.5641, survival_loss: 171.6197, stage_loss: 199.1543, train_c_index: 0.5170, stage_acc: 0.0000
Best Val c-index: 0.6867
batch: 0, loss: 2.999
batch: 100, loss: 1.533
Epoch: 2, train_loss: 1.6797, survival_loss: 185.1631, stage_loss: 206.7089, train_c_index: 0.4771, stage_acc: 0.0000
Best Val c-index: 0.6867
batch: 0, loss: 3.228
batch: 100, loss: 2.075
Epoch: 3, train_loss: 1.4134, survival_loss: 152.1245, stage_loss: 204.5753, train_c_index: 0.4952, stage_acc: 0.0000
Best Val c-index: 0.6867
batch: 0, loss: 2.837
batch: 100, loss: 2.123
Epoch: 4, train_loss: 1.4788, survival_loss: 161.7808, stage_loss: 192.2378, train_c_index: 0.5022, stage_acc: 0.0000
Best Val c-index: 0.6867
batch: 0, loss: 1.612
batch: 100, loss: 0.610
Epoch: 5, train_loss: 1.2681, survival_loss: 136.5955, stage_loss: 182.6214, train_c_index: 0.4758, stage_acc: 0.0000
Best Val c-index: 0.6867
batch: 0, loss: 0.440
batch: 100, loss: 0.650
Epoch: 6, train_loss: 1.1774, survival_loss: 126.6828, stage_loss: 170.7863, train_c_index: 0.5362, stage_acc: 0.0000
Best Val c-index: 0.6867
batch: 0, loss: 1.370
batch: 100, loss: 1.148
Epoch: 7, train_loss: 1.2624, survival_loss: 138.1286, stage_loss: 163.9545, train_c_index: 0.4783, stage_acc: 0.0000
Best Val c-index: 0.6867
batch: 0, loss: 2.052
batch: 100, loss: 0.589
Epoch: 8, train_loss: 1.1291, survival_loss: 119.3524, stage_loss: 181.5292, train_c_index: 0.5365, stage_acc: 0.0000
Best Val c-index: 0.6867
batch: 0, loss: 1.530
batch: 100, loss: 0.375
Epoch: 9, train_loss: 1.2538, survival_loss: 136.8613, stage_loss: 165.5183, train_c_index: 0.4818, stage_acc: 0.0000
Best Val c-index: 0.6867
batch: 0, loss: 0.983
batch: 100, loss: 1.630
Epoch: 10, train_loss: 1.1910, survival_loss: 128.8949, stage_loss: 166.5194, train_c_index: 0.4898, stage_acc: 0.0000
Best Val c-index: 0.6867
batch: 0, loss: 1.727
batch: 100, loss: 1.572
Epoch: 11, train_loss: 1.2011, survival_loss: 130.0132, stage_loss: 167.7056, train_c_index: 0.5150, stage_acc: 0.0000
Best Val c-index: 0.6867
batch: 0, loss: 2.587
batch: 100, loss: 0.896
Epoch: 12, train_loss: 1.1918, survival_loss: 129.6207, stage_loss: 161.3211, train_c_index: 0.4737, stage_acc: 0.0000
Best Val c-index: 0.6867
batch: 0, loss: 0.503
batch: 100, loss: 1.625
Epoch: 13, train_loss: 1.2264, survival_loss: 131.4420, stage_loss: 182.1212, train_c_index: 0.4763, stage_acc: 0.0000
Best Val c-index: 0.6867
batch: 0, loss: 0.808
batch: 100, loss: 1.671
Epoch: 14, train_loss: 1.1803, survival_loss: 127.7243, stage_loss: 165.1055, train_c_index: 0.5192, stage_acc: 0.0000
Best Val c-index: 0.6867
batch: 0, loss: 1.298
batch: 100, loss: 0.750
Epoch: 15, train_loss: 1.1396, survival_loss: 122.1920, stage_loss: 168.7815, train_c_index: 0.4992, stage_acc: 0.0000
Best Val c-index: 0.6867
batch: 0, loss: 1.927
batch: 100, loss: 1.382
Epoch: 16, train_loss: 1.1259, survival_loss: 120.3618, stage_loss: 169.7508, train_c_index: 0.5374, stage_acc: 0.0000
Best Val c-index: 0.6867
batch: 0, loss: 1.095
batch: 100, loss: 2.156
Epoch: 17, train_loss: 1.1224, survival_loss: 122.9680, stage_loss: 144.3981, train_c_index: 0.5031, stage_acc: 0.0000
Best Val c-index: 0.6867
batch: 0, loss: 1.519
batch: 100, loss: 1.295
Epoch: 18, train_loss: 1.2652, survival_loss: 138.2098, stage_loss: 166.1998, train_c_index: 0.5878, stage_acc: 0.0000
Best Val c-index: 0.6867
batch: 0, loss: 2.232
batch: 100, loss: 1.774
Epoch: 19, train_loss: 1.0900, survival_loss: 114.9173, stage_loss: 177.7887, train_c_index: 0.5959, stage_acc: 0.0000
Best Val c-index: 0.6867
🎨 Generating Kaplan-Meier plot for the full cohort...
📁 KM plot data saved to: ./results/results/hnsc_cfdemo_gene/tcga_hnsc__nll_surv_a0.5_lr5e-04_l2Weight_0.0001_5foldcv_b1_survival_months_dss_dim1_768_patches_4000_wsiDim_1_epochs_20_fusion_None_modality_snn_pathT_custom_multitask_0.12/TCGA_HNSC-Fold2_km_plot_data.csv
🖼️ KM plot image saved to: ./results/results/hnsc_cfdemo_gene/tcga_hnsc__nll_surv_a0.5_lr5e-04_l2Weight_0.0001_5foldcv_b1_survival_months_dss_dim1_768_patches_4000_wsiDim_1_epochs_20_fusion_None_modality_snn_pathT_custom_multitask_0.12/TCGA_HNSC-Fold2_km_plot.png
Saving results...
Defining datasets...
Using split_key='test' for validation set.
Created train and val datasets for fold 3

Training Fold 3!

Init train/val splits... 
Done!
Training on 123 samples
Validating on 33 samples

Init loss function... Done!

Init Model...   [Auto-Detect] Detected 71 features from custom file.
🔥 [Model Info] 检测到筛选后的特征 (Dim=71)，自动禁用通路编码器，改用直接拼接模式。

[DEBUG] SNNOmics 初始化状态: only_omic = True
[DEBUG] -> 正在构建 [纯基因] 分类器 (Input Dim: 256)

==============================
Model: snn
总参数量 (Total):      0.1090 B
可训练参数 (Trainable): 0.1090 B
==============================


Detailed layer-by-layer parameters:
Layer:                                                    | Params: 3
Layer: survival_classifier.0                              | Params: 32,896
Layer: survival_classifier.2                              | Params: 516
Layer: clinical_bert_model.embeddings.word_embeddings     | Params: 22,268,928
Layer: clinical_bert_model.embeddings.position_embeddings | Params: 393,216
Layer: clinical_bert_model.embeddings.token_type_embeddings | Params: 1,536
Layer: clinical_bert_model.embeddings.LayerNorm           | Params: 1,536
Layer: clinical_bert_model.encoder.layer.0.attention.self.query | Params: 590,592
Layer: clinical_bert_model.encoder.layer.0.attention.self.key | Params: 590,592
Layer: clinical_bert_model.encoder.layer.0.attention.self.value | Params: 590,592
Layer: clinical_bert_model.encoder.layer.0.attention.output.dense | Params: 590,592
Layer: clinical_bert_model.encoder.layer.0.attention.output.LayerNorm | Params: 1,536
Layer: clinical_bert_model.encoder.layer.0.intermediate.dense | Params: 2,362,368
Layer: clinical_bert_model.encoder.layer.0.output.dense   | Params: 2,360,064
Layer: clinical_bert_model.encoder.layer.0.output.LayerNorm | Params: 1,536
Layer: clinical_bert_model.encoder.layer.1.attention.self.query | Params: 590,592
Layer: clinical_bert_model.encoder.layer.1.attention.self.key | Params: 590,592
Layer: clinical_bert_model.encoder.layer.1.attention.self.value | Params: 590,592
Layer: clinical_bert_model.encoder.layer.1.attention.output.dense | Params: 590,592
Layer: clinical_bert_model.encoder.layer.1.attention.output.LayerNorm | Params: 1,536
Layer: clinical_bert_model.encoder.layer.1.intermediate.dense | Params: 2,362,368
Layer: clinical_bert_model.encoder.layer.1.output.dense   | Params: 2,360,064
Layer: clinical_bert_model.encoder.layer.1.output.LayerNorm | Params: 1,536
Layer: clinical_bert_model.encoder.layer.2.attention.self.query | Params: 590,592
Layer: clinical_bert_model.encoder.layer.2.attention.self.key | Params: 590,592
Layer: clinical_bert_model.encoder.layer.2.attention.self.value | Params: 590,592
Layer: clinical_bert_model.encoder.layer.2.attention.output.dense | Params: 590,592
Layer: clinical_bert_model.encoder.layer.2.attention.output.LayerNorm | Params: 1,536
Layer: clinical_bert_model.encoder.layer.2.intermediate.dense | Params: 2,362,368
Layer: clinical_bert_model.encoder.layer.2.output.dense   | Params: 2,360,064
Layer: clinical_bert_model.encoder.layer.2.output.LayerNorm | Params: 1,536
Layer: clinical_bert_model.encoder.layer.3.attention.self.query | Params: 590,592
Layer: clinical_bert_model.encoder.layer.3.attention.self.key | Params: 590,592
Layer: clinical_bert_model.encoder.layer.3.attention.self.value | Params: 590,592
Layer: clinical_bert_model.encoder.layer.3.attention.output.dense | Params: 590,592
Layer: clinical_bert_model.encoder.layer.3.attention.output.LayerNorm | Params: 1,536
Layer: clinical_bert_model.encoder.layer.3.intermediate.dense | Params: 2,362,368
Layer: clinical_bert_model.encoder.layer.3.output.dense   | Params: 2,360,064
Layer: clinical_bert_model.encoder.layer.3.output.LayerNorm | Params: 1,536
Layer: clinical_bert_model.encoder.layer.4.attention.self.query | Params: 590,592
Layer: clinical_bert_model.encoder.layer.4.attention.self.key | Params: 590,592
Layer: clinical_bert_model.encoder.layer.4.attention.self.value | Params: 590,592
Layer: clinical_bert_model.encoder.layer.4.attention.output.dense | Params: 590,592
Layer: clinical_bert_model.encoder.layer.4.attention.output.LayerNorm | Params: 1,536
Layer: clinical_bert_model.encoder.layer.4.intermediate.dense | Params: 2,362,368
Layer: clinical_bert_model.encoder.layer.4.output.dense   | Params: 2,360,064
Layer: clinical_bert_model.encoder.layer.4.output.LayerNorm | Params: 1,536
Layer: clinical_bert_model.encoder.layer.5.attention.self.query | Params: 590,592
Layer: clinical_bert_model.encoder.layer.5.attention.self.key | Params: 590,592
Layer: clinical_bert_model.encoder.layer.5.attention.self.value | Params: 590,592
Layer: clinical_bert_model.encoder.layer.5.attention.output.dense | Params: 590,592
Layer: clinical_bert_model.encoder.layer.5.attention.output.LayerNorm | Params: 1,536
Layer: clinical_bert_model.encoder.layer.5.intermediate.dense | Params: 2,362,368
Layer: clinical_bert_model.encoder.layer.5.output.dense   | Params: 2,360,064
Layer: clinical_bert_model.encoder.layer.5.output.LayerNorm | Params: 1,536
Layer: clinical_bert_model.encoder.layer.6.attention.self.query | Params: 590,592
Layer: clinical_bert_model.encoder.layer.6.attention.self.key | Params: 590,592
Layer: clinical_bert_model.encoder.layer.6.attention.self.value | Params: 590,592
Layer: clinical_bert_model.encoder.layer.6.attention.output.dense | Params: 590,592
Layer: clinical_bert_model.encoder.layer.6.attention.output.LayerNorm | Params: 1,536
Layer: clinical_bert_model.encoder.layer.6.intermediate.dense | Params: 2,362,368
Layer: clinical_bert_model.encoder.layer.6.output.dense   | Params: 2,360,064
Layer: clinical_bert_model.encoder.layer.6.output.LayerNorm | Params: 1,536
Layer: clinical_bert_model.encoder.layer.7.attention.self.query | Params: 590,592
Layer: clinical_bert_model.encoder.layer.7.attention.self.key | Params: 590,592
Layer: clinical_bert_model.encoder.layer.7.attention.self.value | Params: 590,592
Layer: clinical_bert_model.encoder.layer.7.attention.output.dense | Params: 590,592
Layer: clinical_bert_model.encoder.layer.7.attention.output.LayerNorm | Params: 1,536
Layer: clinical_bert_model.encoder.layer.7.intermediate.dense | Params: 2,362,368
Layer: clinical_bert_model.encoder.layer.7.output.dense   | Params: 2,360,064
Layer: clinical_bert_model.encoder.layer.7.output.LayerNorm | Params: 1,536
Layer: clinical_bert_model.encoder.layer.8.attention.self.query | Params: 590,592
Layer: clinical_bert_model.encoder.layer.8.attention.self.key | Params: 590,592
Layer: clinical_bert_model.encoder.layer.8.attention.self.value | Params: 590,592
Layer: clinical_bert_model.encoder.layer.8.attention.output.dense | Params: 590,592
Layer: clinical_bert_model.encoder.layer.8.attention.output.LayerNorm | Params: 1,536
Layer: clinical_bert_model.encoder.layer.8.intermediate.dense | Params: 2,362,368
Layer: clinical_bert_model.encoder.layer.8.output.dense   | Params: 2,360,064
Layer: clinical_bert_model.encoder.layer.8.output.LayerNorm | Params: 1,536
Layer: clinical_bert_model.encoder.layer.9.attention.self.query | Params: 590,592
Layer: clinical_bert_model.encoder.layer.9.attention.self.key | Params: 590,592
Layer: clinical_bert_model.encoder.layer.9.attention.self.value | Params: 590,592
Layer: clinical_bert_model.encoder.layer.9.attention.output.dense | Params: 590,592
Layer: clinical_bert_model.encoder.layer.9.attention.output.LayerNorm | Params: 1,536
Layer: clinical_bert_model.encoder.layer.9.intermediate.dense | Params: 2,362,368
Layer: clinical_bert_model.encoder.layer.9.output.dense   | Params: 2,360,064
Layer: clinical_bert_model.encoder.layer.9.output.LayerNorm | Params: 1,536
Layer: clinical_bert_model.encoder.layer.10.attention.self.query | Params: 590,592
Layer: clinical_bert_model.encoder.layer.10.attention.self.key | Params: 590,592
Layer: clinical_bert_model.encoder.layer.10.attention.self.value | Params: 590,592
Layer: clinical_bert_model.encoder.layer.10.attention.output.dense | Params: 590,592
Layer: clinical_bert_model.encoder.layer.10.attention.output.LayerNorm | Params: 1,536
Layer: clinical_bert_model.encoder.layer.10.intermediate.dense | Params: 2,362,368
Layer: clinical_bert_model.encoder.layer.10.output.dense  | Params: 2,360,064
Layer: clinical_bert_model.encoder.layer.10.output.LayerNorm | Params: 1,536
Layer: clinical_bert_model.encoder.layer.11.attention.self.query | Params: 590,592
Layer: clinical_bert_model.encoder.layer.11.attention.self.key | Params: 590,592
Layer: clinical_bert_model.encoder.layer.11.attention.self.value | Params: 590,592
Layer: clinical_bert_model.encoder.layer.11.attention.output.dense | Params: 590,592
Layer: clinical_bert_model.encoder.layer.11.attention.output.LayerNorm | Params: 1,536
Layer: clinical_bert_model.encoder.layer.11.intermediate.dense | Params: 2,362,368
Layer: clinical_bert_model.encoder.layer.11.output.dense  | Params: 2,360,064
Layer: clinical_bert_model.encoder.layer.11.output.LayerNorm | Params: 1,536
Layer: clinical_bert_model.pooler.dense                   | Params: 590,592
Layer: fc_omic.0.0                                        | Params: 18,432
Layer: fc_omic.1.0                                        | Params: 65,792
Layer: text_classifier                                    | Params: 1,028
Layer: gene_classifier                                    | Params: 1,028
Layer: stage_classifier                                   | Params: 1,028
Layer: stage_classifier_text                              | Params: 3,076
Layer: lin_weight                                         | Params: 769
Layer: text_projection                                    | Params: 196,864
Layer: query_projection                                   | Params: 131,328
Layer: cross_attention                                    | Params: 197,376
Layer: cross_attention.out_proj                           | Params: 65,792
Done!
Total number of parameters: 109026200
Total number of trainable parameters: 109026200

Init optimizer ... 
Init Loaders... Done!
batch: 0, loss: 1.883
batch: 100, loss: 1.546
Epoch: 0, train_loss: 1.5972, survival_loss: 173.0631, stage_loss: 194.9199, train_c_index: 0.4398, stage_acc: 0.0000
  🔄 同时获取训练集结果...
Best Val c-index: 0.4207
batch: 0, loss: 1.144
batch: 100, loss: 3.294
Epoch: 1, train_loss: 1.4123, survival_loss: 148.4071, stage_loss: 210.8464, train_c_index: 0.5225, stage_acc: 0.0000
  🔄 同时获取训练集结果...
Best Val c-index: 0.4484
batch: 0, loss: 0.515
batch: 100, loss: 2.700
Epoch: 2, train_loss: 1.4360, survival_loss: 154.2015, stage_loss: 186.8550, train_c_index: 0.5174, stage_acc: 0.0000
  🔄 同时获取训练集结果...
An error occured while computing BS
An error occured while computing IBS
An error occured while computing iauc
Best Val c-index: 0.4710
batch: 0, loss: 1.790
batch: 100, loss: 1.158
Epoch: 3, train_loss: 1.3636, survival_loss: 145.4191, stage_loss: 185.8525, train_c_index: 0.5148, stage_acc: 0.0000
  🔄 同时获取训练集结果...
An error occured while computing BS
An error occured while computing IBS
An error occured while computing iauc
Best Val c-index: 0.5189
batch: 0, loss: 0.899
batch: 100, loss: 1.419
Epoch: 4, train_loss: 1.3626, survival_loss: 143.3578, stage_loss: 202.0062, train_c_index: 0.4531, stage_acc: 0.0000
  🔄 同时获取训练集结果...
Best Val c-index: 0.5768
batch: 0, loss: 2.184
batch: 100, loss: 0.551
Epoch: 5, train_loss: 1.1989, survival_loss: 125.3985, stage_loss: 183.8624, train_c_index: 0.6307, stage_acc: 0.0000
  🔄 同时获取训练集结果...
An error occured while computing BS
An error occured while computing IBS
Best Val c-index: 0.5819
batch: 0, loss: 0.373
batch: 100, loss: 2.241
Epoch: 6, train_loss: 1.0767, survival_loss: 110.6868, stage_loss: 181.2498, train_c_index: 0.4582, stage_acc: 0.0000
  🔄 同时获取训练集结果...
An error occured while computing BS
An error occured while computing IBS
An error occured while computing iauc
Best Val c-index: 0.5919
batch: 0, loss: 1.515
batch: 100, loss: 0.214
Epoch: 7, train_loss: 1.1553, survival_loss: 119.9171, stage_loss: 184.9086, train_c_index: 0.4907, stage_acc: 0.0000
  🔄 同时获取训练集结果...
Best Val c-index: 0.6196
batch: 0, loss: 1.684
batch: 100, loss: 1.524
Epoch: 8, train_loss: 1.1883, survival_loss: 124.7918, stage_loss: 178.0800, train_c_index: 0.5736, stage_acc: 0.0000
  🔄 同时获取训练集结果...
Best Val c-index: 0.6524
batch: 0, loss: 0.348
batch: 100, loss: 0.637
Epoch: 9, train_loss: 1.1959, survival_loss: 127.0703, stage_loss: 166.8516, train_c_index: 0.4377, stage_acc: 0.0000
  🔄 同时获取训练集结果...
An error occured while computing BS
An error occured while computing IBS
An error occured while computing iauc
Best Val c-index: 0.6776
batch: 0, loss: 0.459
batch: 100, loss: 0.351
Epoch: 10, train_loss: 1.2373, survival_loss: 133.7881, stage_loss: 153.3516, train_c_index: 0.5442, stage_acc: 0.0000
  🔄 同时获取训练集结果...
An error occured while computing BS
An error occured while computing IBS
An error occured while computing iauc
Best Val c-index: 0.6977
batch: 0, loss: 0.225
batch: 100, loss: 1.728
Epoch: 11, train_loss: 1.2831, survival_loss: 137.8345, stage_loss: 166.5210, train_c_index: 0.5297, stage_acc: 0.0000
Best Val c-index: 0.6977
batch: 0, loss: 0.454
batch: 100, loss: 0.917
Epoch: 12, train_loss: 1.2081, survival_loss: 128.3857, stage_loss: 168.4024, train_c_index: 0.5970, stage_acc: 0.0000
Best Val c-index: 0.6977
batch: 0, loss: 0.714
batch: 100, loss: 2.381
Epoch: 13, train_loss: 1.2351, survival_loss: 129.2041, stage_loss: 189.3129, train_c_index: 0.5351, stage_acc: 0.0000
Best Val c-index: 0.6977
batch: 0, loss: 0.303
batch: 100, loss: 0.247
Epoch: 14, train_loss: 1.2113, survival_loss: 128.2153, stage_loss: 173.1238, train_c_index: 0.5037, stage_acc: 0.0000
Best Val c-index: 0.6977
batch: 0, loss: 0.492
batch: 100, loss: 1.954
Epoch: 15, train_loss: 1.1899, survival_loss: 127.0928, stage_loss: 160.5131, train_c_index: 0.6187, stage_acc: 0.0000
Best Val c-index: 0.6977
batch: 0, loss: 2.240
batch: 100, loss: 1.531
Epoch: 16, train_loss: 1.1331, survival_loss: 120.1477, stage_loss: 160.2423, train_c_index: 0.5838, stage_acc: 0.0000
Best Val c-index: 0.6977
batch: 0, loss: 1.530
batch: 100, loss: 1.143
Epoch: 17, train_loss: 1.1778, survival_loss: 123.9466, stage_loss: 174.3557, train_c_index: 0.4850, stage_acc: 0.0000
Best Val c-index: 0.6977
batch: 0, loss: 1.375
batch: 100, loss: 0.445
Epoch: 18, train_loss: 1.1076, survival_loss: 116.3055, stage_loss: 166.0703, train_c_index: 0.5917, stage_acc: 0.0000
Best Val c-index: 0.6977
batch: 0, loss: 0.668
batch: 100, loss: 1.519
Epoch: 19, train_loss: 1.1881, survival_loss: 127.9157, stage_loss: 151.8416, train_c_index: 0.5212, stage_acc: 0.0000
Best Val c-index: 0.6977
🎨 Generating Kaplan-Meier plot for the full cohort...
📁 KM plot data saved to: ./results/results/hnsc_cfdemo_gene/tcga_hnsc__nll_surv_a0.5_lr5e-04_l2Weight_0.0001_5foldcv_b1_survival_months_dss_dim1_768_patches_4000_wsiDim_1_epochs_20_fusion_None_modality_snn_pathT_custom_multitask_0.12/TCGA_HNSC-Fold3_km_plot_data.csv
🖼️ KM plot image saved to: ./results/results/hnsc_cfdemo_gene/tcga_hnsc__nll_surv_a0.5_lr5e-04_l2Weight_0.0001_5foldcv_b1_survival_months_dss_dim1_768_patches_4000_wsiDim_1_epochs_20_fusion_None_modality_snn_pathT_custom_multitask_0.12/TCGA_HNSC-Fold3_km_plot.png
Saving results...
Defining datasets...
Using split_key='test' for validation set.
Created train and val datasets for fold 4

Training Fold 4!

Init train/val splits... 
Done!
Training on 126 samples
Validating on 33 samples

Init loss function... Done!

Init Model...   [Auto-Detect] Detected 71 features from custom file.
🔥 [Model Info] 检测到筛选后的特征 (Dim=71)，自动禁用通路编码器，改用直接拼接模式。

[DEBUG] SNNOmics 初始化状态: only_omic = True
[DEBUG] -> 正在构建 [纯基因] 分类器 (Input Dim: 256)

==============================
Model: snn
总参数量 (Total):      0.1090 B
可训练参数 (Trainable): 0.1090 B
==============================


Detailed layer-by-layer parameters:
Layer:                                                    | Params: 3
Layer: survival_classifier.0                              | Params: 32,896
Layer: survival_classifier.2                              | Params: 516
Layer: clinical_bert_model.embeddings.word_embeddings     | Params: 22,268,928
Layer: clinical_bert_model.embeddings.position_embeddings | Params: 393,216
Layer: clinical_bert_model.embeddings.token_type_embeddings | Params: 1,536
Layer: clinical_bert_model.embeddings.LayerNorm           | Params: 1,536
Layer: clinical_bert_model.encoder.layer.0.attention.self.query | Params: 590,592
Layer: clinical_bert_model.encoder.layer.0.attention.self.key | Params: 590,592
Layer: clinical_bert_model.encoder.layer.0.attention.self.value | Params: 590,592
Layer: clinical_bert_model.encoder.layer.0.attention.output.dense | Params: 590,592
Layer: clinical_bert_model.encoder.layer.0.attention.output.LayerNorm | Params: 1,536
Layer: clinical_bert_model.encoder.layer.0.intermediate.dense | Params: 2,362,368
Layer: clinical_bert_model.encoder.layer.0.output.dense   | Params: 2,360,064
Layer: clinical_bert_model.encoder.layer.0.output.LayerNorm | Params: 1,536
Layer: clinical_bert_model.encoder.layer.1.attention.self.query | Params: 590,592
Layer: clinical_bert_model.encoder.layer.1.attention.self.key | Params: 590,592
Layer: clinical_bert_model.encoder.layer.1.attention.self.value | Params: 590,592
Layer: clinical_bert_model.encoder.layer.1.attention.output.dense | Params: 590,592
Layer: clinical_bert_model.encoder.layer.1.attention.output.LayerNorm | Params: 1,536
Layer: clinical_bert_model.encoder.layer.1.intermediate.dense | Params: 2,362,368
Layer: clinical_bert_model.encoder.layer.1.output.dense   | Params: 2,360,064
Layer: clinical_bert_model.encoder.layer.1.output.LayerNorm | Params: 1,536
Layer: clinical_bert_model.encoder.layer.2.attention.self.query | Params: 590,592
Layer: clinical_bert_model.encoder.layer.2.attention.self.key | Params: 590,592
Layer: clinical_bert_model.encoder.layer.2.attention.self.value | Params: 590,592
Layer: clinical_bert_model.encoder.layer.2.attention.output.dense | Params: 590,592
Layer: clinical_bert_model.encoder.layer.2.attention.output.LayerNorm | Params: 1,536
Layer: clinical_bert_model.encoder.layer.2.intermediate.dense | Params: 2,362,368
Layer: clinical_bert_model.encoder.layer.2.output.dense   | Params: 2,360,064
Layer: clinical_bert_model.encoder.layer.2.output.LayerNorm | Params: 1,536
Layer: clinical_bert_model.encoder.layer.3.attention.self.query | Params: 590,592
Layer: clinical_bert_model.encoder.layer.3.attention.self.key | Params: 590,592
Layer: clinical_bert_model.encoder.layer.3.attention.self.value | Params: 590,592
Layer: clinical_bert_model.encoder.layer.3.attention.output.dense | Params: 590,592
Layer: clinical_bert_model.encoder.layer.3.attention.output.LayerNorm | Params: 1,536
Layer: clinical_bert_model.encoder.layer.3.intermediate.dense | Params: 2,362,368
Layer: clinical_bert_model.encoder.layer.3.output.dense   | Params: 2,360,064
Layer: clinical_bert_model.encoder.layer.3.output.LayerNorm | Params: 1,536
Layer: clinical_bert_model.encoder.layer.4.attention.self.query | Params: 590,592
Layer: clinical_bert_model.encoder.layer.4.attention.self.key | Params: 590,592
Layer: clinical_bert_model.encoder.layer.4.attention.self.value | Params: 590,592
Layer: clinical_bert_model.encoder.layer.4.attention.output.dense | Params: 590,592
Layer: clinical_bert_model.encoder.layer.4.attention.output.LayerNorm | Params: 1,536
Layer: clinical_bert_model.encoder.layer.4.intermediate.dense | Params: 2,362,368
Layer: clinical_bert_model.encoder.layer.4.output.dense   | Params: 2,360,064
Layer: clinical_bert_model.encoder.layer.4.output.LayerNorm | Params: 1,536
Layer: clinical_bert_model.encoder.layer.5.attention.self.query | Params: 590,592
Layer: clinical_bert_model.encoder.layer.5.attention.self.key | Params: 590,592
Layer: clinical_bert_model.encoder.layer.5.attention.self.value | Params: 590,592
Layer: clinical_bert_model.encoder.layer.5.attention.output.dense | Params: 590,592
Layer: clinical_bert_model.encoder.layer.5.attention.output.LayerNorm | Params: 1,536
Layer: clinical_bert_model.encoder.layer.5.intermediate.dense | Params: 2,362,368
Layer: clinical_bert_model.encoder.layer.5.output.dense   | Params: 2,360,064
Layer: clinical_bert_model.encoder.layer.5.output.LayerNorm | Params: 1,536
Layer: clinical_bert_model.encoder.layer.6.attention.self.query | Params: 590,592
Layer: clinical_bert_model.encoder.layer.6.attention.self.key | Params: 590,592
Layer: clinical_bert_model.encoder.layer.6.attention.self.value | Params: 590,592
Layer: clinical_bert_model.encoder.layer.6.attention.output.dense | Params: 590,592
Layer: clinical_bert_model.encoder.layer.6.attention.output.LayerNorm | Params: 1,536
Layer: clinical_bert_model.encoder.layer.6.intermediate.dense | Params: 2,362,368
Layer: clinical_bert_model.encoder.layer.6.output.dense   | Params: 2,360,064
Layer: clinical_bert_model.encoder.layer.6.output.LayerNorm | Params: 1,536
Layer: clinical_bert_model.encoder.layer.7.attention.self.query | Params: 590,592
Layer: clinical_bert_model.encoder.layer.7.attention.self.key | Params: 590,592
Layer: clinical_bert_model.encoder.layer.7.attention.self.value | Params: 590,592
Layer: clinical_bert_model.encoder.layer.7.attention.output.dense | Params: 590,592
Layer: clinical_bert_model.encoder.layer.7.attention.output.LayerNorm | Params: 1,536
Layer: clinical_bert_model.encoder.layer.7.intermediate.dense | Params: 2,362,368
Layer: clinical_bert_model.encoder.layer.7.output.dense   | Params: 2,360,064
Layer: clinical_bert_model.encoder.layer.7.output.LayerNorm | Params: 1,536
Layer: clinical_bert_model.encoder.layer.8.attention.self.query | Params: 590,592
Layer: clinical_bert_model.encoder.layer.8.attention.self.key | Params: 590,592
Layer: clinical_bert_model.encoder.layer.8.attention.self.value | Params: 590,592
Layer: clinical_bert_model.encoder.layer.8.attention.output.dense | Params: 590,592
Layer: clinical_bert_model.encoder.layer.8.attention.output.LayerNorm | Params: 1,536
Layer: clinical_bert_model.encoder.layer.8.intermediate.dense | Params: 2,362,368
Layer: clinical_bert_model.encoder.layer.8.output.dense   | Params: 2,360,064
Layer: clinical_bert_model.encoder.layer.8.output.LayerNorm | Params: 1,536
Layer: clinical_bert_model.encoder.layer.9.attention.self.query | Params: 590,592
Layer: clinical_bert_model.encoder.layer.9.attention.self.key | Params: 590,592
Layer: clinical_bert_model.encoder.layer.9.attention.self.value | Params: 590,592
Layer: clinical_bert_model.encoder.layer.9.attention.output.dense | Params: 590,592
Layer: clinical_bert_model.encoder.layer.9.attention.output.LayerNorm | Params: 1,536
Layer: clinical_bert_model.encoder.layer.9.intermediate.dense | Params: 2,362,368
Layer: clinical_bert_model.encoder.layer.9.output.dense   | Params: 2,360,064
Layer: clinical_bert_model.encoder.layer.9.output.LayerNorm | Params: 1,536
Layer: clinical_bert_model.encoder.layer.10.attention.self.query | Params: 590,592
Layer: clinical_bert_model.encoder.layer.10.attention.self.key | Params: 590,592
Layer: clinical_bert_model.encoder.layer.10.attention.self.value | Params: 590,592
Layer: clinical_bert_model.encoder.layer.10.attention.output.dense | Params: 590,592
Layer: clinical_bert_model.encoder.layer.10.attention.output.LayerNorm | Params: 1,536
Layer: clinical_bert_model.encoder.layer.10.intermediate.dense | Params: 2,362,368
Layer: clinical_bert_model.encoder.layer.10.output.dense  | Params: 2,360,064
Layer: clinical_bert_model.encoder.layer.10.output.LayerNorm | Params: 1,536
Layer: clinical_bert_model.encoder.layer.11.attention.self.query | Params: 590,592
Layer: clinical_bert_model.encoder.layer.11.attention.self.key | Params: 590,592
Layer: clinical_bert_model.encoder.layer.11.attention.self.value | Params: 590,592
Layer: clinical_bert_model.encoder.layer.11.attention.output.dense | Params: 590,592
Layer: clinical_bert_model.encoder.layer.11.attention.output.LayerNorm | Params: 1,536
Layer: clinical_bert_model.encoder.layer.11.intermediate.dense | Params: 2,362,368
Layer: clinical_bert_model.encoder.layer.11.output.dense  | Params: 2,360,064
Layer: clinical_bert_model.encoder.layer.11.output.LayerNorm | Params: 1,536
Layer: clinical_bert_model.pooler.dense                   | Params: 590,592
Layer: fc_omic.0.0                                        | Params: 18,432
Layer: fc_omic.1.0                                        | Params: 65,792
Layer: text_classifier                                    | Params: 1,028
Layer: gene_classifier                                    | Params: 1,028
Layer: stage_classifier                                   | Params: 1,028
Layer: stage_classifier_text                              | Params: 3,076
Layer: lin_weight                                         | Params: 769
Layer: text_projection                                    | Params: 196,864
Layer: query_projection                                   | Params: 131,328
Layer: cross_attention                                    | Params: 197,376
Layer: cross_attention.out_proj                           | Params: 65,792
Done!
Total number of parameters: 109026200
Total number of trainable parameters: 109026200

Init optimizer ... 
Init Loaders... Done!
batch: 0, loss: 2.230
batch: 100, loss: 0.711
Epoch: 0, train_loss: 1.5784, survival_loss: 175.1677, stage_loss: 197.5485, train_c_index: 0.5418, stage_acc: 0.0000
  🔄 同时获取训练集结果...
An error occured while computing BS
An error occured while computing IBS
An error occured while computing iauc
Best Val c-index: 0.5377
batch: 0, loss: 3.005
batch: 100, loss: 0.811
Epoch: 1, train_loss: 1.5246, survival_loss: 168.4562, stage_loss: 197.0507, train_c_index: 0.4549, stage_acc: 0.0000
  🔄 同时获取训练集结果...
An error occured while computing BS
An error occured while computing IBS
An error occured while computing iauc
Best Val c-index: 0.5731
batch: 0, loss: 0.623
batch: 100, loss: 0.775
Epoch: 2, train_loss: 1.3535, survival_loss: 147.0943, stage_loss: 195.4261, train_c_index: 0.5652, stage_acc: 0.0000
Best Val c-index: 0.5731
batch: 0, loss: 1.189
batch: 100, loss: 0.399
Epoch: 3, train_loss: 1.3500, survival_loss: 145.4585, stage_loss: 205.3391, train_c_index: 0.5060, stage_acc: 0.0000
Best Val c-index: 0.5731
batch: 0, loss: 2.143
batch: 100, loss: 1.126
Epoch: 4, train_loss: 1.3060, survival_loss: 140.6937, stage_loss: 198.8198, train_c_index: 0.5089, stage_acc: 0.0000
Best Val c-index: 0.5731
batch: 0, loss: 1.689
batch: 100, loss: 0.519
Epoch: 5, train_loss: 1.3211, survival_loss: 144.3881, stage_loss: 183.9653, train_c_index: 0.4461, stage_acc: 0.0000
Best Val c-index: 0.5731
batch: 0, loss: 1.659
batch: 100, loss: 2.317
Epoch: 6, train_loss: 1.2066, survival_loss: 130.5869, stage_loss: 178.6661, train_c_index: 0.5221, stage_acc: 0.0000
Best Val c-index: 0.5731
batch: 0, loss: 0.477
batch: 100, loss: 2.941
Epoch: 7, train_loss: 1.1988, survival_loss: 129.6743, stage_loss: 178.0701, train_c_index: 0.4696, stage_acc: 0.0000
Best Val c-index: 0.5731
batch: 0, loss: 3.276
batch: 100, loss: 1.887
Epoch: 8, train_loss: 1.1812, survival_loss: 126.7396, stage_loss: 184.1383, train_c_index: 0.5270, stage_acc: 0.0000
Best Val c-index: 0.5731
batch: 0, loss: 2.192
batch: 100, loss: 1.138
Epoch: 9, train_loss: 1.2940, survival_loss: 140.8270, stage_loss: 185.1630, train_c_index: 0.5529, stage_acc: 0.0000
  🔄 同时获取训练集结果...
Best Val c-index: 0.5825
batch: 0, loss: 1.337
batch: 100, loss: 0.363
Epoch: 10, train_loss: 1.2415, survival_loss: 135.1166, stage_loss: 177.6223, train_c_index: 0.4640, stage_acc: 0.0000
Best Val c-index: 0.5825
batch: 0, loss: 0.309
batch: 100, loss: 0.513
Epoch: 11, train_loss: 1.1746, survival_loss: 126.6880, stage_loss: 177.5994, train_c_index: 0.5322, stage_acc: 0.0000
  🔄 同时获取训练集结果...
An error occured while computing BS
An error occured while computing IBS
Best Val c-index: 0.5873
batch: 0, loss: 0.356
batch: 100, loss: 0.323
Epoch: 12, train_loss: 1.0993, survival_loss: 118.3017, stage_loss: 168.4619, train_c_index: 0.4733, stage_acc: 0.0000
Best Val c-index: 0.5873
batch: 0, loss: 1.290
batch: 100, loss: 0.327
Epoch: 13, train_loss: 1.1878, survival_loss: 126.3990, stage_loss: 193.8803, train_c_index: 0.5202, stage_acc: 0.0000
Best Val c-index: 0.5873
batch: 0, loss: 0.178
batch: 100, loss: 1.345
Epoch: 14, train_loss: 1.2700, survival_loss: 140.3146, stage_loss: 164.2452, train_c_index: 0.4892, stage_acc: 0.0000
Best Val c-index: 0.5873
batch: 0, loss: 1.904
batch: 100, loss: 1.570
Epoch: 15, train_loss: 1.2296, survival_loss: 135.5221, stage_loss: 161.7130, train_c_index: 0.5999, stage_acc: 0.0000
Best Val c-index: 0.5873
batch: 0, loss: 1.175
batch: 100, loss: 0.439
Epoch: 16, train_loss: 1.1122, survival_loss: 119.9467, stage_loss: 168.2202, train_c_index: 0.5499, stage_acc: 0.0000
Best Val c-index: 0.5873
batch: 0, loss: 1.941
batch: 100, loss: 1.808
Epoch: 17, train_loss: 1.2078, survival_loss: 131.7837, stage_loss: 170.0402, train_c_index: 0.5480, stage_acc: 0.0000
Best Val c-index: 0.5873
batch: 0, loss: 1.004
batch: 100, loss: 0.981
Epoch: 18, train_loss: 1.2184, survival_loss: 133.3598, stage_loss: 167.9581, train_c_index: 0.5785, stage_acc: 0.0000
Best Val c-index: 0.5873
batch: 0, loss: 0.369
batch: 100, loss: 1.638
Epoch: 19, train_loss: 1.1867, survival_loss: 127.4598, stage_loss: 183.8717, train_c_index: 0.5011, stage_acc: 0.0000
Best Val c-index: 0.5873
🎨 Generating Kaplan-Meier plot for the full cohort...
📁 KM plot data saved to: ./results/results/hnsc_cfdemo_gene/tcga_hnsc__nll_surv_a0.5_lr5e-04_l2Weight_0.0001_5foldcv_b1_survival_months_dss_dim1_768_patches_4000_wsiDim_1_epochs_20_fusion_None_modality_snn_pathT_custom_multitask_0.12/TCGA_HNSC-Fold4_km_plot_data.csv
🖼️ KM plot image saved to: ./results/results/hnsc_cfdemo_gene/tcga_hnsc__nll_surv_a0.5_lr5e-04_l2Weight_0.0001_5foldcv_b1_survival_months_dss_dim1_768_patches_4000_wsiDim_1_epochs_20_fusion_None_modality_snn_pathT_custom_multitask_0.12/TCGA_HNSC-Fold4_km_plot.png
Saving results...
[DEBUG] Padding column val_stage_accuracy with None to match length 5

==================================================
FINAL RESULTS SUMMARY
==================================================
Fold 1: C-index = 0.6604
Fold 2: C-index = 0.6279
Fold 3: C-index = 0.6867
Fold 4: C-index = 0.6977
Fold 5: C-index = 0.5873
Mean validation C-index: 0.6520 ± 0.0404
Mean validation C-index IPCW: 0.6252 ± 0.0307
Mean validation IBS: 0.1984 ± 0.0628
Mean validation IAUC: 0.6363 ± 0.1044
Mean validation loss: 1.4300 ± 0.0640
Mean validation stage accuracy: N/A (No valid predictions)
==================================================
finished!
end script
Script Time: 562.767719 seconds

